[0.074s] DEBUG:colcon:Command line arguments: ['/usr/bin/colcon', 'build', '--packages-select', 'my_robot_bringup', 'my_robot_pkg']
[0.074s] DEBUG:colcon:Parsed command line arguments: Namespace(log_base=None, log_level=None, verb_name='build', build_base='build', install_base='install', merge_install=False, symlink_install=False, test_result_base=None, continue_on_error=False, executor='parallel', parallel_workers=12, event_handlers=None, ignore_user_meta=False, metas=['./colcon.meta'], base_paths=['.'], packages_ignore=None, packages_ignore_regex=None, paths=None, packages_up_to=None, packages_up_to_regex=None, packages_above=None, packages_above_and_dependencies=None, packages_above_depth=None, packages_select_by_dep=None, packages_skip_by_dep=None, packages_skip_up_to=None, packages_select_build_failed=False, packages_skip_build_finished=False, packages_select_test_failures=False, packages_skip_test_passed=False, packages_select=['my_robot_bringup', 'my_robot_pkg'], packages_skip=None, packages_select_regex=None, packages_skip_regex=None, packages_start=None, packages_end=None, cmake_args=None, cmake_target=None, cmake_target_skip_unavailable=False, cmake_clean_cache=False, cmake_clean_first=False, cmake_force_configure=False, ament_cmake_args=None, catkin_cmake_args=None, catkin_skip_building_tests=False, mixin_files=None, mixin=None, verb_parser=<colcon_mixin.mixin.mixin_argument.MixinArgumentDecorator object at 0x7ef90e26cd60>, verb_extension=<colcon_core.verb.build.BuildVerb object at 0x7ef90e26c7f0>, main=<bound method BuildVerb.main of <colcon_core.verb.build.BuildVerb object at 0x7ef90e26c7f0>>, mixin_verb=('build',))
[0.168s] Level 1:colcon.colcon_core.package_discovery:discover_packages(colcon_meta) check parameters
[0.168s] INFO:colcon.colcon_metadata.package_discovery.colcon_meta:Using configuration from '/root/.colcon/metadata/default/Gazebo.meta'
[0.168s] INFO:colcon.colcon_metadata.package_discovery.colcon_meta:Using configuration from '/root/.colcon/metadata/default/fastdds.meta'
[0.169s] INFO:colcon.colcon_metadata.package_discovery.colcon_meta:Using configuration from '/root/.colcon/metadata/default/fastrtps.meta'
[0.169s] Level 1:colcon.colcon_core.package_discovery:discover_packages(recursive) check parameters
[0.169s] Level 1:colcon.colcon_core.package_discovery:discover_packages(ignore) check parameters
[0.169s] Level 1:colcon.colcon_core.package_discovery:discover_packages(path) check parameters
[0.169s] Level 1:colcon.colcon_core.package_discovery:discover_packages(colcon_meta) discover
[0.169s] Level 1:colcon.colcon_core.package_discovery:discover_packages(recursive) discover
[0.169s] INFO:colcon.colcon_core.package_discovery:Crawling recursively for packages in '/root/my_robot_ws_copy'
[0.169s] Level 1:colcon.colcon_core.package_identification:_identify(.) by extensions ['ignore', 'ignore_ament_install']
[0.169s] Level 1:colcon.colcon_core.package_identification:_identify(.) by extension 'ignore'
[0.169s] Level 1:colcon.colcon_core.package_identification:_identify(.) by extension 'ignore_ament_install'
[0.169s] Level 1:colcon.colcon_core.package_identification:_identify(.) by extensions ['colcon_pkg']
[0.169s] Level 1:colcon.colcon_core.package_identification:_identify(.) by extension 'colcon_pkg'
[0.169s] Level 1:colcon.colcon_core.package_identification:_identify(.) by extensions ['colcon_meta']
[0.169s] Level 1:colcon.colcon_core.package_identification:_identify(.) by extension 'colcon_meta'
[0.169s] Level 1:colcon.colcon_core.package_identification:_identify(.) by extensions ['ros']
[0.169s] Level 1:colcon.colcon_core.package_identification:_identify(.) by extension 'ros'
[0.177s] Level 1:colcon.colcon_core.package_identification:_identify(.) by extensions ['cmake', 'python']
[0.177s] Level 1:colcon.colcon_core.package_identification:_identify(.) by extension 'cmake'
[0.177s] Level 1:colcon.colcon_core.package_identification:_identify(.) by extension 'python'
[0.177s] Level 1:colcon.colcon_core.package_identification:_identify(.) by extensions ['python_setup_py']
[0.177s] Level 1:colcon.colcon_core.package_identification:_identify(.) by extension 'python_setup_py'
[0.177s] Level 1:colcon.colcon_core.package_identification:_identify(build) by extensions ['ignore', 'ignore_ament_install']
[0.177s] Level 1:colcon.colcon_core.package_identification:_identify(build) by extension 'ignore'
[0.177s] Level 1:colcon.colcon_core.package_identification:_identify(build) ignored
[0.177s] Level 1:colcon.colcon_core.package_identification:_identify(install) by extensions ['ignore', 'ignore_ament_install']
[0.177s] Level 1:colcon.colcon_core.package_identification:_identify(install) by extension 'ignore'
[0.177s] Level 1:colcon.colcon_core.package_identification:_identify(install) ignored
[0.177s] Level 1:colcon.colcon_core.package_identification:_identify(log) by extensions ['ignore', 'ignore_ament_install']
[0.177s] Level 1:colcon.colcon_core.package_identification:_identify(log) by extension 'ignore'
[0.178s] Level 1:colcon.colcon_core.package_identification:_identify(log) ignored
[0.178s] Level 1:colcon.colcon_core.package_identification:_identify(src) by extensions ['ignore', 'ignore_ament_install']
[0.178s] Level 1:colcon.colcon_core.package_identification:_identify(src) by extension 'ignore'
[0.178s] Level 1:colcon.colcon_core.package_identification:_identify(src) by extension 'ignore_ament_install'
[0.178s] Level 1:colcon.colcon_core.package_identification:_identify(src) by extensions ['colcon_pkg']
[0.178s] Level 1:colcon.colcon_core.package_identification:_identify(src) by extension 'colcon_pkg'
[0.178s] Level 1:colcon.colcon_core.package_identification:_identify(src) by extensions ['colcon_meta']
[0.178s] Level 1:colcon.colcon_core.package_identification:_identify(src) by extension 'colcon_meta'
[0.178s] Level 1:colcon.colcon_core.package_identification:_identify(src) by extensions ['ros']
[0.178s] Level 1:colcon.colcon_core.package_identification:_identify(src) by extension 'ros'
[0.178s] Level 1:colcon.colcon_core.package_identification:_identify(src) by extensions ['cmake', 'python']
[0.178s] Level 1:colcon.colcon_core.package_identification:_identify(src) by extension 'cmake'
[0.178s] Level 1:colcon.colcon_core.package_identification:_identify(src) by extension 'python'
[0.178s] Level 1:colcon.colcon_core.package_identification:_identify(src) by extensions ['python_setup_py']
[0.178s] Level 1:colcon.colcon_core.package_identification:_identify(src) by extension 'python_setup_py'
[0.178s] Level 1:colcon.colcon_core.package_identification:_identify(src/my_robot_bringup) by extensions ['ignore', 'ignore_ament_install']
[0.178s] Level 1:colcon.colcon_core.package_identification:_identify(src/my_robot_bringup) by extension 'ignore'
[0.178s] Level 1:colcon.colcon_core.package_identification:_identify(src/my_robot_bringup) by extension 'ignore_ament_install'
[0.178s] Level 1:colcon.colcon_core.package_identification:_identify(src/my_robot_bringup) by extensions ['colcon_pkg']
[0.178s] Level 1:colcon.colcon_core.package_identification:_identify(src/my_robot_bringup) by extension 'colcon_pkg'
[0.178s] Level 1:colcon.colcon_core.package_identification:_identify(src/my_robot_bringup) by extensions ['colcon_meta']
[0.178s] Level 1:colcon.colcon_core.package_identification:_identify(src/my_robot_bringup) by extension 'colcon_meta'
[0.178s] Level 1:colcon.colcon_core.package_identification:_identify(src/my_robot_bringup) by extensions ['ros']
[0.178s] Level 1:colcon.colcon_core.package_identification:_identify(src/my_robot_bringup) by extension 'ros'
[0.180s] DEBUG:colcon.colcon_core.package_identification:Package 'src/my_robot_bringup' with type 'ros.ament_cmake' and name 'my_robot_bringup'
[0.180s] Level 1:colcon.colcon_core.package_identification:_identify(src/my_robot_pkg) by extensions ['ignore', 'ignore_ament_install']
[0.180s] Level 1:colcon.colcon_core.package_identification:_identify(src/my_robot_pkg) by extension 'ignore'
[0.180s] Level 1:colcon.colcon_core.package_identification:_identify(src/my_robot_pkg) by extension 'ignore_ament_install'
[0.180s] Level 1:colcon.colcon_core.package_identification:_identify(src/my_robot_pkg) by extensions ['colcon_pkg']
[0.180s] Level 1:colcon.colcon_core.package_identification:_identify(src/my_robot_pkg) by extension 'colcon_pkg'
[0.180s] Level 1:colcon.colcon_core.package_identification:_identify(src/my_robot_pkg) by extensions ['colcon_meta']
[0.180s] Level 1:colcon.colcon_core.package_identification:_identify(src/my_robot_pkg) by extension 'colcon_meta'
[0.180s] Level 1:colcon.colcon_core.package_identification:_identify(src/my_robot_pkg) by extensions ['ros']
[0.180s] Level 1:colcon.colcon_core.package_identification:_identify(src/my_robot_pkg) by extension 'ros'
[0.181s] DEBUG:colcon.colcon_core.package_identification:Package 'src/my_robot_pkg' with type 'ros.ament_cmake' and name 'my_robot_pkg'
[0.181s] Level 1:colcon.colcon_core.package_identification:_identify(src/teleop_twist_keyboard) by extensions ['ignore', 'ignore_ament_install']
[0.181s] Level 1:colcon.colcon_core.package_identification:_identify(src/teleop_twist_keyboard) by extension 'ignore'
[0.181s] Level 1:colcon.colcon_core.package_identification:_identify(src/teleop_twist_keyboard) by extension 'ignore_ament_install'
[0.181s] Level 1:colcon.colcon_core.package_identification:_identify(src/teleop_twist_keyboard) by extensions ['colcon_pkg']
[0.181s] Level 1:colcon.colcon_core.package_identification:_identify(src/teleop_twist_keyboard) by extension 'colcon_pkg'
[0.181s] Level 1:colcon.colcon_core.package_identification:_identify(src/teleop_twist_keyboard) by extensions ['colcon_meta']
[0.181s] Level 1:colcon.colcon_core.package_identification:_identify(src/teleop_twist_keyboard) by extension 'colcon_meta'
[0.181s] Level 1:colcon.colcon_core.package_identification:_identify(src/teleop_twist_keyboard) by extensions ['ros']
[0.181s] Level 1:colcon.colcon_core.package_identification:_identify(src/teleop_twist_keyboard) by extension 'ros'
[0.181s] DEBUG:colcon.colcon_core.package_identification:Package 'src/teleop_twist_keyboard' with type 'ros.ament_python' and name 'teleop_twist_keyboard'
[0.181s] Level 1:colcon.colcon_core.package_discovery:discover_packages(recursive) using defaults
[0.181s] Level 1:colcon.colcon_core.package_discovery:discover_packages(ignore) discover
[0.181s] Level 1:colcon.colcon_core.package_discovery:discover_packages(ignore) using defaults
[0.181s] Level 1:colcon.colcon_core.package_discovery:discover_packages(path) discover
[0.181s] Level 1:colcon.colcon_core.package_discovery:discover_packages(path) using defaults
[0.195s] INFO:colcon.colcon_core.package_selection:Skipping not selected package 'teleop_twist_keyboard' in 'src/teleop_twist_keyboard'
[0.195s] Level 5:colcon.colcon_core.verb:set package 'my_robot_pkg' build argument 'cmake_args' from command line to 'None'
[0.195s] Level 5:colcon.colcon_core.verb:set package 'my_robot_pkg' build argument 'cmake_target' from command line to 'None'
[0.195s] Level 5:colcon.colcon_core.verb:set package 'my_robot_pkg' build argument 'cmake_target_skip_unavailable' from command line to 'False'
[0.195s] Level 5:colcon.colcon_core.verb:set package 'my_robot_pkg' build argument 'cmake_clean_cache' from command line to 'False'
[0.195s] Level 5:colcon.colcon_core.verb:set package 'my_robot_pkg' build argument 'cmake_clean_first' from command line to 'False'
[0.195s] Level 5:colcon.colcon_core.verb:set package 'my_robot_pkg' build argument 'cmake_force_configure' from command line to 'False'
[0.195s] Level 5:colcon.colcon_core.verb:set package 'my_robot_pkg' build argument 'ament_cmake_args' from command line to 'None'
[0.195s] Level 5:colcon.colcon_core.verb:set package 'my_robot_pkg' build argument 'catkin_cmake_args' from command line to 'None'
[0.195s] Level 5:colcon.colcon_core.verb:set package 'my_robot_pkg' build argument 'catkin_skip_building_tests' from command line to 'False'
[0.195s] DEBUG:colcon.colcon_core.verb:Building package 'my_robot_pkg' with the following arguments: {'ament_cmake_args': None, 'build_base': '/root/my_robot_ws_copy/build/my_robot_pkg', 'catkin_cmake_args': None, 'catkin_skip_building_tests': False, 'cmake_args': None, 'cmake_clean_cache': False, 'cmake_clean_first': False, 'cmake_force_configure': False, 'cmake_target': None, 'cmake_target_skip_unavailable': False, 'install_base': '/root/my_robot_ws_copy/install/my_robot_pkg', 'merge_install': False, 'path': '/root/my_robot_ws_copy/src/my_robot_pkg', 'symlink_install': False, 'test_result_base': None}
[0.195s] Level 5:colcon.colcon_core.verb:set package 'my_robot_bringup' build argument 'cmake_args' from command line to 'None'
[0.195s] Level 5:colcon.colcon_core.verb:set package 'my_robot_bringup' build argument 'cmake_target' from command line to 'None'
[0.195s] Level 5:colcon.colcon_core.verb:set package 'my_robot_bringup' build argument 'cmake_target_skip_unavailable' from command line to 'False'
[0.195s] Level 5:colcon.colcon_core.verb:set package 'my_robot_bringup' build argument 'cmake_clean_cache' from command line to 'False'
[0.195s] Level 5:colcon.colcon_core.verb:set package 'my_robot_bringup' build argument 'cmake_clean_first' from command line to 'False'
[0.195s] Level 5:colcon.colcon_core.verb:set package 'my_robot_bringup' build argument 'cmake_force_configure' from command line to 'False'
[0.195s] Level 5:colcon.colcon_core.verb:set package 'my_robot_bringup' build argument 'ament_cmake_args' from command line to 'None'
[0.195s] Level 5:colcon.colcon_core.verb:set package 'my_robot_bringup' build argument 'catkin_cmake_args' from command line to 'None'
[0.195s] Level 5:colcon.colcon_core.verb:set package 'my_robot_bringup' build argument 'catkin_skip_building_tests' from command line to 'False'
[0.195s] DEBUG:colcon.colcon_core.verb:Building package 'my_robot_bringup' with the following arguments: {'ament_cmake_args': None, 'build_base': '/root/my_robot_ws_copy/build/my_robot_bringup', 'catkin_cmake_args': None, 'catkin_skip_building_tests': False, 'cmake_args': None, 'cmake_clean_cache': False, 'cmake_clean_first': False, 'cmake_force_configure': False, 'cmake_target': None, 'cmake_target_skip_unavailable': False, 'install_base': '/root/my_robot_ws_copy/install/my_robot_bringup', 'merge_install': False, 'path': '/root/my_robot_ws_copy/src/my_robot_bringup', 'symlink_install': False, 'test_result_base': None}
[0.195s] INFO:colcon.colcon_core.executor:Executing jobs using 'parallel' executor
[0.196s] DEBUG:colcon.colcon_parallel_executor.executor.parallel:run_until_complete
[0.197s] INFO:colcon.colcon_ros.task.ament_cmake.build:Building ROS package in '/root/my_robot_ws_copy/src/my_robot_pkg' with build type 'ament_cmake'
[0.197s] INFO:colcon.colcon_cmake.task.cmake.build:Building CMake package in '/root/my_robot_ws_copy/src/my_robot_pkg'
[0.198s] INFO:colcon.colcon_core.plugin_system:Skipping extension 'colcon_core.shell.bat': Not used on non-Windows systems
[0.198s] INFO:colcon.colcon_core.shell:Skip shell extension 'powershell' for command environment: Not usable outside of PowerShell
[0.198s] DEBUG:colcon.colcon_core.shell:Skip shell extension 'dsv' for command environment
[0.208s] DEBUG:colcon.colcon_core.event_handler.log_command:Invoking command in '/root/my_robot_ws_copy/build/my_robot_pkg': CMAKE_PREFIX_PATH=${CMAKE_PREFIX_PATH}:/root/my_robot_ws_copy/install/teleop_twist_keyboard:/root/my_robot_ws/install/my_robot_pkg:/opt/ros/humble /usr/bin/cmake --build /root/my_robot_ws_copy/build/my_robot_pkg -- -j12 -l12
[0.253s] DEBUG:colcon.colcon_core.event_handler.log_command:Invoked command in '/root/my_robot_ws_copy/build/my_robot_pkg' returned '0': CMAKE_PREFIX_PATH=${CMAKE_PREFIX_PATH}:/root/my_robot_ws_copy/install/teleop_twist_keyboard:/root/my_robot_ws/install/my_robot_pkg:/opt/ros/humble /usr/bin/cmake --build /root/my_robot_ws_copy/build/my_robot_pkg -- -j12 -l12
[0.264s] DEBUG:colcon.colcon_core.event_handler.log_command:Invoking command in '/root/my_robot_ws_copy/build/my_robot_pkg': CMAKE_PREFIX_PATH=${CMAKE_PREFIX_PATH}:/root/my_robot_ws_copy/install/teleop_twist_keyboard:/root/my_robot_ws/install/my_robot_pkg:/opt/ros/humble /usr/bin/cmake --install /root/my_robot_ws_copy/build/my_robot_pkg
[0.292s] Level 1:colcon.colcon_core.environment:create_environment_scripts_only(my_robot_pkg)
[0.292s] DEBUG:colcon.colcon_core.event_handler.log_command:Invoked command in '/root/my_robot_ws_copy/build/my_robot_pkg' returned '0': CMAKE_PREFIX_PATH=${CMAKE_PREFIX_PATH}:/root/my_robot_ws_copy/install/teleop_twist_keyboard:/root/my_robot_ws/install/my_robot_pkg:/opt/ros/humble /usr/bin/cmake --install /root/my_robot_ws_copy/build/my_robot_pkg
[0.295s] Level 1:colcon.colcon_core.environment:checking '/root/my_robot_ws_copy/install/my_robot_pkg' for CMake module files
[0.296s] Level 1:colcon.colcon_core.environment:checking '/root/my_robot_ws_copy/install/my_robot_pkg' for CMake config files
[0.297s] Level 1:colcon.colcon_core.shell:create_environment_hook('my_robot_pkg', 'cmake_prefix_path')
[0.297s] INFO:colcon.colcon_core.shell:Creating environment hook '/root/my_robot_ws_copy/install/my_robot_pkg/share/my_robot_pkg/hook/cmake_prefix_path.ps1'
[0.298s] INFO:colcon.colcon_core.shell:Creating environment descriptor '/root/my_robot_ws_copy/install/my_robot_pkg/share/my_robot_pkg/hook/cmake_prefix_path.dsv'
[0.298s] INFO:colcon.colcon_core.shell:Creating environment hook '/root/my_robot_ws_copy/install/my_robot_pkg/share/my_robot_pkg/hook/cmake_prefix_path.sh'
[0.299s] Level 1:colcon.colcon_core.environment:checking '/root/my_robot_ws_copy/install/my_robot_pkg/bin'
[0.300s] Level 1:colcon.colcon_core.environment:checking '/root/my_robot_ws_copy/install/my_robot_pkg/lib/pkgconfig/my_robot_pkg.pc'
[0.316s] Level 1:colcon.colcon_core.environment:checking '/root/my_robot_ws_copy/install/my_robot_pkg/lib/python3.10/site-packages'
[0.316s] Level 1:colcon.colcon_core.environment:checking '/root/my_robot_ws_copy/install/my_robot_pkg/bin'
[0.316s] INFO:colcon.colcon_core.shell:Creating package script '/root/my_robot_ws_copy/install/my_robot_pkg/share/my_robot_pkg/package.ps1'
[0.317s] INFO:colcon.colcon_core.shell:Creating package descriptor '/root/my_robot_ws_copy/install/my_robot_pkg/share/my_robot_pkg/package.dsv'
[0.318s] INFO:colcon.colcon_core.shell:Creating package script '/root/my_robot_ws_copy/install/my_robot_pkg/share/my_robot_pkg/package.sh'
[0.318s] INFO:colcon.colcon_core.shell:Creating package script '/root/my_robot_ws_copy/install/my_robot_pkg/share/my_robot_pkg/package.bash'
[0.319s] INFO:colcon.colcon_core.shell:Creating package script '/root/my_robot_ws_copy/install/my_robot_pkg/share/my_robot_pkg/package.zsh'
[0.319s] Level 1:colcon.colcon_core.environment:create_file_with_runtime_dependencies(/root/my_robot_ws_copy/install/my_robot_pkg/share/colcon-core/packages/my_robot_pkg)
[0.320s] Level 1:colcon.colcon_core.environment:create_environment_scripts_only(my_robot_pkg)
[0.320s] Level 1:colcon.colcon_core.environment:checking '/root/my_robot_ws_copy/install/my_robot_pkg' for CMake module files
[0.320s] Level 1:colcon.colcon_core.environment:checking '/root/my_robot_ws_copy/install/my_robot_pkg' for CMake config files
[0.320s] Level 1:colcon.colcon_core.shell:create_environment_hook('my_robot_pkg', 'cmake_prefix_path')
[0.320s] INFO:colcon.colcon_core.shell:Creating environment hook '/root/my_robot_ws_copy/install/my_robot_pkg/share/my_robot_pkg/hook/cmake_prefix_path.ps1'
[0.321s] INFO:colcon.colcon_core.shell:Creating environment descriptor '/root/my_robot_ws_copy/install/my_robot_pkg/share/my_robot_pkg/hook/cmake_prefix_path.dsv'
[0.321s] INFO:colcon.colcon_core.shell:Creating environment hook '/root/my_robot_ws_copy/install/my_robot_pkg/share/my_robot_pkg/hook/cmake_prefix_path.sh'
[0.321s] Level 1:colcon.colcon_core.environment:checking '/root/my_robot_ws_copy/install/my_robot_pkg/bin'
[0.321s] Level 1:colcon.colcon_core.environment:checking '/root/my_robot_ws_copy/install/my_robot_pkg/lib/pkgconfig/my_robot_pkg.pc'
[0.321s] Level 1:colcon.colcon_core.environment:checking '/root/my_robot_ws_copy/install/my_robot_pkg/lib/python3.10/site-packages'
[0.322s] Level 1:colcon.colcon_core.environment:checking '/root/my_robot_ws_copy/install/my_robot_pkg/bin'
[0.322s] INFO:colcon.colcon_core.shell:Creating package script '/root/my_robot_ws_copy/install/my_robot_pkg/share/my_robot_pkg/package.ps1'
[0.322s] INFO:colcon.colcon_core.shell:Creating package descriptor '/root/my_robot_ws_copy/install/my_robot_pkg/share/my_robot_pkg/package.dsv'
[0.322s] INFO:colcon.colcon_core.shell:Creating package script '/root/my_robot_ws_copy/install/my_robot_pkg/share/my_robot_pkg/package.sh'
[0.323s] INFO:colcon.colcon_core.shell:Creating package script '/root/my_robot_ws_copy/install/my_robot_pkg/share/my_robot_pkg/package.bash'
[0.323s] INFO:colcon.colcon_core.shell:Creating package script '/root/my_robot_ws_copy/install/my_robot_pkg/share/my_robot_pkg/package.zsh'
[0.323s] Level 1:colcon.colcon_core.environment:create_file_with_runtime_dependencies(/root/my_robot_ws_copy/install/my_robot_pkg/share/colcon-core/packages/my_robot_pkg)
[0.323s] INFO:colcon.colcon_ros.task.ament_cmake.build:Building ROS package in '/root/my_robot_ws_copy/src/my_robot_bringup' with build type 'ament_cmake'
[0.323s] INFO:colcon.colcon_cmake.task.cmake.build:Building CMake package in '/root/my_robot_ws_copy/src/my_robot_bringup'
[0.324s] INFO:colcon.colcon_core.shell:Skip shell extension 'powershell' for command environment: Not usable outside of PowerShell
[0.324s] DEBUG:colcon.colcon_core.shell:Skip shell extension 'dsv' for command environment
[0.332s] DEBUG:colcon.colcon_core.event_handler.log_command:Invoking command in '/root/my_robot_ws_copy/build/my_robot_bringup': CMAKE_PREFIX_PATH=/root/my_robot_ws_copy/install/my_robot_pkg:/root/my_robot_ws/install/my_robot_bringup:/root/my_robot_ws_copy/install/my_robot_bringup:/root/mobile_robot_ws/src/install/mobile_robot_description:/root/abood_ws/install/my_custom_interfaces:/root/mobile_robot_ws/install/mobile_robot_description:/root/my_robot_ws_copy/install/teleop_twist_keyboard:/root/my_robot_ws/install/my_robot_pkg:/opt/ros/humble /usr/bin/cmake --build /root/my_robot_ws_copy/build/my_robot_bringup -- -j12 -l12
[0.377s] DEBUG:colcon.colcon_core.event_handler.log_command:Invoked command in '/root/my_robot_ws_copy/build/my_robot_bringup' returned '0': CMAKE_PREFIX_PATH=/root/my_robot_ws_copy/install/my_robot_pkg:/root/my_robot_ws/install/my_robot_bringup:/root/my_robot_ws_copy/install/my_robot_bringup:/root/mobile_robot_ws/src/install/mobile_robot_description:/root/abood_ws/install/my_custom_interfaces:/root/mobile_robot_ws/install/mobile_robot_description:/root/my_robot_ws_copy/install/teleop_twist_keyboard:/root/my_robot_ws/install/my_robot_pkg:/opt/ros/humble /usr/bin/cmake --build /root/my_robot_ws_copy/build/my_robot_bringup -- -j12 -l12
[0.379s] DEBUG:colcon.colcon_core.event_handler.log_command:Invoking command in '/root/my_robot_ws_copy/build/my_robot_bringup': CMAKE_PREFIX_PATH=/root/my_robot_ws_copy/install/my_robot_pkg:/root/my_robot_ws/install/my_robot_bringup:/root/my_robot_ws_copy/install/my_robot_bringup:/root/mobile_robot_ws/src/install/mobile_robot_description:/root/abood_ws/install/my_custom_interfaces:/root/mobile_robot_ws/install/mobile_robot_description:/root/my_robot_ws_copy/install/teleop_twist_keyboard:/root/my_robot_ws/install/my_robot_pkg:/opt/ros/humble /usr/bin/cmake --install /root/my_robot_ws_copy/build/my_robot_bringup
[0.403s] Level 1:colcon.colcon_core.environment:create_environment_scripts_only(my_robot_bringup)
[0.404s] Level 1:colcon.colcon_core.environment:checking '/root/my_robot_ws_copy/install/my_robot_bringup' for CMake module files
[0.405s] DEBUG:colcon.colcon_core.event_handler.log_command:Invoked command in '/root/my_robot_ws_copy/build/my_robot_bringup' returned '0': CMAKE_PREFIX_PATH=/root/my_robot_ws_copy/install/my_robot_pkg:/root/my_robot_ws/install/my_robot_bringup:/root/my_robot_ws_copy/install/my_robot_bringup:/root/mobile_robot_ws/src/install/mobile_robot_description:/root/abood_ws/install/my_custom_interfaces:/root/mobile_robot_ws/install/mobile_robot_description:/root/my_robot_ws_copy/install/teleop_twist_keyboard:/root/my_robot_ws/install/my_robot_pkg:/opt/ros/humble /usr/bin/cmake --install /root/my_robot_ws_copy/build/my_robot_bringup
[0.406s] Level 1:colcon.colcon_core.environment:checking '/root/my_robot_ws_copy/install/my_robot_bringup' for CMake config files
[0.406s] Level 1:colcon.colcon_core.shell:create_environment_hook('my_robot_bringup', 'cmake_prefix_path')
[0.407s] INFO:colcon.colcon_core.shell:Creating environment hook '/root/my_robot_ws_copy/install/my_robot_bringup/share/my_robot_bringup/hook/cmake_prefix_path.ps1'
[0.407s] INFO:colcon.colcon_core.shell:Creating environment descriptor '/root/my_robot_ws_copy/install/my_robot_bringup/share/my_robot_bringup/hook/cmake_prefix_path.dsv'
[0.408s] INFO:colcon.colcon_core.shell:Creating environment hook '/root/my_robot_ws_copy/install/my_robot_bringup/share/my_robot_bringup/hook/cmake_prefix_path.sh'
[0.408s] Level 1:colcon.colcon_core.environment:checking '/root/my_robot_ws_copy/install/my_robot_bringup/lib'
[0.408s] Level 1:colcon.colcon_core.environment:checking '/root/my_robot_ws_copy/install/my_robot_bringup/bin'
[0.408s] Level 1:colcon.colcon_core.environment:checking '/root/my_robot_ws_copy/install/my_robot_bringup/lib/pkgconfig/my_robot_bringup.pc'
[0.409s] Level 1:colcon.colcon_core.environment:checking '/root/my_robot_ws_copy/install/my_robot_bringup/lib/python3.10/site-packages'
[0.409s] Level 1:colcon.colcon_core.environment:checking '/root/my_robot_ws_copy/install/my_robot_bringup/bin'
[0.409s] INFO:colcon.colcon_core.shell:Creating package script '/root/my_robot_ws_copy/install/my_robot_bringup/share/my_robot_bringup/package.ps1'
[0.409s] INFO:colcon.colcon_core.shell:Creating package descriptor '/root/my_robot_ws_copy/install/my_robot_bringup/share/my_robot_bringup/package.dsv'
[0.410s] INFO:colcon.colcon_core.shell:Creating package script '/root/my_robot_ws_copy/install/my_robot_bringup/share/my_robot_bringup/package.sh'
[0.410s] INFO:colcon.colcon_core.shell:Creating package script '/root/my_robot_ws_copy/install/my_robot_bringup/share/my_robot_bringup/package.bash'
[0.411s] INFO:colcon.colcon_core.shell:Creating package script '/root/my_robot_ws_copy/install/my_robot_bringup/share/my_robot_bringup/package.zsh'
[0.411s] Level 1:colcon.colcon_core.environment:create_file_with_runtime_dependencies(/root/my_robot_ws_copy/install/my_robot_bringup/share/colcon-core/packages/my_robot_bringup)
[0.411s] Level 1:colcon.colcon_core.environment:create_environment_scripts_only(my_robot_bringup)
[0.412s] Level 1:colcon.colcon_core.environment:checking '/root/my_robot_ws_copy/install/my_robot_bringup' for CMake module files
[0.412s] Level 1:colcon.colcon_core.environment:checking '/root/my_robot_ws_copy/install/my_robot_bringup' for CMake config files
[0.412s] Level 1:colcon.colcon_core.shell:create_environment_hook('my_robot_bringup', 'cmake_prefix_path')
[0.413s] INFO:colcon.colcon_core.shell:Creating environment hook '/root/my_robot_ws_copy/install/my_robot_bringup/share/my_robot_bringup/hook/cmake_prefix_path.ps1'
[0.413s] INFO:colcon.colcon_core.shell:Creating environment descriptor '/root/my_robot_ws_copy/install/my_robot_bringup/share/my_robot_bringup/hook/cmake_prefix_path.dsv'
[0.414s] INFO:colcon.colcon_core.shell:Creating environment hook '/root/my_robot_ws_copy/install/my_robot_bringup/share/my_robot_bringup/hook/cmake_prefix_path.sh'
[0.414s] Level 1:colcon.colcon_core.environment:checking '/root/my_robot_ws_copy/install/my_robot_bringup/lib'
[0.414s] Level 1:colcon.colcon_core.environment:checking '/root/my_robot_ws_copy/install/my_robot_bringup/bin'
[0.414s] Level 1:colcon.colcon_core.environment:checking '/root/my_robot_ws_copy/install/my_robot_bringup/lib/pkgconfig/my_robot_bringup.pc'
[0.415s] Level 1:colcon.colcon_core.environment:checking '/root/my_robot_ws_copy/install/my_robot_bringup/lib/python3.10/site-packages'
[0.415s] Level 1:colcon.colcon_core.environment:checking '/root/my_robot_ws_copy/install/my_robot_bringup/bin'
[0.415s] INFO:colcon.colcon_core.shell:Creating package script '/root/my_robot_ws_copy/install/my_robot_bringup/share/my_robot_bringup/package.ps1'
[0.416s] INFO:colcon.colcon_core.shell:Creating package descriptor '/root/my_robot_ws_copy/install/my_robot_bringup/share/my_robot_bringup/package.dsv'
[0.416s] INFO:colcon.colcon_core.shell:Creating package script '/root/my_robot_ws_copy/install/my_robot_bringup/share/my_robot_bringup/package.sh'
[0.417s] INFO:colcon.colcon_core.shell:Creating package script '/root/my_robot_ws_copy/install/my_robot_bringup/share/my_robot_bringup/package.bash'
[0.417s] INFO:colcon.colcon_core.shell:Creating package script '/root/my_robot_ws_copy/install/my_robot_bringup/share/my_robot_bringup/package.zsh'
[0.418s] Level 1:colcon.colcon_core.environment:create_file_with_runtime_dependencies(/root/my_robot_ws_copy/install/my_robot_bringup/share/colcon-core/packages/my_robot_bringup)
[0.418s] DEBUG:colcon.colcon_parallel_executor.executor.parallel:closing loop
[0.418s] DEBUG:colcon.colcon_parallel_executor.executor.parallel:loop closed
[0.418s] DEBUG:colcon.colcon_parallel_executor.executor.parallel:run_until_complete finished with '0'
[0.418s] DEBUG:colcon.colcon_core.event_reactor:joining thread
[0.427s] INFO:colcon.colcon_core.plugin_system:Skipping extension 'colcon_notification.desktop_notification.notify_send': Could not find 'notify-send'
[0.428s] INFO:colcon.colcon_core.plugin_system:Skipping extension 'colcon_notification.desktop_notification.terminal_notifier': Not used on non-Darwin systems
[0.428s] INFO:colcon.colcon_core.plugin_system:Skipping extension 'colcon_notification.desktop_notification.win32': Not used on non-Windows systems
[0.428s] INFO:colcon.colcon_notification.desktop_notification:Sending desktop notification using 'notify2'
[0.430s] DEBUG:colcon.colcon_notification.desktop_notification.notify2:Failed to initialize notify2: org.freedesktop.DBus.Error.Spawn.ExecFailed: /usr/bin/dbus-launch terminated abnormally without any error message
[0.431s] DEBUG:colcon.colcon_core.event_reactor:joined thread
[0.431s] INFO:colcon.colcon_core.shell:Creating prefix script '/root/my_robot_ws_copy/install/local_setup.ps1'
[0.432s] INFO:colcon.colcon_core.shell:Creating prefix util module '/root/my_robot_ws_copy/install/_local_setup_util_ps1.py'
[0.435s] INFO:colcon.colcon_core.shell:Creating prefix chain script '/root/my_robot_ws_copy/install/setup.ps1'
[0.437s] INFO:colcon.colcon_core.shell:Creating prefix script '/root/my_robot_ws_copy/install/local_setup.sh'
[0.438s] INFO:colcon.colcon_core.shell:Creating prefix util module '/root/my_robot_ws_copy/install/_local_setup_util_sh.py'
[0.439s] INFO:colcon.colcon_core.shell:Creating prefix chain script '/root/my_robot_ws_copy/install/setup.sh'
[0.442s] INFO:colcon.colcon_core.shell:Creating prefix script '/root/my_robot_ws_copy/install/local_setup.bash'
[0.442s] INFO:colcon.colcon_core.shell:Creating prefix chain script '/root/my_robot_ws_copy/install/setup.bash'
[0.445s] INFO:colcon.colcon_core.shell:Creating prefix script '/root/my_robot_ws_copy/install/local_setup.zsh'
[0.446s] INFO:colcon.colcon_core.shell:Creating prefix chain script '/root/my_robot_ws_copy/install/setup.zsh'
