[0.501s] Invoking command in '/root/my_robot_ws_copy/build/teleop_twist_keyboard': PYTHONPATH=/root/my_robot_ws_copy/build/teleop_twist_keyboard/prefix_override:/usr/lib/python3/dist-packages/colcon_core/task/python/colcon_distutils_commands:/root/my_robot_ws_copy/install/teleop_twist_keyboard/lib/python3.10/site-packages:${PYTHONPATH} /usr/bin/python3 -W ignore:setup.py install is deprecated -W ignore:easy_install command is deprecated setup.py develop --uninstall --editable --build-directory /root/my_robot_ws_copy/build/teleop_twist_keyboard/build
[0.695s] running develop
[0.810s] Removing /root/my_robot_ws_copy/install/teleop_twist_keyboard/lib/python3.10/site-packages/teleop-twist-keyboard.egg-link (link to .)
[0.842s] Invoked command in '/root/my_robot_ws_copy/build/teleop_twist_keyboard' returned '0': PYTHONPATH=/root/my_robot_ws_copy/build/teleop_twist_keyboard/prefix_override:/usr/lib/python3/dist-packages/colcon_core/task/python/colcon_distutils_commands:/root/my_robot_ws_copy/install/teleop_twist_keyboard/lib/python3.10/site-packages:${PYTHONPATH} /usr/bin/python3 -W ignore:setup.py install is deprecated -W ignore:easy_install command is deprecated setup.py develop --uninstall --editable --build-directory /root/my_robot_ws_copy/build/teleop_twist_keyboard/build
[0.843s] Invoking command in '/root/my_robot_ws_copy/src/teleop_twist_keyboard': PYTHONPATH=/root/my_robot_ws_copy/build/teleop_twist_keyboard/prefix_override:/usr/lib/python3/dist-packages/colcon_core/task/python/colcon_distutils_commands:/root/my_robot_ws_copy/install/teleop_twist_keyboard/lib/python3.10/site-packages:${PYTHONPATH} /usr/bin/python3 -W ignore:setup.py install is deprecated -W ignore:easy_install command is deprecated setup.py egg_info --egg-base ../../build/teleop_twist_keyboard build --build-base /root/my_robot_ws_copy/build/teleop_twist_keyboard/build install --record /root/my_robot_ws_copy/build/teleop_twist_keyboard/install.log --single-version-externally-managed install_data --force
[0.997s] running egg_info
[0.997s] writing ../../build/teleop_twist_keyboard/teleop_twist_keyboard.egg-info/PKG-INFO
[0.997s] writing dependency_links to ../../build/teleop_twist_keyboard/teleop_twist_keyboard.egg-info/dependency_links.txt
[0.997s] writing entry points to ../../build/teleop_twist_keyboard/teleop_twist_keyboard.egg-info/entry_points.txt
[0.997s] writing requirements to ../../build/teleop_twist_keyboard/teleop_twist_keyboard.egg-info/requires.txt
[0.997s] writing top-level names to ../../build/teleop_twist_keyboard/teleop_twist_keyboard.egg-info/top_level.txt
[0.999s] reading manifest file '../../build/teleop_twist_keyboard/teleop_twist_keyboard.egg-info/SOURCES.txt'
[0.999s] adding license file 'LICENSE'
[1.000s] writing manifest file '../../build/teleop_twist_keyboard/teleop_twist_keyboard.egg-info/SOURCES.txt'
[1.000s] running build
[1.000s] running build_py
[1.000s] running install
[1.000s] running install_lib
[1.001s] copying /root/my_robot_ws_copy/build/teleop_twist_keyboard/build/lib/teleop_twist_keyboard.py -> /root/my_robot_ws_copy/install/teleop_twist_keyboard/lib/python3.10/site-packages
[1.002s] byte-compiling /root/my_robot_ws_copy/install/teleop_twist_keyboard/lib/python3.10/site-packages/teleop_twist_keyboard.py to teleop_twist_keyboard.cpython-310.pyc
[1.003s] running install_data
[1.003s] copying resource/teleop_twist_keyboard -> /root/my_robot_ws_copy/install/teleop_twist_keyboard/share/ament_index/resource_index/packages
[1.003s] copying package.xml -> /root/my_robot_ws_copy/install/teleop_twist_keyboard/share/teleop_twist_keyboard
[1.003s] running install_egg_info
[1.005s] Copying ../../build/teleop_twist_keyboard/teleop_twist_keyboard.egg-info to /root/my_robot_ws_copy/install/teleop_twist_keyboard/lib/python3.10/site-packages/teleop_twist_keyboard-2.4.0-py3.10.egg-info
[1.005s] running install_scripts
[1.022s] Installing teleop_twist_keyboard script to /root/my_robot_ws_copy/install/teleop_twist_keyboard/lib/teleop_twist_keyboard
[1.022s] writing list of installed files to '/root/my_robot_ws_copy/build/teleop_twist_keyboard/install.log'
[1.042s] Invoked command in '/root/my_robot_ws_copy/src/teleop_twist_keyboard' returned '0': PYTHONPATH=/root/my_robot_ws_copy/build/teleop_twist_keyboard/prefix_override:/usr/lib/python3/dist-packages/colcon_core/task/python/colcon_distutils_commands:/root/my_robot_ws_copy/install/teleop_twist_keyboard/lib/python3.10/site-packages:${PYTHONPATH} /usr/bin/python3 -W ignore:setup.py install is deprecated -W ignore:easy_install command is deprecated setup.py egg_info --egg-base ../../build/teleop_twist_keyboard build --build-base /root/my_robot_ws_copy/build/teleop_twist_keyboard/build install --record /root/my_robot_ws_copy/build/teleop_twist_keyboard/install.log --single-version-externally-managed install_data --force
