[0.013s] Invoking command in '/root/my_robot_ws_copy/build/my_robot_bringup': CMAKE_PREFIX_PATH=/root/my_robot_ws_copy/install/my_robot_pkg:/root/my_robot_ws/install/my_robot_bringup:/root/my_robot_ws_copy/install/my_robot_bringup:/root/mobile_robot_ws/src/install/mobile_robot_description:/root/abood_ws/install/my_custom_interfaces:/root/mobile_robot_ws/install/mobile_robot_description:/root/my_robot_ws_copy/install/teleop_twist_keyboard:/root/my_robot_ws/install/my_robot_pkg:/opt/ros/humble /usr/bin/cmake /root/my_robot_ws_copy/src/my_robot_bringup -DCMAKE_INSTALL_PREFIX=/root/my_robot_ws_copy/install/my_robot_bringup
[0.025s] -- Found ament_cmake: 1.3.11 (/opt/ros/humble/share/ament_cmake/cmake)
[0.189s] -- Override CMake install command with custom implementation using symlinks instead of copying resources
[0.201s] -- Found ament_lint_auto: 0.12.12 (/opt/ros/humble/share/ament_lint_auto/cmake)
[0.288s] -- Added test 'flake8' to check Python code syntax and style conventions
[0.289s] -- Added test 'lint_cmake' to check CMake code style
[0.289s] -- Added test 'pep257' to check Python code against some of the docstring style conventions in PEP 257
[0.290s] -- Added test 'xmllint' to check XML markup files
[0.290s] -- Configuring done
[0.292s] -- Generating done
[0.293s] -- Build files have been written to: /root/my_robot_ws_copy/build/my_robot_bringup
[0.297s] Invoked command in '/root/my_robot_ws_copy/build/my_robot_bringup' returned '0': CMAKE_PREFIX_PATH=/root/my_robot_ws_copy/install/my_robot_pkg:/root/my_robot_ws/install/my_robot_bringup:/root/my_robot_ws_copy/install/my_robot_bringup:/root/mobile_robot_ws/src/install/mobile_robot_description:/root/abood_ws/install/my_custom_interfaces:/root/mobile_robot_ws/install/mobile_robot_description:/root/my_robot_ws_copy/install/teleop_twist_keyboard:/root/my_robot_ws/install/my_robot_pkg:/opt/ros/humble /usr/bin/cmake /root/my_robot_ws_copy/src/my_robot_bringup -DCMAKE_INSTALL_PREFIX=/root/my_robot_ws_copy/install/my_robot_bringup
[0.298s] Invoking command in '/root/my_robot_ws_copy/build/my_robot_bringup': CMAKE_PREFIX_PATH=/root/my_robot_ws_copy/install/my_robot_pkg:/root/my_robot_ws/install/my_robot_bringup:/root/my_robot_ws_copy/install/my_robot_bringup:/root/mobile_robot_ws/src/install/mobile_robot_description:/root/abood_ws/install/my_custom_interfaces:/root/mobile_robot_ws/install/mobile_robot_description:/root/my_robot_ws_copy/install/teleop_twist_keyboard:/root/my_robot_ws/install/my_robot_pkg:/opt/ros/humble /usr/bin/cmake --build /root/my_robot_ws_copy/build/my_robot_bringup -- -j12 -l12
[0.339s] Invoked command in '/root/my_robot_ws_copy/build/my_robot_bringup' returned '0': CMAKE_PREFIX_PATH=/root/my_robot_ws_copy/install/my_robot_pkg:/root/my_robot_ws/install/my_robot_bringup:/root/my_robot_ws_copy/install/my_robot_bringup:/root/mobile_robot_ws/src/install/mobile_robot_description:/root/abood_ws/install/my_custom_interfaces:/root/mobile_robot_ws/install/mobile_robot_description:/root/my_robot_ws_copy/install/teleop_twist_keyboard:/root/my_robot_ws/install/my_robot_pkg:/opt/ros/humble /usr/bin/cmake --build /root/my_robot_ws_copy/build/my_robot_bringup -- -j12 -l12
[0.341s] Invoking command in '/root/my_robot_ws_copy/build/my_robot_bringup': CMAKE_PREFIX_PATH=/root/my_robot_ws_copy/install/my_robot_pkg:/root/my_robot_ws/install/my_robot_bringup:/root/my_robot_ws_copy/install/my_robot_bringup:/root/mobile_robot_ws/src/install/mobile_robot_description:/root/abood_ws/install/my_custom_interfaces:/root/mobile_robot_ws/install/mobile_robot_description:/root/my_robot_ws_copy/install/teleop_twist_keyboard:/root/my_robot_ws/install/my_robot_pkg:/opt/ros/humble /usr/bin/cmake --install /root/my_robot_ws_copy/build/my_robot_bringup
[0.350s] -- Install configuration: ""
[0.350s] -- Execute custom install script
[0.351s] -- Up-to-date symlink: /root/my_robot_ws_copy/install/my_robot_bringup/share/my_robot_bringup/launch/my_robot.launch.xml
[0.351s] -- Up-to-date symlink: /root/my_robot_ws_copy/install/my_robot_bringup/share/my_robot_bringup/config/gazebo_bridge.yaml
[0.351s] -- Up-to-date symlink: /root/my_robot_ws_copy/install/my_robot_bringup/share/my_robot_bringup/config/my_robot_controllers.yaml
[0.351s] -- Up-to-date symlink: /root/my_robot_ws_copy/install/my_robot_bringup/lib/my_robot_bringup/cmd_vel_publisher.py
[0.352s] -- Up-to-date symlink: /root/my_robot_ws_copy/install/my_robot_bringup/share/ament_index/resource_index/package_run_dependencies/my_robot_bringup
[0.352s] -- Up-to-date symlink: /root/my_robot_ws_copy/install/my_robot_bringup/share/ament_index/resource_index/parent_prefix_path/my_robot_bringup
[0.352s] -- Up-to-date symlink: /root/my_robot_ws_copy/install/my_robot_bringup/share/my_robot_bringup/environment/ament_prefix_path.sh
[0.352s] -- Up-to-date symlink: /root/my_robot_ws_copy/install/my_robot_bringup/share/my_robot_bringup/environment/ament_prefix_path.dsv
[0.352s] -- Up-to-date symlink: /root/my_robot_ws_copy/install/my_robot_bringup/share/my_robot_bringup/environment/path.sh
[0.352s] -- Up-to-date symlink: /root/my_robot_ws_copy/install/my_robot_bringup/share/my_robot_bringup/environment/path.dsv
[0.352s] -- Up-to-date symlink: /root/my_robot_ws_copy/install/my_robot_bringup/share/my_robot_bringup/local_setup.bash
[0.352s] -- Up-to-date symlink: /root/my_robot_ws_copy/install/my_robot_bringup/share/my_robot_bringup/local_setup.sh
[0.352s] -- Up-to-date symlink: /root/my_robot_ws_copy/install/my_robot_bringup/share/my_robot_bringup/local_setup.zsh
[0.353s] -- Up-to-date symlink: /root/my_robot_ws_copy/install/my_robot_bringup/share/my_robot_bringup/local_setup.dsv
[0.353s] -- Symlinking: /root/my_robot_ws_copy/install/my_robot_bringup/share/my_robot_bringup/package.dsv
[0.366s] -- Up-to-date symlink: /root/my_robot_ws_copy/install/my_robot_bringup/share/ament_index/resource_index/packages/my_robot_bringup
[0.366s] -- Up-to-date symlink: /root/my_robot_ws_copy/install/my_robot_bringup/share/my_robot_bringup/cmake/my_robot_bringupConfig.cmake
[0.367s] -- Up-to-date symlink: /root/my_robot_ws_copy/install/my_robot_bringup/share/my_robot_bringup/cmake/my_robot_bringupConfig-version.cmake
[0.367s] -- Up-to-date symlink: /root/my_robot_ws_copy/install/my_robot_bringup/share/my_robot_bringup/package.xml
[0.370s] Invoked command in '/root/my_robot_ws_copy/build/my_robot_bringup' returned '0': CMAKE_PREFIX_PATH=/root/my_robot_ws_copy/install/my_robot_pkg:/root/my_robot_ws/install/my_robot_bringup:/root/my_robot_ws_copy/install/my_robot_bringup:/root/mobile_robot_ws/src/install/mobile_robot_description:/root/abood_ws/install/my_custom_interfaces:/root/mobile_robot_ws/install/mobile_robot_description:/root/my_robot_ws_copy/install/teleop_twist_keyboard:/root/my_robot_ws/install/my_robot_pkg:/opt/ros/humble /usr/bin/cmake --install /root/my_robot_ws_copy/build/my_robot_bringup
