[0.079s] DEBUG:colcon:Command line arguments: ['/usr/bin/colcon', 'build', '--symlink-install']
[0.079s] DEBUG:colcon:Parsed command line arguments: Namespace(log_base=None, log_level=None, verb_name='build', build_base='build', install_base='install', merge_install=False, symlink_install=True, test_result_base=None, continue_on_error=False, executor='parallel', parallel_workers=12, event_handlers=None, ignore_user_meta=False, metas=['./colcon.meta'], base_paths=['.'], packages_ignore=None, packages_ignore_regex=None, paths=None, packages_up_to=None, packages_up_to_regex=None, packages_above=None, packages_above_and_dependencies=None, packages_above_depth=None, packages_select_by_dep=None, packages_skip_by_dep=None, packages_skip_up_to=None, packages_select_build_failed=False, packages_skip_build_finished=False, packages_select_test_failures=False, packages_skip_test_passed=False, packages_select=None, packages_skip=None, packages_select_regex=None, packages_skip_regex=None, packages_start=None, packages_end=None, cmake_args=None, cmake_target=None, cmake_target_skip_unavailable=False, cmake_clean_cache=False, cmake_clean_first=False, cmake_force_configure=False, ament_cmake_args=None, catkin_cmake_args=None, catkin_skip_building_tests=False, mixin_files=None, mixin=None, verb_parser=<colcon_mixin.mixin.mixin_argument.MixinArgumentDecorator object at 0x7a340da101c0>, verb_extension=<colcon_core.verb.build.BuildVerb object at 0x7a340d9dbc10>, main=<bound method BuildVerb.main of <colcon_core.verb.build.BuildVerb object at 0x7a340d9dbc10>>, mixin_verb=('build',))
[0.172s] Level 1:colcon.colcon_core.package_discovery:discover_packages(colcon_meta) check parameters
[0.173s] INFO:colcon.colcon_metadata.package_discovery.colcon_meta:Using configuration from '/root/.colcon/metadata/default/Gazebo.meta'
[0.173s] INFO:colcon.colcon_metadata.package_discovery.colcon_meta:Using configuration from '/root/.colcon/metadata/default/fastdds.meta'
[0.174s] INFO:colcon.colcon_metadata.package_discovery.colcon_meta:Using configuration from '/root/.colcon/metadata/default/fastrtps.meta'
[0.174s] Level 1:colcon.colcon_core.package_discovery:discover_packages(recursive) check parameters
[0.174s] Level 1:colcon.colcon_core.package_discovery:discover_packages(ignore) check parameters
[0.174s] Level 1:colcon.colcon_core.package_discovery:discover_packages(path) check parameters
[0.174s] Level 1:colcon.colcon_core.package_discovery:discover_packages(colcon_meta) discover
[0.174s] Level 1:colcon.colcon_core.package_discovery:discover_packages(recursive) discover
[0.174s] INFO:colcon.colcon_core.package_discovery:Crawling recursively for packages in '/root/my_robot_ws_copy'
[0.174s] Level 1:colcon.colcon_core.package_identification:_identify(.) by extensions ['ignore', 'ignore_ament_install']
[0.174s] Level 1:colcon.colcon_core.package_identification:_identify(.) by extension 'ignore'
[0.174s] Level 1:colcon.colcon_core.package_identification:_identify(.) by extension 'ignore_ament_install'
[0.174s] Level 1:colcon.colcon_core.package_identification:_identify(.) by extensions ['colcon_pkg']
[0.174s] Level 1:colcon.colcon_core.package_identification:_identify(.) by extension 'colcon_pkg'
[0.174s] Level 1:colcon.colcon_core.package_identification:_identify(.) by extensions ['colcon_meta']
[0.174s] Level 1:colcon.colcon_core.package_identification:_identify(.) by extension 'colcon_meta'
[0.174s] Level 1:colcon.colcon_core.package_identification:_identify(.) by extensions ['ros']
[0.174s] Level 1:colcon.colcon_core.package_identification:_identify(.) by extension 'ros'
[0.183s] Level 1:colcon.colcon_core.package_identification:_identify(.) by extensions ['cmake', 'python']
[0.183s] Level 1:colcon.colcon_core.package_identification:_identify(.) by extension 'cmake'
[0.183s] Level 1:colcon.colcon_core.package_identification:_identify(.) by extension 'python'
[0.183s] Level 1:colcon.colcon_core.package_identification:_identify(.) by extensions ['python_setup_py']
[0.183s] Level 1:colcon.colcon_core.package_identification:_identify(.) by extension 'python_setup_py'
[0.183s] Level 1:colcon.colcon_core.package_identification:_identify(build) by extensions ['ignore', 'ignore_ament_install']
[0.183s] Level 1:colcon.colcon_core.package_identification:_identify(build) by extension 'ignore'
[0.183s] Level 1:colcon.colcon_core.package_identification:_identify(build) ignored
[0.183s] Level 1:colcon.colcon_core.package_identification:_identify(install) by extensions ['ignore', 'ignore_ament_install']
[0.183s] Level 1:colcon.colcon_core.package_identification:_identify(install) by extension 'ignore'
[0.184s] Level 1:colcon.colcon_core.package_identification:_identify(install) ignored
[0.184s] Level 1:colcon.colcon_core.package_identification:_identify(log) by extensions ['ignore', 'ignore_ament_install']
[0.184s] Level 1:colcon.colcon_core.package_identification:_identify(log) by extension 'ignore'
[0.184s] Level 1:colcon.colcon_core.package_identification:_identify(log) ignored
[0.184s] Level 1:colcon.colcon_core.package_identification:_identify(src) by extensions ['ignore', 'ignore_ament_install']
[0.184s] Level 1:colcon.colcon_core.package_identification:_identify(src) by extension 'ignore'
[0.184s] Level 1:colcon.colcon_core.package_identification:_identify(src) by extension 'ignore_ament_install'
[0.184s] Level 1:colcon.colcon_core.package_identification:_identify(src) by extensions ['colcon_pkg']
[0.184s] Level 1:colcon.colcon_core.package_identification:_identify(src) by extension 'colcon_pkg'
[0.184s] Level 1:colcon.colcon_core.package_identification:_identify(src) by extensions ['colcon_meta']
[0.184s] Level 1:colcon.colcon_core.package_identification:_identify(src) by extension 'colcon_meta'
[0.184s] Level 1:colcon.colcon_core.package_identification:_identify(src) by extensions ['ros']
[0.184s] Level 1:colcon.colcon_core.package_identification:_identify(src) by extension 'ros'
[0.184s] Level 1:colcon.colcon_core.package_identification:_identify(src) by extensions ['cmake', 'python']
[0.184s] Level 1:colcon.colcon_core.package_identification:_identify(src) by extension 'cmake'
[0.184s] Level 1:colcon.colcon_core.package_identification:_identify(src) by extension 'python'
[0.184s] Level 1:colcon.colcon_core.package_identification:_identify(src) by extensions ['python_setup_py']
[0.184s] Level 1:colcon.colcon_core.package_identification:_identify(src) by extension 'python_setup_py'
[0.184s] Level 1:colcon.colcon_core.package_identification:_identify(src/my_robot_bringup) by extensions ['ignore', 'ignore_ament_install']
[0.184s] Level 1:colcon.colcon_core.package_identification:_identify(src/my_robot_bringup) by extension 'ignore'
[0.184s] Level 1:colcon.colcon_core.package_identification:_identify(src/my_robot_bringup) by extension 'ignore_ament_install'
[0.184s] Level 1:colcon.colcon_core.package_identification:_identify(src/my_robot_bringup) by extensions ['colcon_pkg']
[0.184s] Level 1:colcon.colcon_core.package_identification:_identify(src/my_robot_bringup) by extension 'colcon_pkg'
[0.184s] Level 1:colcon.colcon_core.package_identification:_identify(src/my_robot_bringup) by extensions ['colcon_meta']
[0.184s] Level 1:colcon.colcon_core.package_identification:_identify(src/my_robot_bringup) by extension 'colcon_meta'
[0.184s] Level 1:colcon.colcon_core.package_identification:_identify(src/my_robot_bringup) by extensions ['ros']
[0.184s] Level 1:colcon.colcon_core.package_identification:_identify(src/my_robot_bringup) by extension 'ros'
[0.186s] DEBUG:colcon.colcon_core.package_identification:Package 'src/my_robot_bringup' with type 'ros.ament_cmake' and name 'my_robot_bringup'
[0.186s] Level 1:colcon.colcon_core.package_identification:_identify(src/my_robot_pkg) by extensions ['ignore', 'ignore_ament_install']
[0.186s] Level 1:colcon.colcon_core.package_identification:_identify(src/my_robot_pkg) by extension 'ignore'
[0.186s] Level 1:colcon.colcon_core.package_identification:_identify(src/my_robot_pkg) by extension 'ignore_ament_install'
[0.186s] Level 1:colcon.colcon_core.package_identification:_identify(src/my_robot_pkg) by extensions ['colcon_pkg']
[0.186s] Level 1:colcon.colcon_core.package_identification:_identify(src/my_robot_pkg) by extension 'colcon_pkg'
[0.186s] Level 1:colcon.colcon_core.package_identification:_identify(src/my_robot_pkg) by extensions ['colcon_meta']
[0.186s] Level 1:colcon.colcon_core.package_identification:_identify(src/my_robot_pkg) by extension 'colcon_meta'
[0.186s] Level 1:colcon.colcon_core.package_identification:_identify(src/my_robot_pkg) by extensions ['ros']
[0.186s] Level 1:colcon.colcon_core.package_identification:_identify(src/my_robot_pkg) by extension 'ros'
[0.187s] DEBUG:colcon.colcon_core.package_identification:Package 'src/my_robot_pkg' with type 'ros.ament_cmake' and name 'my_robot_pkg'
[0.187s] Level 1:colcon.colcon_core.package_discovery:discover_packages(recursive) using defaults
[0.187s] Level 1:colcon.colcon_core.package_discovery:discover_packages(ignore) discover
[0.187s] Level 1:colcon.colcon_core.package_discovery:discover_packages(ignore) using defaults
[0.187s] Level 1:colcon.colcon_core.package_discovery:discover_packages(path) discover
[0.187s] Level 1:colcon.colcon_core.package_discovery:discover_packages(path) using defaults
[0.200s] Level 5:colcon.colcon_core.verb:set package 'my_robot_pkg' build argument 'cmake_args' from command line to 'None'
[0.200s] Level 5:colcon.colcon_core.verb:set package 'my_robot_pkg' build argument 'cmake_target' from command line to 'None'
[0.200s] Level 5:colcon.colcon_core.verb:set package 'my_robot_pkg' build argument 'cmake_target_skip_unavailable' from command line to 'False'
[0.200s] Level 5:colcon.colcon_core.verb:set package 'my_robot_pkg' build argument 'cmake_clean_cache' from command line to 'False'
[0.200s] Level 5:colcon.colcon_core.verb:set package 'my_robot_pkg' build argument 'cmake_clean_first' from command line to 'False'
[0.200s] Level 5:colcon.colcon_core.verb:set package 'my_robot_pkg' build argument 'cmake_force_configure' from command line to 'False'
[0.201s] Level 5:colcon.colcon_core.verb:set package 'my_robot_pkg' build argument 'ament_cmake_args' from command line to 'None'
[0.201s] Level 5:colcon.colcon_core.verb:set package 'my_robot_pkg' build argument 'catkin_cmake_args' from command line to 'None'
[0.201s] Level 5:colcon.colcon_core.verb:set package 'my_robot_pkg' build argument 'catkin_skip_building_tests' from command line to 'False'
[0.201s] DEBUG:colcon.colcon_core.verb:Building package 'my_robot_pkg' with the following arguments: {'ament_cmake_args': None, 'build_base': '/root/my_robot_ws_copy/build/my_robot_pkg', 'catkin_cmake_args': None, 'catkin_skip_building_tests': False, 'cmake_args': None, 'cmake_clean_cache': False, 'cmake_clean_first': False, 'cmake_force_configure': False, 'cmake_target': None, 'cmake_target_skip_unavailable': False, 'install_base': '/root/my_robot_ws_copy/install/my_robot_pkg', 'merge_install': False, 'path': '/root/my_robot_ws_copy/src/my_robot_pkg', 'symlink_install': True, 'test_result_base': None}
[0.201s] Level 5:colcon.colcon_core.verb:set package 'my_robot_bringup' build argument 'cmake_args' from command line to 'None'
[0.201s] Level 5:colcon.colcon_core.verb:set package 'my_robot_bringup' build argument 'cmake_target' from command line to 'None'
[0.201s] Level 5:colcon.colcon_core.verb:set package 'my_robot_bringup' build argument 'cmake_target_skip_unavailable' from command line to 'False'
[0.201s] Level 5:colcon.colcon_core.verb:set package 'my_robot_bringup' build argument 'cmake_clean_cache' from command line to 'False'
[0.201s] Level 5:colcon.colcon_core.verb:set package 'my_robot_bringup' build argument 'cmake_clean_first' from command line to 'False'
[0.201s] Level 5:colcon.colcon_core.verb:set package 'my_robot_bringup' build argument 'cmake_force_configure' from command line to 'False'
[0.201s] Level 5:colcon.colcon_core.verb:set package 'my_robot_bringup' build argument 'ament_cmake_args' from command line to 'None'
[0.201s] Level 5:colcon.colcon_core.verb:set package 'my_robot_bringup' build argument 'catkin_cmake_args' from command line to 'None'
[0.201s] Level 5:colcon.colcon_core.verb:set package 'my_robot_bringup' build argument 'catkin_skip_building_tests' from command line to 'False'
[0.201s] DEBUG:colcon.colcon_core.verb:Building package 'my_robot_bringup' with the following arguments: {'ament_cmake_args': None, 'build_base': '/root/my_robot_ws_copy/build/my_robot_bringup', 'catkin_cmake_args': None, 'catkin_skip_building_tests': False, 'cmake_args': None, 'cmake_clean_cache': False, 'cmake_clean_first': False, 'cmake_force_configure': False, 'cmake_target': None, 'cmake_target_skip_unavailable': False, 'install_base': '/root/my_robot_ws_copy/install/my_robot_bringup', 'merge_install': False, 'path': '/root/my_robot_ws_copy/src/my_robot_bringup', 'symlink_install': True, 'test_result_base': None}
[0.201s] INFO:colcon.colcon_core.executor:Executing jobs using 'parallel' executor
[0.202s] DEBUG:colcon.colcon_parallel_executor.executor.parallel:run_until_complete
[0.202s] INFO:colcon.colcon_ros.task.ament_cmake.build:Building ROS package in '/root/my_robot_ws_copy/src/my_robot_pkg' with build type 'ament_cmake'
[0.202s] INFO:colcon.colcon_cmake.task.cmake.build:Building CMake package in '/root/my_robot_ws_copy/src/my_robot_pkg'
[0.204s] INFO:colcon.colcon_core.plugin_system:Skipping extension 'colcon_core.shell.bat': Not used on non-Windows systems
[0.204s] INFO:colcon.colcon_core.shell:Skip shell extension 'powershell' for command environment: Not usable outside of PowerShell
[0.204s] DEBUG:colcon.colcon_core.shell:Skip shell extension 'dsv' for command environment
[0.212s] DEBUG:colcon.colcon_core.event_handler.log_command:Invoking command in '/root/my_robot_ws_copy/build/my_robot_pkg': /usr/bin/cmake --build /root/my_robot_ws_copy/build/my_robot_pkg -- -j12 -l12
[0.254s] DEBUG:colcon.colcon_core.event_handler.log_command:Invoked command in '/root/my_robot_ws_copy/build/my_robot_pkg' returned '0': /usr/bin/cmake --build /root/my_robot_ws_copy/build/my_robot_pkg -- -j12 -l12
[0.267s] DEBUG:colcon.colcon_core.event_handler.log_command:Invoking command in '/root/my_robot_ws_copy/build/my_robot_pkg': /usr/bin/cmake --install /root/my_robot_ws_copy/build/my_robot_pkg
[0.290s] Level 1:colcon.colcon_core.environment:create_environment_scripts_only(my_robot_pkg)
[0.290s] DEBUG:colcon.colcon_core.event_handler.log_command:Invoked command in '/root/my_robot_ws_copy/build/my_robot_pkg' returned '0': /usr/bin/cmake --install /root/my_robot_ws_copy/build/my_robot_pkg
[0.292s] Level 1:colcon.colcon_core.environment:checking '/root/my_robot_ws_copy/install/my_robot_pkg' for CMake module files
[0.292s] Level 1:colcon.colcon_core.environment:checking '/root/my_robot_ws_copy/install/my_robot_pkg' for CMake config files
[0.292s] Level 1:colcon.colcon_core.shell:create_environment_hook('my_robot_pkg', 'cmake_prefix_path')
[0.292s] INFO:colcon.colcon_core.shell:Creating environment hook '/root/my_robot_ws_copy/install/my_robot_pkg/share/my_robot_pkg/hook/cmake_prefix_path.ps1'
[0.293s] INFO:colcon.colcon_core.shell:Creating environment descriptor '/root/my_robot_ws_copy/install/my_robot_pkg/share/my_robot_pkg/hook/cmake_prefix_path.dsv'
[0.293s] INFO:colcon.colcon_core.shell:Creating environment hook '/root/my_robot_ws_copy/install/my_robot_pkg/share/my_robot_pkg/hook/cmake_prefix_path.sh'
[0.294s] Level 1:colcon.colcon_core.environment:checking '/root/my_robot_ws_copy/install/my_robot_pkg/bin'
[0.294s] Level 1:colcon.colcon_core.environment:checking '/root/my_robot_ws_copy/install/my_robot_pkg/lib/pkgconfig/my_robot_pkg.pc'
[0.295s] Level 1:colcon.colcon_core.environment:checking '/root/my_robot_ws_copy/install/my_robot_pkg/lib/python3.10/site-packages'
[0.296s] Level 1:colcon.colcon_core.environment:checking '/root/my_robot_ws_copy/install/my_robot_pkg/bin'
[0.296s] INFO:colcon.colcon_core.shell:Creating package script '/root/my_robot_ws_copy/install/my_robot_pkg/share/my_robot_pkg/package.ps1'
[0.297s] INFO:colcon.colcon_core.shell:Creating package descriptor '/root/my_robot_ws_copy/install/my_robot_pkg/share/my_robot_pkg/package.dsv'
[0.297s] INFO:colcon.colcon_core.shell:Creating package script '/root/my_robot_ws_copy/install/my_robot_pkg/share/my_robot_pkg/package.sh'
[0.298s] INFO:colcon.colcon_core.shell:Creating package script '/root/my_robot_ws_copy/install/my_robot_pkg/share/my_robot_pkg/package.bash'
[0.299s] INFO:colcon.colcon_core.shell:Creating package script '/root/my_robot_ws_copy/install/my_robot_pkg/share/my_robot_pkg/package.zsh'
[0.301s] Level 1:colcon.colcon_core.environment:create_file_with_runtime_dependencies(/root/my_robot_ws_copy/install/my_robot_pkg/share/colcon-core/packages/my_robot_pkg)
[0.301s] Level 1:colcon.colcon_core.environment:create_environment_scripts_only(my_robot_pkg)
[0.301s] Level 1:colcon.colcon_core.environment:checking '/root/my_robot_ws_copy/install/my_robot_pkg' for CMake module files
[0.302s] Level 1:colcon.colcon_core.environment:checking '/root/my_robot_ws_copy/install/my_robot_pkg' for CMake config files
[0.302s] Level 1:colcon.colcon_core.shell:create_environment_hook('my_robot_pkg', 'cmake_prefix_path')
[0.302s] INFO:colcon.colcon_core.shell:Creating environment hook '/root/my_robot_ws_copy/install/my_robot_pkg/share/my_robot_pkg/hook/cmake_prefix_path.ps1'
[0.303s] INFO:colcon.colcon_core.shell:Creating environment descriptor '/root/my_robot_ws_copy/install/my_robot_pkg/share/my_robot_pkg/hook/cmake_prefix_path.dsv'
[0.303s] INFO:colcon.colcon_core.shell:Creating environment hook '/root/my_robot_ws_copy/install/my_robot_pkg/share/my_robot_pkg/hook/cmake_prefix_path.sh'
[0.304s] Level 1:colcon.colcon_core.environment:checking '/root/my_robot_ws_copy/install/my_robot_pkg/bin'
[0.304s] Level 1:colcon.colcon_core.environment:checking '/root/my_robot_ws_copy/install/my_robot_pkg/lib/pkgconfig/my_robot_pkg.pc'
[0.304s] Level 1:colcon.colcon_core.environment:checking '/root/my_robot_ws_copy/install/my_robot_pkg/lib/python3.10/site-packages'
[0.304s] Level 1:colcon.colcon_core.environment:checking '/root/my_robot_ws_copy/install/my_robot_pkg/bin'
[0.304s] INFO:colcon.colcon_core.shell:Creating package script '/root/my_robot_ws_copy/install/my_robot_pkg/share/my_robot_pkg/package.ps1'
[0.305s] INFO:colcon.colcon_core.shell:Creating package descriptor '/root/my_robot_ws_copy/install/my_robot_pkg/share/my_robot_pkg/package.dsv'
[0.305s] INFO:colcon.colcon_core.shell:Creating package script '/root/my_robot_ws_copy/install/my_robot_pkg/share/my_robot_pkg/package.sh'
[0.306s] INFO:colcon.colcon_core.shell:Creating package script '/root/my_robot_ws_copy/install/my_robot_pkg/share/my_robot_pkg/package.bash'
[0.306s] INFO:colcon.colcon_core.shell:Creating package script '/root/my_robot_ws_copy/install/my_robot_pkg/share/my_robot_pkg/package.zsh'
[0.306s] Level 1:colcon.colcon_core.environment:create_file_with_runtime_dependencies(/root/my_robot_ws_copy/install/my_robot_pkg/share/colcon-core/packages/my_robot_pkg)
[0.307s] INFO:colcon.colcon_ros.task.ament_cmake.build:Building ROS package in '/root/my_robot_ws_copy/src/my_robot_bringup' with build type 'ament_cmake'
[0.307s] INFO:colcon.colcon_cmake.task.cmake.build:Building CMake package in '/root/my_robot_ws_copy/src/my_robot_bringup'
[0.307s] INFO:colcon.colcon_core.shell:Skip shell extension 'powershell' for command environment: Not usable outside of PowerShell
[0.307s] DEBUG:colcon.colcon_core.shell:Skip shell extension 'dsv' for command environment
[0.317s] DEBUG:colcon.colcon_core.event_handler.log_command:Invoking command in '/root/my_robot_ws_copy/build/my_robot_bringup': CMAKE_PREFIX_PATH=/root/my_robot_ws_copy/install/my_robot_pkg:/root/my_robot_ws_copy/install/my_robot_bringup /usr/bin/cmake --build /root/my_robot_ws_copy/build/my_robot_bringup -- -j12 -l12
[0.371s] DEBUG:colcon.colcon_core.event_handler.log_command:Invoked command in '/root/my_robot_ws_copy/build/my_robot_bringup' returned '0': CMAKE_PREFIX_PATH=/root/my_robot_ws_copy/install/my_robot_pkg:/root/my_robot_ws_copy/install/my_robot_bringup /usr/bin/cmake --build /root/my_robot_ws_copy/build/my_robot_bringup -- -j12 -l12
[0.374s] DEBUG:colcon.colcon_core.event_handler.log_command:Invoking command in '/root/my_robot_ws_copy/build/my_robot_bringup': CMAKE_PREFIX_PATH=/root/my_robot_ws_copy/install/my_robot_pkg:/root/my_robot_ws_copy/install/my_robot_bringup /usr/bin/cmake --install /root/my_robot_ws_copy/build/my_robot_bringup
[0.410s] Level 1:colcon.colcon_core.environment:create_environment_scripts_only(my_robot_bringup)
[0.411s] Level 1:colcon.colcon_core.environment:checking '/root/my_robot_ws_copy/install/my_robot_bringup' for CMake module files
[0.411s] DEBUG:colcon.colcon_core.event_handler.log_command:Invoked command in '/root/my_robot_ws_copy/build/my_robot_bringup' returned '0': CMAKE_PREFIX_PATH=/root/my_robot_ws_copy/install/my_robot_pkg:/root/my_robot_ws_copy/install/my_robot_bringup /usr/bin/cmake --install /root/my_robot_ws_copy/build/my_robot_bringup
[0.411s] Level 1:colcon.colcon_core.environment:checking '/root/my_robot_ws_copy/install/my_robot_bringup' for CMake config files
[0.412s] Level 1:colcon.colcon_core.shell:create_environment_hook('my_robot_bringup', 'cmake_prefix_path')
[0.412s] INFO:colcon.colcon_core.shell:Creating environment hook '/root/my_robot_ws_copy/install/my_robot_bringup/share/my_robot_bringup/hook/cmake_prefix_path.ps1'
[0.412s] INFO:colcon.colcon_core.shell:Creating environment descriptor '/root/my_robot_ws_copy/install/my_robot_bringup/share/my_robot_bringup/hook/cmake_prefix_path.dsv'
[0.413s] INFO:colcon.colcon_core.shell:Creating environment hook '/root/my_robot_ws_copy/install/my_robot_bringup/share/my_robot_bringup/hook/cmake_prefix_path.sh'
[0.413s] Level 1:colcon.colcon_core.environment:checking '/root/my_robot_ws_copy/install/my_robot_bringup/lib'
[0.413s] Level 1:colcon.colcon_core.environment:checking '/root/my_robot_ws_copy/install/my_robot_bringup/bin'
[0.413s] Level 1:colcon.colcon_core.environment:checking '/root/my_robot_ws_copy/install/my_robot_bringup/lib/pkgconfig/my_robot_bringup.pc'
[0.414s] Level 1:colcon.colcon_core.environment:checking '/root/my_robot_ws_copy/install/my_robot_bringup/lib/python3.10/site-packages'
[0.414s] Level 1:colcon.colcon_core.environment:checking '/root/my_robot_ws_copy/install/my_robot_bringup/bin'
[0.414s] INFO:colcon.colcon_core.shell:Creating package script '/root/my_robot_ws_copy/install/my_robot_bringup/share/my_robot_bringup/package.ps1'
[0.415s] INFO:colcon.colcon_core.shell:Creating package descriptor '/root/my_robot_ws_copy/install/my_robot_bringup/share/my_robot_bringup/package.dsv'
[0.416s] INFO:colcon.colcon_core.shell:Creating package script '/root/my_robot_ws_copy/install/my_robot_bringup/share/my_robot_bringup/package.sh'
[0.416s] INFO:colcon.colcon_core.shell:Creating package script '/root/my_robot_ws_copy/install/my_robot_bringup/share/my_robot_bringup/package.bash'
[0.417s] INFO:colcon.colcon_core.shell:Creating package script '/root/my_robot_ws_copy/install/my_robot_bringup/share/my_robot_bringup/package.zsh'
[0.417s] Level 1:colcon.colcon_core.environment:create_file_with_runtime_dependencies(/root/my_robot_ws_copy/install/my_robot_bringup/share/colcon-core/packages/my_robot_bringup)
[0.418s] Level 1:colcon.colcon_core.environment:create_environment_scripts_only(my_robot_bringup)
[0.418s] Level 1:colcon.colcon_core.environment:checking '/root/my_robot_ws_copy/install/my_robot_bringup' for CMake module files
[0.419s] Level 1:colcon.colcon_core.environment:checking '/root/my_robot_ws_copy/install/my_robot_bringup' for CMake config files
[0.419s] Level 1:colcon.colcon_core.shell:create_environment_hook('my_robot_bringup', 'cmake_prefix_path')
[0.419s] INFO:colcon.colcon_core.shell:Creating environment hook '/root/my_robot_ws_copy/install/my_robot_bringup/share/my_robot_bringup/hook/cmake_prefix_path.ps1'
[0.420s] INFO:colcon.colcon_core.shell:Creating environment descriptor '/root/my_robot_ws_copy/install/my_robot_bringup/share/my_robot_bringup/hook/cmake_prefix_path.dsv'
[0.420s] INFO:colcon.colcon_core.shell:Creating environment hook '/root/my_robot_ws_copy/install/my_robot_bringup/share/my_robot_bringup/hook/cmake_prefix_path.sh'
[0.421s] Level 1:colcon.colcon_core.environment:checking '/root/my_robot_ws_copy/install/my_robot_bringup/lib'
[0.421s] Level 1:colcon.colcon_core.environment:checking '/root/my_robot_ws_copy/install/my_robot_bringup/bin'
[0.421s] Level 1:colcon.colcon_core.environment:checking '/root/my_robot_ws_copy/install/my_robot_bringup/lib/pkgconfig/my_robot_bringup.pc'
[0.422s] Level 1:colcon.colcon_core.environment:checking '/root/my_robot_ws_copy/install/my_robot_bringup/lib/python3.10/site-packages'
[0.422s] Level 1:colcon.colcon_core.environment:checking '/root/my_robot_ws_copy/install/my_robot_bringup/bin'
[0.422s] INFO:colcon.colcon_core.shell:Creating package script '/root/my_robot_ws_copy/install/my_robot_bringup/share/my_robot_bringup/package.ps1'
[0.423s] INFO:colcon.colcon_core.shell:Creating package descriptor '/root/my_robot_ws_copy/install/my_robot_bringup/share/my_robot_bringup/package.dsv'
[0.423s] INFO:colcon.colcon_core.shell:Creating package script '/root/my_robot_ws_copy/install/my_robot_bringup/share/my_robot_bringup/package.sh'
[0.423s] INFO:colcon.colcon_core.shell:Creating package script '/root/my_robot_ws_copy/install/my_robot_bringup/share/my_robot_bringup/package.bash'
[0.424s] INFO:colcon.colcon_core.shell:Creating package script '/root/my_robot_ws_copy/install/my_robot_bringup/share/my_robot_bringup/package.zsh'
[0.424s] Level 1:colcon.colcon_core.environment:create_file_with_runtime_dependencies(/root/my_robot_ws_copy/install/my_robot_bringup/share/colcon-core/packages/my_robot_bringup)
[0.424s] DEBUG:colcon.colcon_parallel_executor.executor.parallel:closing loop
[0.425s] DEBUG:colcon.colcon_parallel_executor.executor.parallel:loop closed
[0.425s] DEBUG:colcon.colcon_parallel_executor.executor.parallel:run_until_complete finished with '0'
[0.425s] DEBUG:colcon.colcon_core.event_reactor:joining thread
[0.449s] INFO:colcon.colcon_core.plugin_system:Skipping extension 'colcon_notification.desktop_notification.notify_send': Could not find 'notify-send'
[0.450s] INFO:colcon.colcon_core.plugin_system:Skipping extension 'colcon_notification.desktop_notification.terminal_notifier': Not used on non-Darwin systems
[0.450s] INFO:colcon.colcon_core.plugin_system:Skipping extension 'colcon_notification.desktop_notification.win32': Not used on non-Windows systems
[0.450s] INFO:colcon.colcon_notification.desktop_notification:Sending desktop notification using 'notify2'
[0.456s] DEBUG:colcon.colcon_notification.desktop_notification.notify2:Failed to initialize notify2: org.freedesktop.DBus.Error.Spawn.ExecFailed: /usr/bin/dbus-launch terminated abnormally without any error message
[0.457s] DEBUG:colcon.colcon_core.event_reactor:joined thread
[0.458s] INFO:colcon.colcon_core.shell:Creating prefix script '/root/my_robot_ws_copy/install/local_setup.ps1'
[0.461s] INFO:colcon.colcon_core.shell:Creating prefix util module '/root/my_robot_ws_copy/install/_local_setup_util_ps1.py'
[0.464s] INFO:colcon.colcon_core.shell:Creating prefix chain script '/root/my_robot_ws_copy/install/setup.ps1'
[0.466s] INFO:colcon.colcon_core.shell:Creating prefix script '/root/my_robot_ws_copy/install/local_setup.sh'
[0.467s] INFO:colcon.colcon_core.shell:Creating prefix util module '/root/my_robot_ws_copy/install/_local_setup_util_sh.py'
[0.468s] INFO:colcon.colcon_core.shell:Creating prefix chain script '/root/my_robot_ws_copy/install/setup.sh'
[0.470s] INFO:colcon.colcon_core.shell:Creating prefix script '/root/my_robot_ws_copy/install/local_setup.bash'
[0.471s] INFO:colcon.colcon_core.shell:Creating prefix chain script '/root/my_robot_ws_copy/install/setup.bash'
[0.473s] INFO:colcon.colcon_core.shell:Creating prefix script '/root/my_robot_ws_copy/install/local_setup.zsh'
[0.474s] INFO:colcon.colcon_core.shell:Creating prefix chain script '/root/my_robot_ws_copy/install/setup.zsh'
