[0.010s] Invoking command in '/root/my_robot_ws_copy/build/my_robot_bringup': CMAKE_PREFIX_PATH=/root/my_robot_ws_copy/install/my_robot_pkg:/root/my_robot_ws_copy/install/my_robot_bringup /usr/bin/cmake /root/my_robot_ws_copy/src/my_robot_bringup -DAMENT_CMAKE_SYMLINK_INSTALL=1 -DCMAKE_INSTALL_PREFIX=/root/my_robot_ws_copy/install/my_robot_bringup
[0.068s] -- The C compiler identification is GNU 11.4.0
[0.147s] -- The CXX compiler identification is GNU 11.4.0
[0.153s] -- Detecting C compiler ABI info
[0.228s] -- Detecting C compiler ABI info - done
[0.235s] -- Check for working C compiler: /usr/bin/cc - skipped
[0.235s] -- Detecting C compile features
[0.235s] -- Detecting C compile features - done
[0.237s] -- Detecting CXX compiler ABI info
[0.325s] -- Detecting CXX compiler ABI info - done
[0.331s] -- Check for working CXX compiler: /usr/bin/c++ - skipped
[0.332s] -- Detecting CXX compile features
[0.332s] -- Detecting CXX compile features - done
[0.336s] -- Found ament_cmake: 1.3.11 (/opt/ros/humble/share/ament_cmake/cmake)
[0.464s] -- Found Python3: /usr/bin/python3 (found version "3.10.12") found components: Interpreter 
[0.512s] -- Override CMake install command with custom implementation using symlinks instead of copying resources
[0.540s] -- Found ament_lint_auto: 0.12.12 (/opt/ros/humble/share/ament_lint_auto/cmake)
[0.601s] -- Added test 'flake8' to check Python code syntax and style conventions
[0.601s] -- Added test 'lint_cmake' to check CMake code style
[0.602s] -- Added test 'pep257' to check Python code against some of the docstring style conventions in PEP 257
[0.603s] -- Added test 'xmllint' to check XML markup files
[0.604s] -- Configuring done
[0.605s] -- Generating done
[0.606s] -- Build files have been written to: /root/my_robot_ws_copy/build/my_robot_bringup
[0.610s] Invoked command in '/root/my_robot_ws_copy/build/my_robot_bringup' returned '0': CMAKE_PREFIX_PATH=/root/my_robot_ws_copy/install/my_robot_pkg:/root/my_robot_ws_copy/install/my_robot_bringup /usr/bin/cmake /root/my_robot_ws_copy/src/my_robot_bringup -DAMENT_CMAKE_SYMLINK_INSTALL=1 -DCMAKE_INSTALL_PREFIX=/root/my_robot_ws_copy/install/my_robot_bringup
[0.611s] Invoking command in '/root/my_robot_ws_copy/build/my_robot_bringup': CMAKE_PREFIX_PATH=/root/my_robot_ws_copy/install/my_robot_pkg:/root/my_robot_ws_copy/install/my_robot_bringup /usr/bin/cmake --build /root/my_robot_ws_copy/build/my_robot_bringup -- -j12 -l12
[0.659s] Invoked command in '/root/my_robot_ws_copy/build/my_robot_bringup' returned '0': CMAKE_PREFIX_PATH=/root/my_robot_ws_copy/install/my_robot_pkg:/root/my_robot_ws_copy/install/my_robot_bringup /usr/bin/cmake --build /root/my_robot_ws_copy/build/my_robot_bringup -- -j12 -l12
[0.663s] Invoking command in '/root/my_robot_ws_copy/build/my_robot_bringup': CMAKE_PREFIX_PATH=/root/my_robot_ws_copy/install/my_robot_pkg:/root/my_robot_ws_copy/install/my_robot_bringup /usr/bin/cmake --install /root/my_robot_ws_copy/build/my_robot_bringup
[0.679s] -- Install configuration: ""
[0.681s] -- Execute custom install script
[0.682s] -- Symlinking: /root/my_robot_ws_copy/install/my_robot_bringup/share/my_robot_bringup/launch/my_robot.launch.xml
[0.697s] -- Symlinking: /root/my_robot_ws_copy/install/my_robot_bringup/share/my_robot_bringup/config/gazebo_bridge.yaml
[0.712s] -- Symlinking: /root/my_robot_ws_copy/install/my_robot_bringup/share/my_robot_bringup/config/my_robot_controllers.yaml
[0.721s] -- Symlinking: /root/my_robot_ws_copy/install/my_robot_bringup/lib/my_robot_bringup/cmd_vel_publisher.py
[0.730s] -- Symlinking: /root/my_robot_ws_copy/install/my_robot_bringup/share/ament_index/resource_index/package_run_dependencies/my_robot_bringup
[0.751s] -- Symlinking: /root/my_robot_ws_copy/install/my_robot_bringup/share/ament_index/resource_index/parent_prefix_path/my_robot_bringup
[0.770s] -- Symlinking: /root/my_robot_ws_copy/install/my_robot_bringup/share/my_robot_bringup/environment/ament_prefix_path.sh
[0.787s] -- Symlinking: /root/my_robot_ws_copy/install/my_robot_bringup/share/my_robot_bringup/environment/ament_prefix_path.dsv
[0.810s] -- Symlinking: /root/my_robot_ws_copy/install/my_robot_bringup/share/my_robot_bringup/environment/path.sh
[0.831s] -- Symlinking: /root/my_robot_ws_copy/install/my_robot_bringup/share/my_robot_bringup/environment/path.dsv
[0.851s] -- Symlinking: /root/my_robot_ws_copy/install/my_robot_bringup/share/my_robot_bringup/local_setup.bash
[0.870s] -- Symlinking: /root/my_robot_ws_copy/install/my_robot_bringup/share/my_robot_bringup/local_setup.sh
[0.892s] -- Symlinking: /root/my_robot_ws_copy/install/my_robot_bringup/share/my_robot_bringup/local_setup.zsh
[0.909s] -- Symlinking: /root/my_robot_ws_copy/install/my_robot_bringup/share/my_robot_bringup/local_setup.dsv
[0.917s] -- Symlinking: /root/my_robot_ws_copy/install/my_robot_bringup/share/my_robot_bringup/package.dsv
[0.927s] -- Symlinking: /root/my_robot_ws_copy/install/my_robot_bringup/share/ament_index/resource_index/packages/my_robot_bringup
[0.939s] -- Symlinking: /root/my_robot_ws_copy/install/my_robot_bringup/share/my_robot_bringup/cmake/my_robot_bringupConfig.cmake
[0.951s] -- Symlinking: /root/my_robot_ws_copy/install/my_robot_bringup/share/my_robot_bringup/cmake/my_robot_bringupConfig-version.cmake
[0.966s] -- Symlinking: /root/my_robot_ws_copy/install/my_robot_bringup/share/my_robot_bringup/package.xml
[0.983s] Invoked command in '/root/my_robot_ws_copy/build/my_robot_bringup' returned '0': CMAKE_PREFIX_PATH=/root/my_robot_ws_copy/install/my_robot_pkg:/root/my_robot_ws_copy/install/my_robot_bringup /usr/bin/cmake --install /root/my_robot_ws_copy/build/my_robot_bringup
