[0.083s] DEBUG:colcon:Command line arguments: ['/usr/bin/colcon', 'build']
[0.083s] DEBUG:colcon:Parsed command line arguments: Namespace(log_base=None, log_level=None, verb_name='build', build_base='build', install_base='install', merge_install=False, symlink_install=False, test_result_base=None, continue_on_error=False, executor='parallel', parallel_workers=12, event_handlers=None, ignore_user_meta=False, metas=['./colcon.meta'], base_paths=['.'], packages_ignore=None, packages_ignore_regex=None, paths=None, packages_up_to=None, packages_up_to_regex=None, packages_above=None, packages_above_and_dependencies=None, packages_above_depth=None, packages_select_by_dep=None, packages_skip_by_dep=None, packages_skip_up_to=None, packages_select_build_failed=False, packages_skip_build_finished=False, packages_select_test_failures=False, packages_skip_test_passed=False, packages_select=None, packages_skip=None, packages_select_regex=None, packages_skip_regex=None, packages_start=None, packages_end=None, cmake_args=None, cmake_target=None, cmake_target_skip_unavailable=False, cmake_clean_cache=False, cmake_clean_first=False, cmake_force_configure=False, ament_cmake_args=None, catkin_cmake_args=None, catkin_skip_building_tests=False, mixin_files=None, mixin=None, verb_parser=<colcon_mixin.mixin.mixin_argument.MixinArgumentDecorator object at 0x7d6e419d0b50>, verb_extension=<colcon_core.verb.build.BuildVerb object at 0x7d6e419d05e0>, main=<bound method BuildVerb.main of <colcon_core.verb.build.BuildVerb object at 0x7d6e419d05e0>>, mixin_verb=('build',))
[0.180s] Level 1:colcon.colcon_core.package_discovery:discover_packages(colcon_meta) check parameters
[0.181s] INFO:colcon.colcon_metadata.package_discovery.colcon_meta:Using configuration from '/root/.colcon/metadata/default/Gazebo.meta'
[0.181s] INFO:colcon.colcon_metadata.package_discovery.colcon_meta:Using configuration from '/root/.colcon/metadata/default/fastdds.meta'
[0.181s] INFO:colcon.colcon_metadata.package_discovery.colcon_meta:Using configuration from '/root/.colcon/metadata/default/fastrtps.meta'
[0.181s] Level 1:colcon.colcon_core.package_discovery:discover_packages(recursive) check parameters
[0.181s] Level 1:colcon.colcon_core.package_discovery:discover_packages(ignore) check parameters
[0.181s] Level 1:colcon.colcon_core.package_discovery:discover_packages(path) check parameters
[0.181s] Level 1:colcon.colcon_core.package_discovery:discover_packages(colcon_meta) discover
[0.181s] Level 1:colcon.colcon_core.package_discovery:discover_packages(recursive) discover
[0.181s] INFO:colcon.colcon_core.package_discovery:Crawling recursively for packages in '/root/my_robot_ws_copy'
[0.181s] Level 1:colcon.colcon_core.package_identification:_identify(.) by extensions ['ignore', 'ignore_ament_install']
[0.182s] Level 1:colcon.colcon_core.package_identification:_identify(.) by extension 'ignore'
[0.182s] Level 1:colcon.colcon_core.package_identification:_identify(.) by extension 'ignore_ament_install'
[0.182s] Level 1:colcon.colcon_core.package_identification:_identify(.) by extensions ['colcon_pkg']
[0.182s] Level 1:colcon.colcon_core.package_identification:_identify(.) by extension 'colcon_pkg'
[0.182s] Level 1:colcon.colcon_core.package_identification:_identify(.) by extensions ['colcon_meta']
[0.182s] Level 1:colcon.colcon_core.package_identification:_identify(.) by extension 'colcon_meta'
[0.182s] Level 1:colcon.colcon_core.package_identification:_identify(.) by extensions ['ros']
[0.182s] Level 1:colcon.colcon_core.package_identification:_identify(.) by extension 'ros'
[0.190s] Level 1:colcon.colcon_core.package_identification:_identify(.) by extensions ['cmake', 'python']
[0.190s] Level 1:colcon.colcon_core.package_identification:_identify(.) by extension 'cmake'
[0.190s] Level 1:colcon.colcon_core.package_identification:_identify(.) by extension 'python'
[0.190s] Level 1:colcon.colcon_core.package_identification:_identify(.) by extensions ['python_setup_py']
[0.190s] Level 1:colcon.colcon_core.package_identification:_identify(.) by extension 'python_setup_py'
[0.190s] Level 1:colcon.colcon_core.package_identification:_identify(build) by extensions ['ignore', 'ignore_ament_install']
[0.190s] Level 1:colcon.colcon_core.package_identification:_identify(build) by extension 'ignore'
[0.190s] Level 1:colcon.colcon_core.package_identification:_identify(build) ignored
[0.190s] Level 1:colcon.colcon_core.package_identification:_identify(install) by extensions ['ignore', 'ignore_ament_install']
[0.190s] Level 1:colcon.colcon_core.package_identification:_identify(install) by extension 'ignore'
[0.190s] Level 1:colcon.colcon_core.package_identification:_identify(install) ignored
[0.190s] Level 1:colcon.colcon_core.package_identification:_identify(log) by extensions ['ignore', 'ignore_ament_install']
[0.191s] Level 1:colcon.colcon_core.package_identification:_identify(log) by extension 'ignore'
[0.191s] Level 1:colcon.colcon_core.package_identification:_identify(log) ignored
[0.191s] Level 1:colcon.colcon_core.package_identification:_identify(src) by extensions ['ignore', 'ignore_ament_install']
[0.191s] Level 1:colcon.colcon_core.package_identification:_identify(src) by extension 'ignore'
[0.191s] Level 1:colcon.colcon_core.package_identification:_identify(src) by extension 'ignore_ament_install'
[0.191s] Level 1:colcon.colcon_core.package_identification:_identify(src) by extensions ['colcon_pkg']
[0.191s] Level 1:colcon.colcon_core.package_identification:_identify(src) by extension 'colcon_pkg'
[0.191s] Level 1:colcon.colcon_core.package_identification:_identify(src) by extensions ['colcon_meta']
[0.191s] Level 1:colcon.colcon_core.package_identification:_identify(src) by extension 'colcon_meta'
[0.191s] Level 1:colcon.colcon_core.package_identification:_identify(src) by extensions ['ros']
[0.191s] Level 1:colcon.colcon_core.package_identification:_identify(src) by extension 'ros'
[0.191s] Level 1:colcon.colcon_core.package_identification:_identify(src) by extensions ['cmake', 'python']
[0.191s] Level 1:colcon.colcon_core.package_identification:_identify(src) by extension 'cmake'
[0.191s] Level 1:colcon.colcon_core.package_identification:_identify(src) by extension 'python'
[0.191s] Level 1:colcon.colcon_core.package_identification:_identify(src) by extensions ['python_setup_py']
[0.191s] Level 1:colcon.colcon_core.package_identification:_identify(src) by extension 'python_setup_py'
[0.191s] Level 1:colcon.colcon_core.package_identification:_identify(src/my_robot_bringup) by extensions ['ignore', 'ignore_ament_install']
[0.191s] Level 1:colcon.colcon_core.package_identification:_identify(src/my_robot_bringup) by extension 'ignore'
[0.191s] Level 1:colcon.colcon_core.package_identification:_identify(src/my_robot_bringup) by extension 'ignore_ament_install'
[0.191s] Level 1:colcon.colcon_core.package_identification:_identify(src/my_robot_bringup) by extensions ['colcon_pkg']
[0.191s] Level 1:colcon.colcon_core.package_identification:_identify(src/my_robot_bringup) by extension 'colcon_pkg'
[0.191s] Level 1:colcon.colcon_core.package_identification:_identify(src/my_robot_bringup) by extensions ['colcon_meta']
[0.191s] Level 1:colcon.colcon_core.package_identification:_identify(src/my_robot_bringup) by extension 'colcon_meta'
[0.191s] Level 1:colcon.colcon_core.package_identification:_identify(src/my_robot_bringup) by extensions ['ros']
[0.191s] Level 1:colcon.colcon_core.package_identification:_identify(src/my_robot_bringup) by extension 'ros'
[0.194s] DEBUG:colcon.colcon_core.package_identification:Package 'src/my_robot_bringup' with type 'ros.ament_cmake' and name 'my_robot_bringup'
[0.194s] Level 1:colcon.colcon_core.package_identification:_identify(src/my_robot_pkg) by extensions ['ignore', 'ignore_ament_install']
[0.194s] Level 1:colcon.colcon_core.package_identification:_identify(src/my_robot_pkg) by extension 'ignore'
[0.194s] Level 1:colcon.colcon_core.package_identification:_identify(src/my_robot_pkg) by extension 'ignore_ament_install'
[0.194s] Level 1:colcon.colcon_core.package_identification:_identify(src/my_robot_pkg) by extensions ['colcon_pkg']
[0.194s] Level 1:colcon.colcon_core.package_identification:_identify(src/my_robot_pkg) by extension 'colcon_pkg'
[0.194s] Level 1:colcon.colcon_core.package_identification:_identify(src/my_robot_pkg) by extensions ['colcon_meta']
[0.194s] Level 1:colcon.colcon_core.package_identification:_identify(src/my_robot_pkg) by extension 'colcon_meta'
[0.194s] Level 1:colcon.colcon_core.package_identification:_identify(src/my_robot_pkg) by extensions ['ros']
[0.194s] Level 1:colcon.colcon_core.package_identification:_identify(src/my_robot_pkg) by extension 'ros'
[0.195s] DEBUG:colcon.colcon_core.package_identification:Package 'src/my_robot_pkg' with type 'ros.ament_cmake' and name 'my_robot_pkg'
[0.195s] Level 1:colcon.colcon_core.package_identification:_identify(src/teleop_twist_keyboard) by extensions ['ignore', 'ignore_ament_install']
[0.195s] Level 1:colcon.colcon_core.package_identification:_identify(src/teleop_twist_keyboard) by extension 'ignore'
[0.195s] Level 1:colcon.colcon_core.package_identification:_identify(src/teleop_twist_keyboard) by extension 'ignore_ament_install'
[0.195s] Level 1:colcon.colcon_core.package_identification:_identify(src/teleop_twist_keyboard) by extensions ['colcon_pkg']
[0.195s] Level 1:colcon.colcon_core.package_identification:_identify(src/teleop_twist_keyboard) by extension 'colcon_pkg'
[0.195s] Level 1:colcon.colcon_core.package_identification:_identify(src/teleop_twist_keyboard) by extensions ['colcon_meta']
[0.195s] Level 1:colcon.colcon_core.package_identification:_identify(src/teleop_twist_keyboard) by extension 'colcon_meta'
[0.195s] Level 1:colcon.colcon_core.package_identification:_identify(src/teleop_twist_keyboard) by extensions ['ros']
[0.195s] Level 1:colcon.colcon_core.package_identification:_identify(src/teleop_twist_keyboard) by extension 'ros'
[0.196s] DEBUG:colcon.colcon_core.package_identification:Package 'src/teleop_twist_keyboard' with type 'ros.ament_python' and name 'teleop_twist_keyboard'
[0.196s] Level 1:colcon.colcon_core.package_discovery:discover_packages(recursive) using defaults
[0.196s] Level 1:colcon.colcon_core.package_discovery:discover_packages(ignore) discover
[0.196s] Level 1:colcon.colcon_core.package_discovery:discover_packages(ignore) using defaults
[0.196s] Level 1:colcon.colcon_core.package_discovery:discover_packages(path) discover
[0.196s] Level 1:colcon.colcon_core.package_discovery:discover_packages(path) using defaults
[0.211s] Level 5:colcon.colcon_core.verb:set package 'my_robot_pkg' build argument 'cmake_args' from command line to 'None'
[0.211s] Level 5:colcon.colcon_core.verb:set package 'my_robot_pkg' build argument 'cmake_target' from command line to 'None'
[0.211s] Level 5:colcon.colcon_core.verb:set package 'my_robot_pkg' build argument 'cmake_target_skip_unavailable' from command line to 'False'
[0.211s] Level 5:colcon.colcon_core.verb:set package 'my_robot_pkg' build argument 'cmake_clean_cache' from command line to 'False'
[0.211s] Level 5:colcon.colcon_core.verb:set package 'my_robot_pkg' build argument 'cmake_clean_first' from command line to 'False'
[0.211s] Level 5:colcon.colcon_core.verb:set package 'my_robot_pkg' build argument 'cmake_force_configure' from command line to 'False'
[0.211s] Level 5:colcon.colcon_core.verb:set package 'my_robot_pkg' build argument 'ament_cmake_args' from command line to 'None'
[0.211s] Level 5:colcon.colcon_core.verb:set package 'my_robot_pkg' build argument 'catkin_cmake_args' from command line to 'None'
[0.211s] Level 5:colcon.colcon_core.verb:set package 'my_robot_pkg' build argument 'catkin_skip_building_tests' from command line to 'False'
[0.211s] DEBUG:colcon.colcon_core.verb:Building package 'my_robot_pkg' with the following arguments: {'ament_cmake_args': None, 'build_base': '/root/my_robot_ws_copy/build/my_robot_pkg', 'catkin_cmake_args': None, 'catkin_skip_building_tests': False, 'cmake_args': None, 'cmake_clean_cache': False, 'cmake_clean_first': False, 'cmake_force_configure': False, 'cmake_target': None, 'cmake_target_skip_unavailable': False, 'install_base': '/root/my_robot_ws_copy/install/my_robot_pkg', 'merge_install': False, 'path': '/root/my_robot_ws_copy/src/my_robot_pkg', 'symlink_install': False, 'test_result_base': None}
[0.211s] Level 5:colcon.colcon_core.verb:set package 'teleop_twist_keyboard' build argument 'cmake_args' from command line to 'None'
[0.211s] Level 5:colcon.colcon_core.verb:set package 'teleop_twist_keyboard' build argument 'cmake_target' from command line to 'None'
[0.211s] Level 5:colcon.colcon_core.verb:set package 'teleop_twist_keyboard' build argument 'cmake_target_skip_unavailable' from command line to 'False'
[0.211s] Level 5:colcon.colcon_core.verb:set package 'teleop_twist_keyboard' build argument 'cmake_clean_cache' from command line to 'False'
[0.211s] Level 5:colcon.colcon_core.verb:set package 'teleop_twist_keyboard' build argument 'cmake_clean_first' from command line to 'False'
[0.211s] Level 5:colcon.colcon_core.verb:set package 'teleop_twist_keyboard' build argument 'cmake_force_configure' from command line to 'False'
[0.211s] Level 5:colcon.colcon_core.verb:set package 'teleop_twist_keyboard' build argument 'ament_cmake_args' from command line to 'None'
[0.211s] Level 5:colcon.colcon_core.verb:set package 'teleop_twist_keyboard' build argument 'catkin_cmake_args' from command line to 'None'
[0.211s] Level 5:colcon.colcon_core.verb:set package 'teleop_twist_keyboard' build argument 'catkin_skip_building_tests' from command line to 'False'
[0.211s] DEBUG:colcon.colcon_core.verb:Building package 'teleop_twist_keyboard' with the following arguments: {'ament_cmake_args': None, 'build_base': '/root/my_robot_ws_copy/build/teleop_twist_keyboard', 'catkin_cmake_args': None, 'catkin_skip_building_tests': False, 'cmake_args': None, 'cmake_clean_cache': False, 'cmake_clean_first': False, 'cmake_force_configure': False, 'cmake_target': None, 'cmake_target_skip_unavailable': False, 'install_base': '/root/my_robot_ws_copy/install/teleop_twist_keyboard', 'merge_install': False, 'path': '/root/my_robot_ws_copy/src/teleop_twist_keyboard', 'symlink_install': False, 'test_result_base': None}
[0.211s] Level 5:colcon.colcon_core.verb:set package 'my_robot_bringup' build argument 'cmake_args' from command line to 'None'
[0.212s] Level 5:colcon.colcon_core.verb:set package 'my_robot_bringup' build argument 'cmake_target' from command line to 'None'
[0.212s] Level 5:colcon.colcon_core.verb:set package 'my_robot_bringup' build argument 'cmake_target_skip_unavailable' from command line to 'False'
[0.212s] Level 5:colcon.colcon_core.verb:set package 'my_robot_bringup' build argument 'cmake_clean_cache' from command line to 'False'
[0.212s] Level 5:colcon.colcon_core.verb:set package 'my_robot_bringup' build argument 'cmake_clean_first' from command line to 'False'
[0.212s] Level 5:colcon.colcon_core.verb:set package 'my_robot_bringup' build argument 'cmake_force_configure' from command line to 'False'
[0.212s] Level 5:colcon.colcon_core.verb:set package 'my_robot_bringup' build argument 'ament_cmake_args' from command line to 'None'
[0.212s] Level 5:colcon.colcon_core.verb:set package 'my_robot_bringup' build argument 'catkin_cmake_args' from command line to 'None'
[0.212s] Level 5:colcon.colcon_core.verb:set package 'my_robot_bringup' build argument 'catkin_skip_building_tests' from command line to 'False'
[0.212s] DEBUG:colcon.colcon_core.verb:Building package 'my_robot_bringup' with the following arguments: {'ament_cmake_args': None, 'build_base': '/root/my_robot_ws_copy/build/my_robot_bringup', 'catkin_cmake_args': None, 'catkin_skip_building_tests': False, 'cmake_args': None, 'cmake_clean_cache': False, 'cmake_clean_first': False, 'cmake_force_configure': False, 'cmake_target': None, 'cmake_target_skip_unavailable': False, 'install_base': '/root/my_robot_ws_copy/install/my_robot_bringup', 'merge_install': False, 'path': '/root/my_robot_ws_copy/src/my_robot_bringup', 'symlink_install': False, 'test_result_base': None}
[0.212s] INFO:colcon.colcon_core.executor:Executing jobs using 'parallel' executor
[0.213s] DEBUG:colcon.colcon_parallel_executor.executor.parallel:run_until_complete
[0.213s] INFO:colcon.colcon_ros.task.ament_cmake.build:Building ROS package in '/root/my_robot_ws_copy/src/my_robot_pkg' with build type 'ament_cmake'
[0.213s] INFO:colcon.colcon_cmake.task.cmake.build:Building CMake package in '/root/my_robot_ws_copy/src/my_robot_pkg'
[0.215s] INFO:colcon.colcon_core.plugin_system:Skipping extension 'colcon_core.shell.bat': Not used on non-Windows systems
[0.215s] INFO:colcon.colcon_core.shell:Skip shell extension 'powershell' for command environment: Not usable outside of PowerShell
[0.215s] DEBUG:colcon.colcon_core.shell:Skip shell extension 'dsv' for command environment
[0.221s] INFO:colcon.colcon_ros.task.ament_python.build:Building ROS package in '/root/my_robot_ws_copy/src/teleop_twist_keyboard' with build type 'ament_python'
[0.221s] Level 1:colcon.colcon_core.shell:create_environment_hook('teleop_twist_keyboard', 'ament_prefix_path')
[0.221s] INFO:colcon.colcon_core.shell:Creating environment hook '/root/my_robot_ws_copy/install/teleop_twist_keyboard/share/teleop_twist_keyboard/hook/ament_prefix_path.ps1'
[0.222s] INFO:colcon.colcon_core.shell:Creating environment descriptor '/root/my_robot_ws_copy/install/teleop_twist_keyboard/share/teleop_twist_keyboard/hook/ament_prefix_path.dsv'
[0.222s] INFO:colcon.colcon_core.shell:Creating environment hook '/root/my_robot_ws_copy/install/teleop_twist_keyboard/share/teleop_twist_keyboard/hook/ament_prefix_path.sh'
[0.224s] INFO:colcon.colcon_core.shell:Skip shell extension 'powershell' for command environment: Not usable outside of PowerShell
[0.224s] DEBUG:colcon.colcon_core.shell:Skip shell extension 'dsv' for command environment
[0.233s] DEBUG:colcon.colcon_core.event_handler.log_command:Invoking command in '/root/my_robot_ws_copy/build/my_robot_pkg': CMAKE_PREFIX_PATH=${CMAKE_PREFIX_PATH}:/root/my_robot_ws_copy/install/teleop_twist_keyboard:/root/my_robot_ws/install/my_robot_pkg:/root/my_robot_ws/install/my_robot_bringup:/opt/ros/humble /usr/bin/cmake --build /root/my_robot_ws_copy/build/my_robot_pkg -- -j12 -l12
[0.432s] INFO:colcon.colcon_core.task.python.build:Building Python package in '/root/my_robot_ws_copy/src/teleop_twist_keyboard'
[0.432s] INFO:colcon.colcon_core.shell:Skip shell extension 'powershell' for command environment: Not usable outside of PowerShell
[0.432s] DEBUG:colcon.colcon_core.shell:Skip shell extension 'dsv' for command environment
[0.437s] DEBUG:colcon.colcon_core.event_handler.log_command:Invoked command in '/root/my_robot_ws_copy/build/my_robot_pkg' returned '0': CMAKE_PREFIX_PATH=${CMAKE_PREFIX_PATH}:/root/my_robot_ws_copy/install/teleop_twist_keyboard:/root/my_robot_ws/install/my_robot_pkg:/root/my_robot_ws/install/my_robot_bringup:/opt/ros/humble /usr/bin/cmake --build /root/my_robot_ws_copy/build/my_robot_pkg -- -j12 -l12
[0.448s] DEBUG:colcon.colcon_core.event_handler.log_command:Invoking command in '/root/my_robot_ws_copy/build/my_robot_pkg': CMAKE_PREFIX_PATH=${CMAKE_PREFIX_PATH}:/root/my_robot_ws_copy/install/teleop_twist_keyboard:/root/my_robot_ws/install/my_robot_pkg:/root/my_robot_ws/install/my_robot_bringup:/opt/ros/humble /usr/bin/cmake --install /root/my_robot_ws_copy/build/my_robot_pkg
[0.470s] Level 1:colcon.colcon_core.environment:create_environment_scripts_only(my_robot_pkg)
[0.471s] DEBUG:colcon.colcon_core.event_handler.log_command:Invoked command in '/root/my_robot_ws_copy/build/my_robot_pkg' returned '0': CMAKE_PREFIX_PATH=${CMAKE_PREFIX_PATH}:/root/my_robot_ws_copy/install/teleop_twist_keyboard:/root/my_robot_ws/install/my_robot_pkg:/root/my_robot_ws/install/my_robot_bringup:/opt/ros/humble /usr/bin/cmake --install /root/my_robot_ws_copy/build/my_robot_pkg
[0.474s] Level 1:colcon.colcon_core.environment:checking '/root/my_robot_ws_copy/install/my_robot_pkg' for CMake module files
[0.474s] Level 1:colcon.colcon_core.environment:checking '/root/my_robot_ws_copy/install/my_robot_pkg' for CMake config files
[0.474s] Level 1:colcon.colcon_core.shell:create_environment_hook('my_robot_pkg', 'cmake_prefix_path')
[0.475s] INFO:colcon.colcon_core.shell:Creating environment hook '/root/my_robot_ws_copy/install/my_robot_pkg/share/my_robot_pkg/hook/cmake_prefix_path.ps1'
[0.475s] INFO:colcon.colcon_core.shell:Creating environment descriptor '/root/my_robot_ws_copy/install/my_robot_pkg/share/my_robot_pkg/hook/cmake_prefix_path.dsv'
[0.475s] INFO:colcon.colcon_core.shell:Creating environment hook '/root/my_robot_ws_copy/install/my_robot_pkg/share/my_robot_pkg/hook/cmake_prefix_path.sh'
[0.476s] Level 1:colcon.colcon_core.environment:checking '/root/my_robot_ws_copy/install/my_robot_pkg/bin'
[0.476s] Level 1:colcon.colcon_core.environment:checking '/root/my_robot_ws_copy/install/my_robot_pkg/lib/pkgconfig/my_robot_pkg.pc'
[0.476s] Level 1:colcon.colcon_core.environment:checking '/root/my_robot_ws_copy/install/my_robot_pkg/lib/python3.10/site-packages'
[0.476s] Level 1:colcon.colcon_core.environment:checking '/root/my_robot_ws_copy/install/my_robot_pkg/bin'
[0.476s] INFO:colcon.colcon_core.shell:Creating package script '/root/my_robot_ws_copy/install/my_robot_pkg/share/my_robot_pkg/package.ps1'
[0.477s] INFO:colcon.colcon_core.shell:Creating package descriptor '/root/my_robot_ws_copy/install/my_robot_pkg/share/my_robot_pkg/package.dsv'
[0.477s] INFO:colcon.colcon_core.shell:Creating package script '/root/my_robot_ws_copy/install/my_robot_pkg/share/my_robot_pkg/package.sh'
[0.478s] INFO:colcon.colcon_core.shell:Creating package script '/root/my_robot_ws_copy/install/my_robot_pkg/share/my_robot_pkg/package.bash'
[0.478s] INFO:colcon.colcon_core.shell:Creating package script '/root/my_robot_ws_copy/install/my_robot_pkg/share/my_robot_pkg/package.zsh'
[0.479s] Level 1:colcon.colcon_core.environment:create_file_with_runtime_dependencies(/root/my_robot_ws_copy/install/my_robot_pkg/share/colcon-core/packages/my_robot_pkg)
[0.479s] Level 1:colcon.colcon_core.environment:create_environment_scripts_only(my_robot_pkg)
[0.479s] Level 1:colcon.colcon_core.environment:checking '/root/my_robot_ws_copy/install/my_robot_pkg' for CMake module files
[0.480s] Level 1:colcon.colcon_core.environment:checking '/root/my_robot_ws_copy/install/my_robot_pkg' for CMake config files
[0.480s] Level 1:colcon.colcon_core.shell:create_environment_hook('my_robot_pkg', 'cmake_prefix_path')
[0.480s] INFO:colcon.colcon_core.shell:Creating environment hook '/root/my_robot_ws_copy/install/my_robot_pkg/share/my_robot_pkg/hook/cmake_prefix_path.ps1'
[0.480s] INFO:colcon.colcon_core.shell:Creating environment descriptor '/root/my_robot_ws_copy/install/my_robot_pkg/share/my_robot_pkg/hook/cmake_prefix_path.dsv'
[0.481s] INFO:colcon.colcon_core.shell:Creating environment hook '/root/my_robot_ws_copy/install/my_robot_pkg/share/my_robot_pkg/hook/cmake_prefix_path.sh'
[0.481s] Level 1:colcon.colcon_core.environment:checking '/root/my_robot_ws_copy/install/my_robot_pkg/bin'
[0.481s] Level 1:colcon.colcon_core.environment:checking '/root/my_robot_ws_copy/install/my_robot_pkg/lib/pkgconfig/my_robot_pkg.pc'
[0.481s] Level 1:colcon.colcon_core.environment:checking '/root/my_robot_ws_copy/install/my_robot_pkg/lib/python3.10/site-packages'
[0.481s] Level 1:colcon.colcon_core.environment:checking '/root/my_robot_ws_copy/install/my_robot_pkg/bin'
[0.482s] INFO:colcon.colcon_core.shell:Creating package script '/root/my_robot_ws_copy/install/my_robot_pkg/share/my_robot_pkg/package.ps1'
[0.482s] INFO:colcon.colcon_core.shell:Creating package descriptor '/root/my_robot_ws_copy/install/my_robot_pkg/share/my_robot_pkg/package.dsv'
[0.482s] INFO:colcon.colcon_core.shell:Creating package script '/root/my_robot_ws_copy/install/my_robot_pkg/share/my_robot_pkg/package.sh'
[0.482s] INFO:colcon.colcon_core.shell:Creating package script '/root/my_robot_ws_copy/install/my_robot_pkg/share/my_robot_pkg/package.bash'
[0.483s] INFO:colcon.colcon_core.shell:Creating package script '/root/my_robot_ws_copy/install/my_robot_pkg/share/my_robot_pkg/package.zsh'
[0.483s] Level 1:colcon.colcon_core.environment:create_file_with_runtime_dependencies(/root/my_robot_ws_copy/install/my_robot_pkg/share/colcon-core/packages/my_robot_pkg)
[0.483s] INFO:colcon.colcon_ros.task.ament_cmake.build:Building ROS package in '/root/my_robot_ws_copy/src/my_robot_bringup' with build type 'ament_cmake'
[0.483s] INFO:colcon.colcon_cmake.task.cmake.build:Building CMake package in '/root/my_robot_ws_copy/src/my_robot_bringup'
[0.483s] INFO:colcon.colcon_core.shell:Skip shell extension 'powershell' for command environment: Not usable outside of PowerShell
[0.484s] DEBUG:colcon.colcon_core.shell:Skip shell extension 'dsv' for command environment
[0.498s] DEBUG:colcon.colcon_core.event_handler.log_command:Invoking command in '/root/my_robot_ws_copy/build/my_robot_bringup': CMAKE_PREFIX_PATH=/root/my_robot_ws_copy/install/my_robot_pkg:/root/my_robot_ws_copy/install/my_robot_bringup:/root/mobile_robot_ws/src/install/mobile_robot_description:/root/mobile_robot_ws/install/mobile_robot_description:/root/abood_ws/install/my_custom_interfaces:/root/my_robot_ws_copy/install/teleop_twist_keyboard:/root/my_robot_ws/install/my_robot_pkg:/root/my_robot_ws/install/my_robot_bringup:/opt/ros/humble /usr/bin/cmake --build /root/my_robot_ws_copy/build/my_robot_bringup -- -j12 -l12
[0.541s] DEBUG:colcon.colcon_core.event_handler.log_command:Invoked command in '/root/my_robot_ws_copy/build/my_robot_bringup' returned '0': CMAKE_PREFIX_PATH=/root/my_robot_ws_copy/install/my_robot_pkg:/root/my_robot_ws_copy/install/my_robot_bringup:/root/mobile_robot_ws/src/install/mobile_robot_description:/root/mobile_robot_ws/install/mobile_robot_description:/root/abood_ws/install/my_custom_interfaces:/root/my_robot_ws_copy/install/teleop_twist_keyboard:/root/my_robot_ws/install/my_robot_pkg:/root/my_robot_ws/install/my_robot_bringup:/opt/ros/humble /usr/bin/cmake --build /root/my_robot_ws_copy/build/my_robot_bringup -- -j12 -l12
[0.544s] DEBUG:colcon.colcon_core.event_handler.log_command:Invoking command in '/root/my_robot_ws_copy/build/my_robot_bringup': CMAKE_PREFIX_PATH=/root/my_robot_ws_copy/install/my_robot_pkg:/root/my_robot_ws_copy/install/my_robot_bringup:/root/mobile_robot_ws/src/install/mobile_robot_description:/root/mobile_robot_ws/install/mobile_robot_description:/root/abood_ws/install/my_custom_interfaces:/root/my_robot_ws_copy/install/teleop_twist_keyboard:/root/my_robot_ws/install/my_robot_pkg:/root/my_robot_ws/install/my_robot_bringup:/opt/ros/humble /usr/bin/cmake --install /root/my_robot_ws_copy/build/my_robot_bringup
[0.569s] Level 1:colcon.colcon_core.environment:create_environment_scripts_only(my_robot_bringup)
[0.569s] Level 1:colcon.colcon_core.environment:checking '/root/my_robot_ws_copy/install/my_robot_bringup' for CMake module files
[0.570s] DEBUG:colcon.colcon_core.event_handler.log_command:Invoked command in '/root/my_robot_ws_copy/build/my_robot_bringup' returned '0': CMAKE_PREFIX_PATH=/root/my_robot_ws_copy/install/my_robot_pkg:/root/my_robot_ws_copy/install/my_robot_bringup:/root/mobile_robot_ws/src/install/mobile_robot_description:/root/mobile_robot_ws/install/mobile_robot_description:/root/abood_ws/install/my_custom_interfaces:/root/my_robot_ws_copy/install/teleop_twist_keyboard:/root/my_robot_ws/install/my_robot_pkg:/root/my_robot_ws/install/my_robot_bringup:/opt/ros/humble /usr/bin/cmake --install /root/my_robot_ws_copy/build/my_robot_bringup
[0.571s] Level 1:colcon.colcon_core.environment:checking '/root/my_robot_ws_copy/install/my_robot_bringup' for CMake config files
[0.572s] Level 1:colcon.colcon_core.shell:create_environment_hook('my_robot_bringup', 'cmake_prefix_path')
[0.572s] INFO:colcon.colcon_core.shell:Creating environment hook '/root/my_robot_ws_copy/install/my_robot_bringup/share/my_robot_bringup/hook/cmake_prefix_path.ps1'
[0.573s] INFO:colcon.colcon_core.shell:Creating environment descriptor '/root/my_robot_ws_copy/install/my_robot_bringup/share/my_robot_bringup/hook/cmake_prefix_path.dsv'
[0.573s] INFO:colcon.colcon_core.shell:Creating environment hook '/root/my_robot_ws_copy/install/my_robot_bringup/share/my_robot_bringup/hook/cmake_prefix_path.sh'
[0.574s] Level 1:colcon.colcon_core.environment:checking '/root/my_robot_ws_copy/install/my_robot_bringup/lib'
[0.574s] Level 1:colcon.colcon_core.environment:checking '/root/my_robot_ws_copy/install/my_robot_bringup/bin'
[0.574s] Level 1:colcon.colcon_core.environment:checking '/root/my_robot_ws_copy/install/my_robot_bringup/lib/pkgconfig/my_robot_bringup.pc'
[0.574s] Level 1:colcon.colcon_core.environment:checking '/root/my_robot_ws_copy/install/my_robot_bringup/lib/python3.10/site-packages'
[0.575s] Level 1:colcon.colcon_core.environment:checking '/root/my_robot_ws_copy/install/my_robot_bringup/bin'
[0.575s] INFO:colcon.colcon_core.shell:Creating package script '/root/my_robot_ws_copy/install/my_robot_bringup/share/my_robot_bringup/package.ps1'
[0.575s] INFO:colcon.colcon_core.shell:Creating package descriptor '/root/my_robot_ws_copy/install/my_robot_bringup/share/my_robot_bringup/package.dsv'
[0.575s] INFO:colcon.colcon_core.shell:Creating package script '/root/my_robot_ws_copy/install/my_robot_bringup/share/my_robot_bringup/package.sh'
[0.576s] INFO:colcon.colcon_core.shell:Creating package script '/root/my_robot_ws_copy/install/my_robot_bringup/share/my_robot_bringup/package.bash'
[0.576s] INFO:colcon.colcon_core.shell:Creating package script '/root/my_robot_ws_copy/install/my_robot_bringup/share/my_robot_bringup/package.zsh'
[0.576s] Level 1:colcon.colcon_core.environment:create_file_with_runtime_dependencies(/root/my_robot_ws_copy/install/my_robot_bringup/share/colcon-core/packages/my_robot_bringup)
[0.577s] Level 1:colcon.colcon_core.environment:create_environment_scripts_only(my_robot_bringup)
[0.577s] Level 1:colcon.colcon_core.environment:checking '/root/my_robot_ws_copy/install/my_robot_bringup' for CMake module files
[0.577s] Level 1:colcon.colcon_core.environment:checking '/root/my_robot_ws_copy/install/my_robot_bringup' for CMake config files
[0.577s] Level 1:colcon.colcon_core.shell:create_environment_hook('my_robot_bringup', 'cmake_prefix_path')
[0.577s] INFO:colcon.colcon_core.shell:Creating environment hook '/root/my_robot_ws_copy/install/my_robot_bringup/share/my_robot_bringup/hook/cmake_prefix_path.ps1'
[0.578s] INFO:colcon.colcon_core.shell:Creating environment descriptor '/root/my_robot_ws_copy/install/my_robot_bringup/share/my_robot_bringup/hook/cmake_prefix_path.dsv'
[0.578s] INFO:colcon.colcon_core.shell:Creating environment hook '/root/my_robot_ws_copy/install/my_robot_bringup/share/my_robot_bringup/hook/cmake_prefix_path.sh'
[0.578s] Level 1:colcon.colcon_core.environment:checking '/root/my_robot_ws_copy/install/my_robot_bringup/lib'
[0.578s] Level 1:colcon.colcon_core.environment:checking '/root/my_robot_ws_copy/install/my_robot_bringup/bin'
[0.579s] Level 1:colcon.colcon_core.environment:checking '/root/my_robot_ws_copy/install/my_robot_bringup/lib/pkgconfig/my_robot_bringup.pc'
[0.579s] Level 1:colcon.colcon_core.environment:checking '/root/my_robot_ws_copy/install/my_robot_bringup/lib/python3.10/site-packages'
[0.579s] Level 1:colcon.colcon_core.environment:checking '/root/my_robot_ws_copy/install/my_robot_bringup/bin'
[0.579s] INFO:colcon.colcon_core.shell:Creating package script '/root/my_robot_ws_copy/install/my_robot_bringup/share/my_robot_bringup/package.ps1'
[0.579s] INFO:colcon.colcon_core.shell:Creating package descriptor '/root/my_robot_ws_copy/install/my_robot_bringup/share/my_robot_bringup/package.dsv'
[0.580s] INFO:colcon.colcon_core.shell:Creating package script '/root/my_robot_ws_copy/install/my_robot_bringup/share/my_robot_bringup/package.sh'
[0.580s] INFO:colcon.colcon_core.shell:Creating package script '/root/my_robot_ws_copy/install/my_robot_bringup/share/my_robot_bringup/package.bash'
[0.580s] INFO:colcon.colcon_core.shell:Creating package script '/root/my_robot_ws_copy/install/my_robot_bringup/share/my_robot_bringup/package.zsh'
[0.580s] Level 1:colcon.colcon_core.environment:create_file_with_runtime_dependencies(/root/my_robot_ws_copy/install/my_robot_bringup/share/colcon-core/packages/my_robot_bringup)
[0.725s] DEBUG:colcon.colcon_core.event_handler.log_command:Invoking command in '/root/my_robot_ws_copy/src/teleop_twist_keyboard': PYTHONPATH=/root/my_robot_ws_copy/build/teleop_twist_keyboard/prefix_override:/usr/lib/python3/dist-packages/colcon_core/task/python/colcon_distutils_commands:/root/my_robot_ws_copy/install/teleop_twist_keyboard/lib/python3.10/site-packages:${PYTHONPATH} /usr/bin/python3 -W ignore:setup.py install is deprecated -W ignore:easy_install command is deprecated setup.py egg_info --egg-base ../../build/teleop_twist_keyboard build --build-base /root/my_robot_ws_copy/build/teleop_twist_keyboard/build install --record /root/my_robot_ws_copy/build/teleop_twist_keyboard/install.log --single-version-externally-managed install_data
[0.997s] Level 1:colcon.colcon_core.environment:checking '/root/my_robot_ws_copy/install/teleop_twist_keyboard' for CMake module files
[0.997s] DEBUG:colcon.colcon_core.event_handler.log_command:Invoked command in '/root/my_robot_ws_copy/src/teleop_twist_keyboard' returned '0': PYTHONPATH=/root/my_robot_ws_copy/build/teleop_twist_keyboard/prefix_override:/usr/lib/python3/dist-packages/colcon_core/task/python/colcon_distutils_commands:/root/my_robot_ws_copy/install/teleop_twist_keyboard/lib/python3.10/site-packages:${PYTHONPATH} /usr/bin/python3 -W ignore:setup.py install is deprecated -W ignore:easy_install command is deprecated setup.py egg_info --egg-base ../../build/teleop_twist_keyboard build --build-base /root/my_robot_ws_copy/build/teleop_twist_keyboard/build install --record /root/my_robot_ws_copy/build/teleop_twist_keyboard/install.log --single-version-externally-managed install_data
[0.997s] Level 1:colcon.colcon_core.environment:checking '/root/my_robot_ws_copy/install/teleop_twist_keyboard' for CMake config files
[0.998s] Level 1:colcon.colcon_core.environment:checking '/root/my_robot_ws_copy/install/teleop_twist_keyboard/lib'
[0.998s] Level 1:colcon.colcon_core.environment:checking '/root/my_robot_ws_copy/install/teleop_twist_keyboard/bin'
[0.998s] Level 1:colcon.colcon_core.environment:checking '/root/my_robot_ws_copy/install/teleop_twist_keyboard/lib/pkgconfig/teleop_twist_keyboard.pc'
[0.998s] Level 1:colcon.colcon_core.environment:checking '/root/my_robot_ws_copy/install/teleop_twist_keyboard/lib/python3.10/site-packages'
[0.998s] Level 1:colcon.colcon_core.shell:create_environment_hook('teleop_twist_keyboard', 'pythonpath')
[0.998s] INFO:colcon.colcon_core.shell:Creating environment hook '/root/my_robot_ws_copy/install/teleop_twist_keyboard/share/teleop_twist_keyboard/hook/pythonpath.ps1'
[0.999s] INFO:colcon.colcon_core.shell:Creating environment descriptor '/root/my_robot_ws_copy/install/teleop_twist_keyboard/share/teleop_twist_keyboard/hook/pythonpath.dsv'
[0.999s] INFO:colcon.colcon_core.shell:Creating environment hook '/root/my_robot_ws_copy/install/teleop_twist_keyboard/share/teleop_twist_keyboard/hook/pythonpath.sh'
[0.999s] Level 1:colcon.colcon_core.environment:checking '/root/my_robot_ws_copy/install/teleop_twist_keyboard/bin'
[0.999s] Level 1:colcon.colcon_core.environment:create_environment_scripts_only(teleop_twist_keyboard)
[0.999s] INFO:colcon.colcon_core.shell:Creating package script '/root/my_robot_ws_copy/install/teleop_twist_keyboard/share/teleop_twist_keyboard/package.ps1'
[1.000s] INFO:colcon.colcon_core.shell:Creating package descriptor '/root/my_robot_ws_copy/install/teleop_twist_keyboard/share/teleop_twist_keyboard/package.dsv'
[1.000s] INFO:colcon.colcon_core.shell:Creating package script '/root/my_robot_ws_copy/install/teleop_twist_keyboard/share/teleop_twist_keyboard/package.sh'
[1.000s] INFO:colcon.colcon_core.shell:Creating package script '/root/my_robot_ws_copy/install/teleop_twist_keyboard/share/teleop_twist_keyboard/package.bash'
[1.000s] INFO:colcon.colcon_core.shell:Creating package script '/root/my_robot_ws_copy/install/teleop_twist_keyboard/share/teleop_twist_keyboard/package.zsh'
[1.001s] Level 1:colcon.colcon_core.environment:create_file_with_runtime_dependencies(/root/my_robot_ws_copy/install/teleop_twist_keyboard/share/colcon-core/packages/teleop_twist_keyboard)
[1.001s] DEBUG:colcon.colcon_parallel_executor.executor.parallel:closing loop
[1.001s] DEBUG:colcon.colcon_parallel_executor.executor.parallel:loop closed
[1.001s] DEBUG:colcon.colcon_parallel_executor.executor.parallel:run_until_complete finished with '0'
[1.001s] DEBUG:colcon.colcon_core.event_reactor:joining thread
[1.008s] INFO:colcon.colcon_core.plugin_system:Skipping extension 'colcon_notification.desktop_notification.notify_send': Could not find 'notify-send'
[1.008s] INFO:colcon.colcon_core.plugin_system:Skipping extension 'colcon_notification.desktop_notification.terminal_notifier': Not used on non-Darwin systems
[1.008s] INFO:colcon.colcon_core.plugin_system:Skipping extension 'colcon_notification.desktop_notification.win32': Not used on non-Windows systems
[1.008s] INFO:colcon.colcon_notification.desktop_notification:Sending desktop notification using 'notify2'
[1.010s] DEBUG:colcon.colcon_notification.desktop_notification.notify2:Failed to initialize notify2: org.freedesktop.DBus.Error.Spawn.ExecFailed: /usr/bin/dbus-launch terminated abnormally without any error message
[1.010s] DEBUG:colcon.colcon_core.event_reactor:joined thread
[1.011s] INFO:colcon.colcon_core.shell:Creating prefix script '/root/my_robot_ws_copy/install/local_setup.ps1'
[1.012s] INFO:colcon.colcon_core.shell:Creating prefix util module '/root/my_robot_ws_copy/install/_local_setup_util_ps1.py'
[1.013s] INFO:colcon.colcon_core.shell:Creating prefix chain script '/root/my_robot_ws_copy/install/setup.ps1'
[1.014s] INFO:colcon.colcon_core.shell:Creating prefix script '/root/my_robot_ws_copy/install/local_setup.sh'
[1.014s] INFO:colcon.colcon_core.shell:Creating prefix util module '/root/my_robot_ws_copy/install/_local_setup_util_sh.py'
[1.014s] INFO:colcon.colcon_core.shell:Creating prefix chain script '/root/my_robot_ws_copy/install/setup.sh'
[1.015s] INFO:colcon.colcon_core.shell:Creating prefix script '/root/my_robot_ws_copy/install/local_setup.bash'
[1.016s] INFO:colcon.colcon_core.shell:Creating prefix chain script '/root/my_robot_ws_copy/install/setup.bash'
[1.017s] INFO:colcon.colcon_core.shell:Creating prefix script '/root/my_robot_ws_copy/install/local_setup.zsh'
[1.017s] INFO:colcon.colcon_core.shell:Creating prefix chain script '/root/my_robot_ws_copy/install/setup.zsh'
