[0.471s] Invoking command in '/root/my_robot_ws_copy/src/teleop_twist_keyboard': PYTHONPATH=/root/my_robot_ws_copy/build/teleop_twist_keyboard/prefix_override:/usr/lib/python3/dist-packages/colcon_core/task/python/colcon_distutils_commands:/root/my_robot_ws_copy/install/teleop_twist_keyboard/lib/python3.10/site-packages:${PYTHONPATH} /usr/bin/python3 -W ignore:setup.py install is deprecated -W ignore:easy_install command is deprecated setup.py egg_info --egg-base ../../build/teleop_twist_keyboard build --build-base /root/my_robot_ws_copy/build/teleop_twist_keyboard/build install --record /root/my_robot_ws_copy/build/teleop_twist_keyboard/install.log --single-version-externally-managed install_data
[0.626s] running egg_info
[0.626s] writing ../../build/teleop_twist_keyboard/teleop_twist_keyboard.egg-info/PKG-INFO
[0.626s] writing dependency_links to ../../build/teleop_twist_keyboard/teleop_twist_keyboard.egg-info/dependency_links.txt
[0.626s] writing entry points to ../../build/teleop_twist_keyboard/teleop_twist_keyboard.egg-info/entry_points.txt
[0.626s] writing requirements to ../../build/teleop_twist_keyboard/teleop_twist_keyboard.egg-info/requires.txt
[0.627s] writing top-level names to ../../build/teleop_twist_keyboard/teleop_twist_keyboard.egg-info/top_level.txt
[0.627s] reading manifest file '../../build/teleop_twist_keyboard/teleop_twist_keyboard.egg-info/SOURCES.txt'
[0.634s] adding license file 'LICENSE'
[0.634s] writing manifest file '../../build/teleop_twist_keyboard/teleop_twist_keyboard.egg-info/SOURCES.txt'
[0.634s] running build
[0.634s] running build_py
[0.635s] running install
[0.635s] running install_lib
[0.635s] running install_data
[0.635s] running install_egg_info
[0.637s] removing '/root/my_robot_ws_copy/install/teleop_twist_keyboard/lib/python3.10/site-packages/teleop_twist_keyboard-2.4.0-py3.10.egg-info' (and everything under it)
[0.637s] Copying ../../build/teleop_twist_keyboard/teleop_twist_keyboard.egg-info to /root/my_robot_ws_copy/install/teleop_twist_keyboard/lib/python3.10/site-packages/teleop_twist_keyboard-2.4.0-py3.10.egg-info
[0.637s] running install_scripts
[0.651s] Installing teleop_twist_keyboard script to /root/my_robot_ws_copy/install/teleop_twist_keyboard/lib/teleop_twist_keyboard
[0.651s] writing list of installed files to '/root/my_robot_ws_copy/build/teleop_twist_keyboard/install.log'
[0.668s] Invoked command in '/root/my_robot_ws_copy/src/teleop_twist_keyboard' returned '0': PYTHONPATH=/root/my_robot_ws_copy/build/teleop_twist_keyboard/prefix_override:/usr/lib/python3/dist-packages/colcon_core/task/python/colcon_distutils_commands:/root/my_robot_ws_copy/install/teleop_twist_keyboard/lib/python3.10/site-packages:${PYTHONPATH} /usr/bin/python3 -W ignore:setup.py install is deprecated -W ignore:easy_install command is deprecated setup.py egg_info --egg-base ../../build/teleop_twist_keyboard build --build-base /root/my_robot_ws_copy/build/teleop_twist_keyboard/build install --record /root/my_robot_ws_copy/build/teleop_twist_keyboard/install.log --single-version-externally-managed install_data
