[0.012s] Invoking command in '/root/my_robot_ws_copy/build/my_robot_pkg': CMAKE_PREFIX_PATH=${CMAKE_PREFIX_PATH}:/opt/ros/humble /usr/bin/cmake /root/my_robot_ws_copy/src/my_robot_pkg -DCMAKE_INSTALL_PREFIX=/root/my_robot_ws_copy/install/my_robot_pkg
[0.024s] -- Found ament_cmake: 1.3.11 (/opt/ros/humble/share/ament_cmake/cmake)
[0.128s] -- Override CMake install command with custom implementation using symlinks instead of copying resources
[0.137s] -- Found xacro: 2.0.13 (/opt/ros/humble/share/xacro/cmake)
[0.137s] -- Found ament_lint_auto: 0.12.12 (/opt/ros/humble/share/ament_lint_auto/cmake)
[0.211s] -- Added test 'lint_cmake' to check CMake code style
[0.212s] -- Added test 'xmllint' to check XML markup files
[0.213s] -- Configuring done
[0.215s] -- Generating done
[0.216s] -- Build files have been written to: /root/my_robot_ws_copy/build/my_robot_pkg
[0.220s] Invoked command in '/root/my_robot_ws_copy/build/my_robot_pkg' returned '0': CMAKE_PREFIX_PATH=${CMAKE_PREFIX_PATH}:/opt/ros/humble /usr/bin/cmake /root/my_robot_ws_copy/src/my_robot_pkg -DCMAKE_INSTALL_PREFIX=/root/my_robot_ws_copy/install/my_robot_pkg
[0.221s] Invoking command in '/root/my_robot_ws_copy/build/my_robot_pkg': CMAKE_PREFIX_PATH=${CMAKE_PREFIX_PATH}:/opt/ros/humble /usr/bin/cmake --build /root/my_robot_ws_copy/build/my_robot_pkg -- -j12 -l12
[0.266s] Invoked command in '/root/my_robot_ws_copy/build/my_robot_pkg' returned '0': CMAKE_PREFIX_PATH=${CMAKE_PREFIX_PATH}:/opt/ros/humble /usr/bin/cmake --build /root/my_robot_ws_copy/build/my_robot_pkg -- -j12 -l12
[0.277s] Invoking command in '/root/my_robot_ws_copy/build/my_robot_pkg': CMAKE_PREFIX_PATH=${CMAKE_PREFIX_PATH}:/opt/ros/humble /usr/bin/cmake --install /root/my_robot_ws_copy/build/my_robot_pkg
[0.286s] -- Install configuration: ""
[0.287s] -- Execute custom install script
[0.288s] -- Up-to-date symlink: /root/my_robot_ws_copy/install/my_robot_pkg/share/my_robot_pkg/urdf/common_properties.xacro
[0.288s] -- Up-to-date symlink: /root/my_robot_ws_copy/install/my_robot_pkg/share/my_robot_pkg/urdf/mobile_base.xacro
[0.288s] -- Up-to-date symlink: /root/my_robot_ws_copy/install/my_robot_pkg/share/my_robot_pkg/urdf/mobile_base_gazebo.xacro
[0.288s] -- Up-to-date symlink: /root/my_robot_ws_copy/install/my_robot_pkg/share/my_robot_pkg/urdf/my_robot.urdf
[0.288s] -- Up-to-date symlink: /root/my_robot_ws_copy/install/my_robot_pkg/share/my_robot_pkg/urdf/my_robot.urdf.xacro
[0.288s] -- Up-to-date symlink: /root/my_robot_ws_copy/install/my_robot_pkg/share/my_robot_pkg/rviz/urdf_config.rviz
[0.289s] -- Up-to-date symlink: /root/my_robot_ws_copy/install/my_robot_pkg/share/my_robot_pkg/launch/display.launch.xml
[0.289s] -- Up-to-date symlink: /root/my_robot_ws_copy/install/my_robot_pkg/share/ament_index/resource_index/package_run_dependencies/my_robot_pkg
[0.289s] -- Up-to-date symlink: /root/my_robot_ws_copy/install/my_robot_pkg/share/ament_index/resource_index/parent_prefix_path/my_robot_pkg
[0.289s] -- Up-to-date symlink: /root/my_robot_ws_copy/install/my_robot_pkg/share/my_robot_pkg/environment/ament_prefix_path.sh
[0.289s] -- Up-to-date symlink: /root/my_robot_ws_copy/install/my_robot_pkg/share/my_robot_pkg/environment/ament_prefix_path.dsv
[0.290s] -- Up-to-date symlink: /root/my_robot_ws_copy/install/my_robot_pkg/share/my_robot_pkg/environment/path.sh
[0.290s] -- Up-to-date symlink: /root/my_robot_ws_copy/install/my_robot_pkg/share/my_robot_pkg/environment/path.dsv
[0.290s] -- Up-to-date symlink: /root/my_robot_ws_copy/install/my_robot_pkg/share/my_robot_pkg/local_setup.bash
[0.290s] -- Up-to-date symlink: /root/my_robot_ws_copy/install/my_robot_pkg/share/my_robot_pkg/local_setup.sh
[0.290s] -- Up-to-date symlink: /root/my_robot_ws_copy/install/my_robot_pkg/share/my_robot_pkg/local_setup.zsh
[0.290s] -- Up-to-date symlink: /root/my_robot_ws_copy/install/my_robot_pkg/share/my_robot_pkg/local_setup.dsv
[0.290s] -- Symlinking: /root/my_robot_ws_copy/install/my_robot_pkg/share/my_robot_pkg/package.dsv
[0.299s] -- Up-to-date symlink: /root/my_robot_ws_copy/install/my_robot_pkg/share/ament_index/resource_index/packages/my_robot_pkg
[0.299s] -- Up-to-date symlink: /root/my_robot_ws_copy/install/my_robot_pkg/share/my_robot_pkg/cmake/my_robot_pkgConfig.cmake
[0.299s] -- Up-to-date symlink: /root/my_robot_ws_copy/install/my_robot_pkg/share/my_robot_pkg/cmake/my_robot_pkgConfig-version.cmake
[0.299s] -- Up-to-date symlink: /root/my_robot_ws_copy/install/my_robot_pkg/share/my_robot_pkg/package.xml
[0.301s] Invoked command in '/root/my_robot_ws_copy/build/my_robot_pkg' returned '0': CMAKE_PREFIX_PATH=${CMAKE_PREFIX_PATH}:/opt/ros/humble /usr/bin/cmake --install /root/my_robot_ws_copy/build/my_robot_pkg
