[0.074s] DEBUG:colcon:Command line arguments: ['/usr/bin/colcon', 'build', '--symlink-install']
[0.074s] DEBUG:colcon:Parsed command line arguments: Namespace(log_base=None, log_level=None, verb_name='build', build_base='build', install_base='install', merge_install=False, symlink_install=True, test_result_base=None, continue_on_error=False, executor='parallel', parallel_workers=12, event_handlers=None, ignore_user_meta=False, metas=['./colcon.meta'], base_paths=['.'], packages_ignore=None, packages_ignore_regex=None, paths=None, packages_up_to=None, packages_up_to_regex=None, packages_above=None, packages_above_and_dependencies=None, packages_above_depth=None, packages_select_by_dep=None, packages_skip_by_dep=None, packages_skip_up_to=None, packages_select_build_failed=False, packages_skip_build_finished=False, packages_select_test_failures=False, packages_skip_test_passed=False, packages_select=None, packages_skip=None, packages_select_regex=None, packages_skip_regex=None, packages_start=None, packages_end=None, cmake_args=None, cmake_target=None, cmake_target_skip_unavailable=False, cmake_clean_cache=False, cmake_clean_first=False, cmake_force_configure=False, ament_cmake_args=None, catkin_cmake_args=None, catkin_skip_building_tests=False, mixin_files=None, mixin=None, verb_parser=<colcon_mixin.mixin.mixin_argument.MixinArgumentDecorator object at 0x7b9d2c330d00>, verb_extension=<colcon_core.verb.build.BuildVerb object at 0x7b9d2c330790>, main=<bound method BuildVerb.main of <colcon_core.verb.build.BuildVerb object at 0x7b9d2c330790>>, mixin_verb=('build',))
[0.163s] Level 1:colcon.colcon_core.package_discovery:discover_packages(colcon_meta) check parameters
[0.163s] INFO:colcon.colcon_metadata.package_discovery.colcon_meta:Using configuration from '/root/.colcon/metadata/default/Gazebo.meta'
[0.164s] INFO:colcon.colcon_metadata.package_discovery.colcon_meta:Using configuration from '/root/.colcon/metadata/default/fastdds.meta'
[0.164s] INFO:colcon.colcon_metadata.package_discovery.colcon_meta:Using configuration from '/root/.colcon/metadata/default/fastrtps.meta'
[0.164s] Level 1:colcon.colcon_core.package_discovery:discover_packages(recursive) check parameters
[0.164s] Level 1:colcon.colcon_core.package_discovery:discover_packages(ignore) check parameters
[0.164s] Level 1:colcon.colcon_core.package_discovery:discover_packages(path) check parameters
[0.164s] Level 1:colcon.colcon_core.package_discovery:discover_packages(colcon_meta) discover
[0.164s] Level 1:colcon.colcon_core.package_discovery:discover_packages(recursive) discover
[0.164s] INFO:colcon.colcon_core.package_discovery:Crawling recursively for packages in '/root/my_robot_ws_copy'
[0.164s] Level 1:colcon.colcon_core.package_identification:_identify(.) by extensions ['ignore', 'ignore_ament_install']
[0.164s] Level 1:colcon.colcon_core.package_identification:_identify(.) by extension 'ignore'
[0.164s] Level 1:colcon.colcon_core.package_identification:_identify(.) by extension 'ignore_ament_install'
[0.164s] Level 1:colcon.colcon_core.package_identification:_identify(.) by extensions ['colcon_pkg']
[0.164s] Level 1:colcon.colcon_core.package_identification:_identify(.) by extension 'colcon_pkg'
[0.164s] Level 1:colcon.colcon_core.package_identification:_identify(.) by extensions ['colcon_meta']
[0.164s] Level 1:colcon.colcon_core.package_identification:_identify(.) by extension 'colcon_meta'
[0.164s] Level 1:colcon.colcon_core.package_identification:_identify(.) by extensions ['ros']
[0.164s] Level 1:colcon.colcon_core.package_identification:_identify(.) by extension 'ros'
[0.172s] Level 1:colcon.colcon_core.package_identification:_identify(.) by extensions ['cmake', 'python']
[0.172s] Level 1:colcon.colcon_core.package_identification:_identify(.) by extension 'cmake'
[0.172s] Level 1:colcon.colcon_core.package_identification:_identify(.) by extension 'python'
[0.172s] Level 1:colcon.colcon_core.package_identification:_identify(.) by extensions ['python_setup_py']
[0.172s] Level 1:colcon.colcon_core.package_identification:_identify(.) by extension 'python_setup_py'
[0.172s] Level 1:colcon.colcon_core.package_identification:_identify(build) by extensions ['ignore', 'ignore_ament_install']
[0.172s] Level 1:colcon.colcon_core.package_identification:_identify(build) by extension 'ignore'
[0.172s] Level 1:colcon.colcon_core.package_identification:_identify(build) ignored
[0.172s] Level 1:colcon.colcon_core.package_identification:_identify(install) by extensions ['ignore', 'ignore_ament_install']
[0.172s] Level 1:colcon.colcon_core.package_identification:_identify(install) by extension 'ignore'
[0.172s] Level 1:colcon.colcon_core.package_identification:_identify(install) ignored
[0.173s] Level 1:colcon.colcon_core.package_identification:_identify(log) by extensions ['ignore', 'ignore_ament_install']
[0.173s] Level 1:colcon.colcon_core.package_identification:_identify(log) by extension 'ignore'
[0.173s] Level 1:colcon.colcon_core.package_identification:_identify(log) ignored
[0.173s] Level 1:colcon.colcon_core.package_identification:_identify(src) by extensions ['ignore', 'ignore_ament_install']
[0.173s] Level 1:colcon.colcon_core.package_identification:_identify(src) by extension 'ignore'
[0.173s] Level 1:colcon.colcon_core.package_identification:_identify(src) by extension 'ignore_ament_install'
[0.173s] Level 1:colcon.colcon_core.package_identification:_identify(src) by extensions ['colcon_pkg']
[0.173s] Level 1:colcon.colcon_core.package_identification:_identify(src) by extension 'colcon_pkg'
[0.173s] Level 1:colcon.colcon_core.package_identification:_identify(src) by extensions ['colcon_meta']
[0.173s] Level 1:colcon.colcon_core.package_identification:_identify(src) by extension 'colcon_meta'
[0.173s] Level 1:colcon.colcon_core.package_identification:_identify(src) by extensions ['ros']
[0.173s] Level 1:colcon.colcon_core.package_identification:_identify(src) by extension 'ros'
[0.173s] Level 1:colcon.colcon_core.package_identification:_identify(src) by extensions ['cmake', 'python']
[0.173s] Level 1:colcon.colcon_core.package_identification:_identify(src) by extension 'cmake'
[0.173s] Level 1:colcon.colcon_core.package_identification:_identify(src) by extension 'python'
[0.173s] Level 1:colcon.colcon_core.package_identification:_identify(src) by extensions ['python_setup_py']
[0.173s] Level 1:colcon.colcon_core.package_identification:_identify(src) by extension 'python_setup_py'
[0.173s] Level 1:colcon.colcon_core.package_identification:_identify(src/my_robot_bringup) by extensions ['ignore', 'ignore_ament_install']
[0.173s] Level 1:colcon.colcon_core.package_identification:_identify(src/my_robot_bringup) by extension 'ignore'
[0.173s] Level 1:colcon.colcon_core.package_identification:_identify(src/my_robot_bringup) by extension 'ignore_ament_install'
[0.173s] Level 1:colcon.colcon_core.package_identification:_identify(src/my_robot_bringup) by extensions ['colcon_pkg']
[0.173s] Level 1:colcon.colcon_core.package_identification:_identify(src/my_robot_bringup) by extension 'colcon_pkg'
[0.173s] Level 1:colcon.colcon_core.package_identification:_identify(src/my_robot_bringup) by extensions ['colcon_meta']
[0.173s] Level 1:colcon.colcon_core.package_identification:_identify(src/my_robot_bringup) by extension 'colcon_meta'
[0.173s] Level 1:colcon.colcon_core.package_identification:_identify(src/my_robot_bringup) by extensions ['ros']
[0.173s] Level 1:colcon.colcon_core.package_identification:_identify(src/my_robot_bringup) by extension 'ros'
[0.175s] DEBUG:colcon.colcon_core.package_identification:Package 'src/my_robot_bringup' with type 'ros.ament_cmake' and name 'my_robot_bringup'
[0.175s] Level 1:colcon.colcon_core.package_identification:_identify(src/my_robot_pkg) by extensions ['ignore', 'ignore_ament_install']
[0.175s] Level 1:colcon.colcon_core.package_identification:_identify(src/my_robot_pkg) by extension 'ignore'
[0.175s] Level 1:colcon.colcon_core.package_identification:_identify(src/my_robot_pkg) by extension 'ignore_ament_install'
[0.175s] Level 1:colcon.colcon_core.package_identification:_identify(src/my_robot_pkg) by extensions ['colcon_pkg']
[0.175s] Level 1:colcon.colcon_core.package_identification:_identify(src/my_robot_pkg) by extension 'colcon_pkg'
[0.175s] Level 1:colcon.colcon_core.package_identification:_identify(src/my_robot_pkg) by extensions ['colcon_meta']
[0.175s] Level 1:colcon.colcon_core.package_identification:_identify(src/my_robot_pkg) by extension 'colcon_meta'
[0.175s] Level 1:colcon.colcon_core.package_identification:_identify(src/my_robot_pkg) by extensions ['ros']
[0.175s] Level 1:colcon.colcon_core.package_identification:_identify(src/my_robot_pkg) by extension 'ros'
[0.176s] DEBUG:colcon.colcon_core.package_identification:Package 'src/my_robot_pkg' with type 'ros.ament_cmake' and name 'my_robot_pkg'
[0.176s] Level 1:colcon.colcon_core.package_identification:_identify(src/teleop_twist_keyboard) by extensions ['ignore', 'ignore_ament_install']
[0.176s] Level 1:colcon.colcon_core.package_identification:_identify(src/teleop_twist_keyboard) by extension 'ignore'
[0.176s] Level 1:colcon.colcon_core.package_identification:_identify(src/teleop_twist_keyboard) by extension 'ignore_ament_install'
[0.176s] Level 1:colcon.colcon_core.package_identification:_identify(src/teleop_twist_keyboard) by extensions ['colcon_pkg']
[0.176s] Level 1:colcon.colcon_core.package_identification:_identify(src/teleop_twist_keyboard) by extension 'colcon_pkg'
[0.176s] Level 1:colcon.colcon_core.package_identification:_identify(src/teleop_twist_keyboard) by extensions ['colcon_meta']
[0.176s] Level 1:colcon.colcon_core.package_identification:_identify(src/teleop_twist_keyboard) by extension 'colcon_meta'
[0.176s] Level 1:colcon.colcon_core.package_identification:_identify(src/teleop_twist_keyboard) by extensions ['ros']
[0.176s] Level 1:colcon.colcon_core.package_identification:_identify(src/teleop_twist_keyboard) by extension 'ros'
[0.176s] DEBUG:colcon.colcon_core.package_identification:Package 'src/teleop_twist_keyboard' with type 'ros.ament_python' and name 'teleop_twist_keyboard'
[0.176s] Level 1:colcon.colcon_core.package_discovery:discover_packages(recursive) using defaults
[0.176s] Level 1:colcon.colcon_core.package_discovery:discover_packages(ignore) discover
[0.176s] Level 1:colcon.colcon_core.package_discovery:discover_packages(ignore) using defaults
[0.176s] Level 1:colcon.colcon_core.package_discovery:discover_packages(path) discover
[0.176s] Level 1:colcon.colcon_core.package_discovery:discover_packages(path) using defaults
[0.189s] Level 5:colcon.colcon_core.verb:set package 'my_robot_pkg' build argument 'cmake_args' from command line to 'None'
[0.189s] Level 5:colcon.colcon_core.verb:set package 'my_robot_pkg' build argument 'cmake_target' from command line to 'None'
[0.189s] Level 5:colcon.colcon_core.verb:set package 'my_robot_pkg' build argument 'cmake_target_skip_unavailable' from command line to 'False'
[0.189s] Level 5:colcon.colcon_core.verb:set package 'my_robot_pkg' build argument 'cmake_clean_cache' from command line to 'False'
[0.190s] Level 5:colcon.colcon_core.verb:set package 'my_robot_pkg' build argument 'cmake_clean_first' from command line to 'False'
[0.190s] Level 5:colcon.colcon_core.verb:set package 'my_robot_pkg' build argument 'cmake_force_configure' from command line to 'False'
[0.190s] Level 5:colcon.colcon_core.verb:set package 'my_robot_pkg' build argument 'ament_cmake_args' from command line to 'None'
[0.190s] Level 5:colcon.colcon_core.verb:set package 'my_robot_pkg' build argument 'catkin_cmake_args' from command line to 'None'
[0.190s] Level 5:colcon.colcon_core.verb:set package 'my_robot_pkg' build argument 'catkin_skip_building_tests' from command line to 'False'
[0.190s] DEBUG:colcon.colcon_core.verb:Building package 'my_robot_pkg' with the following arguments: {'ament_cmake_args': None, 'build_base': '/root/my_robot_ws_copy/build/my_robot_pkg', 'catkin_cmake_args': None, 'catkin_skip_building_tests': False, 'cmake_args': None, 'cmake_clean_cache': False, 'cmake_clean_first': False, 'cmake_force_configure': False, 'cmake_target': None, 'cmake_target_skip_unavailable': False, 'install_base': '/root/my_robot_ws_copy/install/my_robot_pkg', 'merge_install': False, 'path': '/root/my_robot_ws_copy/src/my_robot_pkg', 'symlink_install': True, 'test_result_base': None}
[0.190s] Level 5:colcon.colcon_core.verb:set package 'teleop_twist_keyboard' build argument 'cmake_args' from command line to 'None'
[0.190s] Level 5:colcon.colcon_core.verb:set package 'teleop_twist_keyboard' build argument 'cmake_target' from command line to 'None'
[0.190s] Level 5:colcon.colcon_core.verb:set package 'teleop_twist_keyboard' build argument 'cmake_target_skip_unavailable' from command line to 'False'
[0.190s] Level 5:colcon.colcon_core.verb:set package 'teleop_twist_keyboard' build argument 'cmake_clean_cache' from command line to 'False'
[0.190s] Level 5:colcon.colcon_core.verb:set package 'teleop_twist_keyboard' build argument 'cmake_clean_first' from command line to 'False'
[0.190s] Level 5:colcon.colcon_core.verb:set package 'teleop_twist_keyboard' build argument 'cmake_force_configure' from command line to 'False'
[0.190s] Level 5:colcon.colcon_core.verb:set package 'teleop_twist_keyboard' build argument 'ament_cmake_args' from command line to 'None'
[0.190s] Level 5:colcon.colcon_core.verb:set package 'teleop_twist_keyboard' build argument 'catkin_cmake_args' from command line to 'None'
[0.190s] Level 5:colcon.colcon_core.verb:set package 'teleop_twist_keyboard' build argument 'catkin_skip_building_tests' from command line to 'False'
[0.190s] DEBUG:colcon.colcon_core.verb:Building package 'teleop_twist_keyboard' with the following arguments: {'ament_cmake_args': None, 'build_base': '/root/my_robot_ws_copy/build/teleop_twist_keyboard', 'catkin_cmake_args': None, 'catkin_skip_building_tests': False, 'cmake_args': None, 'cmake_clean_cache': False, 'cmake_clean_first': False, 'cmake_force_configure': False, 'cmake_target': None, 'cmake_target_skip_unavailable': False, 'install_base': '/root/my_robot_ws_copy/install/teleop_twist_keyboard', 'merge_install': False, 'path': '/root/my_robot_ws_copy/src/teleop_twist_keyboard', 'symlink_install': True, 'test_result_base': None}
[0.190s] Level 5:colcon.colcon_core.verb:set package 'my_robot_bringup' build argument 'cmake_args' from command line to 'None'
[0.190s] Level 5:colcon.colcon_core.verb:set package 'my_robot_bringup' build argument 'cmake_target' from command line to 'None'
[0.190s] Level 5:colcon.colcon_core.verb:set package 'my_robot_bringup' build argument 'cmake_target_skip_unavailable' from command line to 'False'
[0.190s] Level 5:colcon.colcon_core.verb:set package 'my_robot_bringup' build argument 'cmake_clean_cache' from command line to 'False'
[0.190s] Level 5:colcon.colcon_core.verb:set package 'my_robot_bringup' build argument 'cmake_clean_first' from command line to 'False'
[0.190s] Level 5:colcon.colcon_core.verb:set package 'my_robot_bringup' build argument 'cmake_force_configure' from command line to 'False'
[0.190s] Level 5:colcon.colcon_core.verb:set package 'my_robot_bringup' build argument 'ament_cmake_args' from command line to 'None'
[0.190s] Level 5:colcon.colcon_core.verb:set package 'my_robot_bringup' build argument 'catkin_cmake_args' from command line to 'None'
[0.190s] Level 5:colcon.colcon_core.verb:set package 'my_robot_bringup' build argument 'catkin_skip_building_tests' from command line to 'False'
[0.190s] DEBUG:colcon.colcon_core.verb:Building package 'my_robot_bringup' with the following arguments: {'ament_cmake_args': None, 'build_base': '/root/my_robot_ws_copy/build/my_robot_bringup', 'catkin_cmake_args': None, 'catkin_skip_building_tests': False, 'cmake_args': None, 'cmake_clean_cache': False, 'cmake_clean_first': False, 'cmake_force_configure': False, 'cmake_target': None, 'cmake_target_skip_unavailable': False, 'install_base': '/root/my_robot_ws_copy/install/my_robot_bringup', 'merge_install': False, 'path': '/root/my_robot_ws_copy/src/my_robot_bringup', 'symlink_install': True, 'test_result_base': None}
[0.190s] INFO:colcon.colcon_core.executor:Executing jobs using 'parallel' executor
[0.191s] DEBUG:colcon.colcon_parallel_executor.executor.parallel:run_until_complete
[0.191s] INFO:colcon.colcon_ros.task.ament_cmake.build:Building ROS package in '/root/my_robot_ws_copy/src/my_robot_pkg' with build type 'ament_cmake'
[0.192s] INFO:colcon.colcon_cmake.task.cmake.build:Building CMake package in '/root/my_robot_ws_copy/src/my_robot_pkg'
[0.193s] INFO:colcon.colcon_core.plugin_system:Skipping extension 'colcon_core.shell.bat': Not used on non-Windows systems
[0.193s] INFO:colcon.colcon_core.shell:Skip shell extension 'powershell' for command environment: Not usable outside of PowerShell
[0.193s] DEBUG:colcon.colcon_core.shell:Skip shell extension 'dsv' for command environment
[0.202s] INFO:colcon.colcon_ros.task.ament_python.build:Building ROS package in '/root/my_robot_ws_copy/src/teleop_twist_keyboard' with build type 'ament_python'
[0.203s] Level 1:colcon.colcon_core.shell:create_environment_hook('teleop_twist_keyboard', 'ament_prefix_path')
[0.203s] INFO:colcon.colcon_core.shell:Creating environment hook '/root/my_robot_ws_copy/install/teleop_twist_keyboard/share/teleop_twist_keyboard/hook/ament_prefix_path.ps1'
[0.203s] INFO:colcon.colcon_core.shell:Creating environment descriptor '/root/my_robot_ws_copy/install/teleop_twist_keyboard/share/teleop_twist_keyboard/hook/ament_prefix_path.dsv'
[0.204s] INFO:colcon.colcon_core.shell:Creating environment hook '/root/my_robot_ws_copy/install/teleop_twist_keyboard/share/teleop_twist_keyboard/hook/ament_prefix_path.sh'
[0.204s] INFO:colcon.colcon_core.shell:Skip shell extension 'powershell' for command environment: Not usable outside of PowerShell
[0.204s] DEBUG:colcon.colcon_core.shell:Skip shell extension 'dsv' for command environment
[0.209s] DEBUG:colcon.colcon_core.event_handler.log_command:Invoking command in '/root/my_robot_ws_copy/build/my_robot_pkg': CMAKE_PREFIX_PATH=${CMAKE_PREFIX_PATH}:/root/my_robot_ws_copy/install/teleop_twist_keyboard:/root/my_robot_ws/install/my_robot_pkg:/opt/ros/humble /usr/bin/cmake /root/my_robot_ws_copy/src/my_robot_pkg -DAMENT_CMAKE_SYMLINK_INSTALL=1 -DCMAKE_INSTALL_PREFIX=/root/my_robot_ws_copy/install/my_robot_pkg
[0.374s] INFO:colcon.colcon_core.task.python.build:Building Python package in '/root/my_robot_ws_copy/src/teleop_twist_keyboard'
[0.374s] INFO:colcon.colcon_core.shell:Skip shell extension 'powershell' for command environment: Not usable outside of PowerShell
[0.374s] DEBUG:colcon.colcon_core.shell:Skip shell extension 'dsv' for command environment
[0.385s] DEBUG:colcon.colcon_core.event_handler.log_command:Invoked command in '/root/my_robot_ws_copy/build/my_robot_pkg' returned '0': CMAKE_PREFIX_PATH=${CMAKE_PREFIX_PATH}:/root/my_robot_ws_copy/install/teleop_twist_keyboard:/root/my_robot_ws/install/my_robot_pkg:/opt/ros/humble /usr/bin/cmake /root/my_robot_ws_copy/src/my_robot_pkg -DAMENT_CMAKE_SYMLINK_INSTALL=1 -DCMAKE_INSTALL_PREFIX=/root/my_robot_ws_copy/install/my_robot_pkg
[0.386s] DEBUG:colcon.colcon_core.event_handler.log_command:Invoking command in '/root/my_robot_ws_copy/build/my_robot_pkg': CMAKE_PREFIX_PATH=${CMAKE_PREFIX_PATH}:/root/my_robot_ws_copy/install/teleop_twist_keyboard:/root/my_robot_ws/install/my_robot_pkg:/opt/ros/humble /usr/bin/cmake --build /root/my_robot_ws_copy/build/my_robot_pkg -- -j12 -l12
[0.428s] DEBUG:colcon.colcon_core.event_handler.log_command:Invoked command in '/root/my_robot_ws_copy/build/my_robot_pkg' returned '0': CMAKE_PREFIX_PATH=${CMAKE_PREFIX_PATH}:/root/my_robot_ws_copy/install/teleop_twist_keyboard:/root/my_robot_ws/install/my_robot_pkg:/opt/ros/humble /usr/bin/cmake --build /root/my_robot_ws_copy/build/my_robot_pkg -- -j12 -l12
[0.436s] DEBUG:colcon.colcon_core.event_handler.log_command:Invoking command in '/root/my_robot_ws_copy/build/my_robot_pkg': CMAKE_PREFIX_PATH=${CMAKE_PREFIX_PATH}:/root/my_robot_ws_copy/install/teleop_twist_keyboard:/root/my_robot_ws/install/my_robot_pkg:/opt/ros/humble /usr/bin/cmake --install /root/my_robot_ws_copy/build/my_robot_pkg
[0.457s] Level 1:colcon.colcon_core.environment:create_environment_scripts_only(my_robot_pkg)
[0.457s] DEBUG:colcon.colcon_core.event_handler.log_command:Invoked command in '/root/my_robot_ws_copy/build/my_robot_pkg' returned '0': CMAKE_PREFIX_PATH=${CMAKE_PREFIX_PATH}:/root/my_robot_ws_copy/install/teleop_twist_keyboard:/root/my_robot_ws/install/my_robot_pkg:/opt/ros/humble /usr/bin/cmake --install /root/my_robot_ws_copy/build/my_robot_pkg
[0.459s] Level 1:colcon.colcon_core.environment:checking '/root/my_robot_ws_copy/install/my_robot_pkg' for CMake module files
[0.459s] Level 1:colcon.colcon_core.environment:checking '/root/my_robot_ws_copy/install/my_robot_pkg' for CMake config files
[0.459s] Level 1:colcon.colcon_core.shell:create_environment_hook('my_robot_pkg', 'cmake_prefix_path')
[0.459s] INFO:colcon.colcon_core.shell:Creating environment hook '/root/my_robot_ws_copy/install/my_robot_pkg/share/my_robot_pkg/hook/cmake_prefix_path.ps1'
[0.460s] INFO:colcon.colcon_core.shell:Creating environment descriptor '/root/my_robot_ws_copy/install/my_robot_pkg/share/my_robot_pkg/hook/cmake_prefix_path.dsv'
[0.460s] INFO:colcon.colcon_core.shell:Creating environment hook '/root/my_robot_ws_copy/install/my_robot_pkg/share/my_robot_pkg/hook/cmake_prefix_path.sh'
[0.460s] Level 1:colcon.colcon_core.environment:checking '/root/my_robot_ws_copy/install/my_robot_pkg/bin'
[0.460s] Level 1:colcon.colcon_core.environment:checking '/root/my_robot_ws_copy/install/my_robot_pkg/lib/pkgconfig/my_robot_pkg.pc'
[0.461s] Level 1:colcon.colcon_core.environment:checking '/root/my_robot_ws_copy/install/my_robot_pkg/lib/python3.10/site-packages'
[0.461s] Level 1:colcon.colcon_core.environment:checking '/root/my_robot_ws_copy/install/my_robot_pkg/bin'
[0.461s] INFO:colcon.colcon_core.shell:Creating package script '/root/my_robot_ws_copy/install/my_robot_pkg/share/my_robot_pkg/package.ps1'
[0.461s] INFO:colcon.colcon_core.shell:Creating package descriptor '/root/my_robot_ws_copy/install/my_robot_pkg/share/my_robot_pkg/package.dsv'
[0.462s] INFO:colcon.colcon_core.shell:Creating package script '/root/my_robot_ws_copy/install/my_robot_pkg/share/my_robot_pkg/package.sh'
[0.462s] INFO:colcon.colcon_core.shell:Creating package script '/root/my_robot_ws_copy/install/my_robot_pkg/share/my_robot_pkg/package.bash'
[0.463s] INFO:colcon.colcon_core.shell:Creating package script '/root/my_robot_ws_copy/install/my_robot_pkg/share/my_robot_pkg/package.zsh'
[0.463s] Level 1:colcon.colcon_core.environment:create_file_with_runtime_dependencies(/root/my_robot_ws_copy/install/my_robot_pkg/share/colcon-core/packages/my_robot_pkg)
[0.463s] Level 1:colcon.colcon_core.environment:create_environment_scripts_only(my_robot_pkg)
[0.463s] Level 1:colcon.colcon_core.environment:checking '/root/my_robot_ws_copy/install/my_robot_pkg' for CMake module files
[0.464s] Level 1:colcon.colcon_core.environment:checking '/root/my_robot_ws_copy/install/my_robot_pkg' for CMake config files
[0.464s] Level 1:colcon.colcon_core.shell:create_environment_hook('my_robot_pkg', 'cmake_prefix_path')
[0.464s] INFO:colcon.colcon_core.shell:Creating environment hook '/root/my_robot_ws_copy/install/my_robot_pkg/share/my_robot_pkg/hook/cmake_prefix_path.ps1'
[0.464s] INFO:colcon.colcon_core.shell:Creating environment descriptor '/root/my_robot_ws_copy/install/my_robot_pkg/share/my_robot_pkg/hook/cmake_prefix_path.dsv'
[0.464s] INFO:colcon.colcon_core.shell:Creating environment hook '/root/my_robot_ws_copy/install/my_robot_pkg/share/my_robot_pkg/hook/cmake_prefix_path.sh'
[0.465s] Level 1:colcon.colcon_core.environment:checking '/root/my_robot_ws_copy/install/my_robot_pkg/bin'
[0.465s] Level 1:colcon.colcon_core.environment:checking '/root/my_robot_ws_copy/install/my_robot_pkg/lib/pkgconfig/my_robot_pkg.pc'
[0.465s] Level 1:colcon.colcon_core.environment:checking '/root/my_robot_ws_copy/install/my_robot_pkg/lib/python3.10/site-packages'
[0.465s] Level 1:colcon.colcon_core.environment:checking '/root/my_robot_ws_copy/install/my_robot_pkg/bin'
[0.465s] INFO:colcon.colcon_core.shell:Creating package script '/root/my_robot_ws_copy/install/my_robot_pkg/share/my_robot_pkg/package.ps1'
[0.465s] INFO:colcon.colcon_core.shell:Creating package descriptor '/root/my_robot_ws_copy/install/my_robot_pkg/share/my_robot_pkg/package.dsv'
[0.466s] INFO:colcon.colcon_core.shell:Creating package script '/root/my_robot_ws_copy/install/my_robot_pkg/share/my_robot_pkg/package.sh'
[0.466s] INFO:colcon.colcon_core.shell:Creating package script '/root/my_robot_ws_copy/install/my_robot_pkg/share/my_robot_pkg/package.bash'
[0.466s] INFO:colcon.colcon_core.shell:Creating package script '/root/my_robot_ws_copy/install/my_robot_pkg/share/my_robot_pkg/package.zsh'
[0.466s] Level 1:colcon.colcon_core.environment:create_file_with_runtime_dependencies(/root/my_robot_ws_copy/install/my_robot_pkg/share/colcon-core/packages/my_robot_pkg)
[0.467s] INFO:colcon.colcon_ros.task.ament_cmake.build:Building ROS package in '/root/my_robot_ws_copy/src/my_robot_bringup' with build type 'ament_cmake'
[0.467s] INFO:colcon.colcon_cmake.task.cmake.build:Building CMake package in '/root/my_robot_ws_copy/src/my_robot_bringup'
[0.467s] INFO:colcon.colcon_core.shell:Skip shell extension 'powershell' for command environment: Not usable outside of PowerShell
[0.467s] DEBUG:colcon.colcon_core.shell:Skip shell extension 'dsv' for command environment
[0.478s] DEBUG:colcon.colcon_core.event_handler.log_command:Invoking command in '/root/my_robot_ws_copy/build/my_robot_bringup': CMAKE_PREFIX_PATH=/root/my_robot_ws_copy/install/my_robot_pkg:/root/my_robot_ws/install/my_robot_bringup:/root/my_robot_ws_copy/install/my_robot_bringup:/root/mobile_robot_ws/src/install/mobile_robot_description:/root/abood_ws/install/my_custom_interfaces:/root/mobile_robot_ws/install/mobile_robot_description:/root/my_robot_ws_copy/install/teleop_twist_keyboard:/root/my_robot_ws/install/my_robot_pkg:/opt/ros/humble /usr/bin/cmake /root/my_robot_ws_copy/src/my_robot_bringup -DAMENT_CMAKE_SYMLINK_INSTALL=1 -DCMAKE_INSTALL_PREFIX=/root/my_robot_ws_copy/install/my_robot_bringup
[0.610s] DEBUG:colcon.colcon_core.task.python.build:While undoing a previous installation files outside the Python library path are being ignored: /root/my_robot_ws_copy/install/teleop_twist_keyboard/share/ament_index/resource_index/packages/teleop_twist_keyboard
[0.610s] DEBUG:colcon.colcon_core.task.python.build:While undoing a previous installation files outside the Python library path are being ignored: /root/my_robot_ws_copy/install/teleop_twist_keyboard/share/teleop_twist_keyboard/package.xml
[0.610s] DEBUG:colcon.colcon_core.task.python.build:While undoing a previous installation files outside the Python library path are being ignored: /root/my_robot_ws_copy/install/teleop_twist_keyboard/lib/teleop_twist_keyboard/teleop_twist_keyboard
[0.613s] DEBUG:colcon.colcon_core.event_handler.log_command:Invoking command in '/root/my_robot_ws_copy/build/teleop_twist_keyboard': PYTHONPATH=/root/my_robot_ws_copy/build/teleop_twist_keyboard/prefix_override:/usr/lib/python3/dist-packages/colcon_core/task/python/colcon_distutils_commands:/root/my_robot_ws_copy/install/teleop_twist_keyboard/lib/python3.10/site-packages:${PYTHONPATH} /usr/bin/python3 -W ignore:setup.py install is deprecated -W ignore:easy_install command is deprecated setup.py develop --editable --build-directory /root/my_robot_ws_copy/build/teleop_twist_keyboard/build --no-deps symlink_data --force
[0.647s] DEBUG:colcon.colcon_core.event_handler.log_command:Invoked command in '/root/my_robot_ws_copy/build/my_robot_bringup' returned '0': CMAKE_PREFIX_PATH=/root/my_robot_ws_copy/install/my_robot_pkg:/root/my_robot_ws/install/my_robot_bringup:/root/my_robot_ws_copy/install/my_robot_bringup:/root/mobile_robot_ws/src/install/mobile_robot_description:/root/abood_ws/install/my_custom_interfaces:/root/mobile_robot_ws/install/mobile_robot_description:/root/my_robot_ws_copy/install/teleop_twist_keyboard:/root/my_robot_ws/install/my_robot_pkg:/opt/ros/humble /usr/bin/cmake /root/my_robot_ws_copy/src/my_robot_bringup -DAMENT_CMAKE_SYMLINK_INSTALL=1 -DCMAKE_INSTALL_PREFIX=/root/my_robot_ws_copy/install/my_robot_bringup
[0.648s] DEBUG:colcon.colcon_core.event_handler.log_command:Invoking command in '/root/my_robot_ws_copy/build/my_robot_bringup': CMAKE_PREFIX_PATH=/root/my_robot_ws_copy/install/my_robot_pkg:/root/my_robot_ws/install/my_robot_bringup:/root/my_robot_ws_copy/install/my_robot_bringup:/root/mobile_robot_ws/src/install/mobile_robot_description:/root/abood_ws/install/my_custom_interfaces:/root/mobile_robot_ws/install/mobile_robot_description:/root/my_robot_ws_copy/install/teleop_twist_keyboard:/root/my_robot_ws/install/my_robot_pkg:/opt/ros/humble /usr/bin/cmake --build /root/my_robot_ws_copy/build/my_robot_bringup -- -j12 -l12
[0.683s] DEBUG:colcon.colcon_core.event_handler.log_command:Invoked command in '/root/my_robot_ws_copy/build/my_robot_bringup' returned '0': CMAKE_PREFIX_PATH=/root/my_robot_ws_copy/install/my_robot_pkg:/root/my_robot_ws/install/my_robot_bringup:/root/my_robot_ws_copy/install/my_robot_bringup:/root/mobile_robot_ws/src/install/mobile_robot_description:/root/abood_ws/install/my_custom_interfaces:/root/mobile_robot_ws/install/mobile_robot_description:/root/my_robot_ws_copy/install/teleop_twist_keyboard:/root/my_robot_ws/install/my_robot_pkg:/opt/ros/humble /usr/bin/cmake --build /root/my_robot_ws_copy/build/my_robot_bringup -- -j12 -l12
[0.684s] DEBUG:colcon.colcon_core.event_handler.log_command:Invoking command in '/root/my_robot_ws_copy/build/my_robot_bringup': CMAKE_PREFIX_PATH=/root/my_robot_ws_copy/install/my_robot_pkg:/root/my_robot_ws/install/my_robot_bringup:/root/my_robot_ws_copy/install/my_robot_bringup:/root/mobile_robot_ws/src/install/mobile_robot_description:/root/abood_ws/install/my_custom_interfaces:/root/mobile_robot_ws/install/mobile_robot_description:/root/my_robot_ws_copy/install/teleop_twist_keyboard:/root/my_robot_ws/install/my_robot_pkg:/opt/ros/humble /usr/bin/cmake --install /root/my_robot_ws_copy/build/my_robot_bringup
[0.704s] Level 1:colcon.colcon_core.environment:create_environment_scripts_only(my_robot_bringup)
[0.704s] Level 1:colcon.colcon_core.environment:checking '/root/my_robot_ws_copy/install/my_robot_bringup' for CMake module files
[0.704s] DEBUG:colcon.colcon_core.event_handler.log_command:Invoked command in '/root/my_robot_ws_copy/build/my_robot_bringup' returned '0': CMAKE_PREFIX_PATH=/root/my_robot_ws_copy/install/my_robot_pkg:/root/my_robot_ws/install/my_robot_bringup:/root/my_robot_ws_copy/install/my_robot_bringup:/root/mobile_robot_ws/src/install/mobile_robot_description:/root/abood_ws/install/my_custom_interfaces:/root/mobile_robot_ws/install/mobile_robot_description:/root/my_robot_ws_copy/install/teleop_twist_keyboard:/root/my_robot_ws/install/my_robot_pkg:/opt/ros/humble /usr/bin/cmake --install /root/my_robot_ws_copy/build/my_robot_bringup
[0.705s] Level 1:colcon.colcon_core.environment:checking '/root/my_robot_ws_copy/install/my_robot_bringup' for CMake config files
[0.705s] Level 1:colcon.colcon_core.shell:create_environment_hook('my_robot_bringup', 'cmake_prefix_path')
[0.705s] INFO:colcon.colcon_core.shell:Creating environment hook '/root/my_robot_ws_copy/install/my_robot_bringup/share/my_robot_bringup/hook/cmake_prefix_path.ps1'
[0.705s] INFO:colcon.colcon_core.shell:Creating environment descriptor '/root/my_robot_ws_copy/install/my_robot_bringup/share/my_robot_bringup/hook/cmake_prefix_path.dsv'
[0.705s] INFO:colcon.colcon_core.shell:Creating environment hook '/root/my_robot_ws_copy/install/my_robot_bringup/share/my_robot_bringup/hook/cmake_prefix_path.sh'
[0.706s] Level 1:colcon.colcon_core.environment:checking '/root/my_robot_ws_copy/install/my_robot_bringup/lib'
[0.706s] Level 1:colcon.colcon_core.environment:checking '/root/my_robot_ws_copy/install/my_robot_bringup/bin'
[0.706s] Level 1:colcon.colcon_core.environment:checking '/root/my_robot_ws_copy/install/my_robot_bringup/lib/pkgconfig/my_robot_bringup.pc'
[0.706s] Level 1:colcon.colcon_core.environment:checking '/root/my_robot_ws_copy/install/my_robot_bringup/lib/python3.10/site-packages'
[0.706s] Level 1:colcon.colcon_core.environment:checking '/root/my_robot_ws_copy/install/my_robot_bringup/bin'
[0.707s] INFO:colcon.colcon_core.shell:Creating package script '/root/my_robot_ws_copy/install/my_robot_bringup/share/my_robot_bringup/package.ps1'
[0.707s] INFO:colcon.colcon_core.shell:Creating package descriptor '/root/my_robot_ws_copy/install/my_robot_bringup/share/my_robot_bringup/package.dsv'
[0.708s] INFO:colcon.colcon_core.shell:Creating package script '/root/my_robot_ws_copy/install/my_robot_bringup/share/my_robot_bringup/package.sh'
[0.708s] INFO:colcon.colcon_core.shell:Creating package script '/root/my_robot_ws_copy/install/my_robot_bringup/share/my_robot_bringup/package.bash'
[0.708s] INFO:colcon.colcon_core.shell:Creating package script '/root/my_robot_ws_copy/install/my_robot_bringup/share/my_robot_bringup/package.zsh'
[0.709s] Level 1:colcon.colcon_core.environment:create_file_with_runtime_dependencies(/root/my_robot_ws_copy/install/my_robot_bringup/share/colcon-core/packages/my_robot_bringup)
[0.709s] Level 1:colcon.colcon_core.environment:create_environment_scripts_only(my_robot_bringup)
[0.710s] Level 1:colcon.colcon_core.environment:checking '/root/my_robot_ws_copy/install/my_robot_bringup' for CMake module files
[0.710s] Level 1:colcon.colcon_core.environment:checking '/root/my_robot_ws_copy/install/my_robot_bringup' for CMake config files
[0.710s] Level 1:colcon.colcon_core.shell:create_environment_hook('my_robot_bringup', 'cmake_prefix_path')
[0.710s] INFO:colcon.colcon_core.shell:Creating environment hook '/root/my_robot_ws_copy/install/my_robot_bringup/share/my_robot_bringup/hook/cmake_prefix_path.ps1'
[0.711s] INFO:colcon.colcon_core.shell:Creating environment descriptor '/root/my_robot_ws_copy/install/my_robot_bringup/share/my_robot_bringup/hook/cmake_prefix_path.dsv'
[0.711s] INFO:colcon.colcon_core.shell:Creating environment hook '/root/my_robot_ws_copy/install/my_robot_bringup/share/my_robot_bringup/hook/cmake_prefix_path.sh'
[0.711s] Level 1:colcon.colcon_core.environment:checking '/root/my_robot_ws_copy/install/my_robot_bringup/lib'
[0.711s] Level 1:colcon.colcon_core.environment:checking '/root/my_robot_ws_copy/install/my_robot_bringup/bin'
[0.711s] Level 1:colcon.colcon_core.environment:checking '/root/my_robot_ws_copy/install/my_robot_bringup/lib/pkgconfig/my_robot_bringup.pc'
[0.712s] Level 1:colcon.colcon_core.environment:checking '/root/my_robot_ws_copy/install/my_robot_bringup/lib/python3.10/site-packages'
[0.712s] Level 1:colcon.colcon_core.environment:checking '/root/my_robot_ws_copy/install/my_robot_bringup/bin'
[0.712s] INFO:colcon.colcon_core.shell:Creating package script '/root/my_robot_ws_copy/install/my_robot_bringup/share/my_robot_bringup/package.ps1'
[0.712s] INFO:colcon.colcon_core.shell:Creating package descriptor '/root/my_robot_ws_copy/install/my_robot_bringup/share/my_robot_bringup/package.dsv'
[0.713s] INFO:colcon.colcon_core.shell:Creating package script '/root/my_robot_ws_copy/install/my_robot_bringup/share/my_robot_bringup/package.sh'
[0.713s] INFO:colcon.colcon_core.shell:Creating package script '/root/my_robot_ws_copy/install/my_robot_bringup/share/my_robot_bringup/package.bash'
[0.713s] INFO:colcon.colcon_core.shell:Creating package script '/root/my_robot_ws_copy/install/my_robot_bringup/share/my_robot_bringup/package.zsh'
[0.713s] Level 1:colcon.colcon_core.environment:create_file_with_runtime_dependencies(/root/my_robot_ws_copy/install/my_robot_bringup/share/colcon-core/packages/my_robot_bringup)
[0.905s] Level 1:colcon.colcon_core.shell:create_environment_hook('teleop_twist_keyboard', 'pythonpath_develop')
[0.906s] INFO:colcon.colcon_core.shell:Creating environment hook '/root/my_robot_ws_copy/build/teleop_twist_keyboard/share/teleop_twist_keyboard/hook/pythonpath_develop.ps1'
[0.906s] DEBUG:colcon.colcon_core.event_handler.log_command:Invoked command in '/root/my_robot_ws_copy/build/teleop_twist_keyboard' returned '0': PYTHONPATH=/root/my_robot_ws_copy/build/teleop_twist_keyboard/prefix_override:/usr/lib/python3/dist-packages/colcon_core/task/python/colcon_distutils_commands:/root/my_robot_ws_copy/install/teleop_twist_keyboard/lib/python3.10/site-packages:${PYTHONPATH} /usr/bin/python3 -W ignore:setup.py install is deprecated -W ignore:easy_install command is deprecated setup.py develop --editable --build-directory /root/my_robot_ws_copy/build/teleop_twist_keyboard/build --no-deps symlink_data --force
[0.907s] INFO:colcon.colcon_core.shell:Creating environment descriptor '/root/my_robot_ws_copy/build/teleop_twist_keyboard/share/teleop_twist_keyboard/hook/pythonpath_develop.dsv'
[0.907s] INFO:colcon.colcon_core.shell:Creating environment hook '/root/my_robot_ws_copy/build/teleop_twist_keyboard/share/teleop_twist_keyboard/hook/pythonpath_develop.sh'
[0.908s] Level 1:colcon.colcon_core.environment:checking '/root/my_robot_ws_copy/install/teleop_twist_keyboard' for CMake module files
[0.908s] Level 1:colcon.colcon_core.environment:checking '/root/my_robot_ws_copy/install/teleop_twist_keyboard' for CMake config files
[0.909s] Level 1:colcon.colcon_core.environment:checking '/root/my_robot_ws_copy/install/teleop_twist_keyboard/lib'
[0.909s] Level 1:colcon.colcon_core.environment:checking '/root/my_robot_ws_copy/install/teleop_twist_keyboard/bin'
[0.909s] Level 1:colcon.colcon_core.environment:checking '/root/my_robot_ws_copy/install/teleop_twist_keyboard/lib/pkgconfig/teleop_twist_keyboard.pc'
[0.909s] Level 1:colcon.colcon_core.environment:checking '/root/my_robot_ws_copy/install/teleop_twist_keyboard/lib/python3.10/site-packages'
[0.909s] Level 1:colcon.colcon_core.shell:create_environment_hook('teleop_twist_keyboard', 'pythonpath')
[0.909s] INFO:colcon.colcon_core.shell:Creating environment hook '/root/my_robot_ws_copy/install/teleop_twist_keyboard/share/teleop_twist_keyboard/hook/pythonpath.ps1'
[0.910s] INFO:colcon.colcon_core.shell:Creating environment descriptor '/root/my_robot_ws_copy/install/teleop_twist_keyboard/share/teleop_twist_keyboard/hook/pythonpath.dsv'
[0.910s] INFO:colcon.colcon_core.shell:Creating environment hook '/root/my_robot_ws_copy/install/teleop_twist_keyboard/share/teleop_twist_keyboard/hook/pythonpath.sh'
[0.910s] Level 1:colcon.colcon_core.environment:checking '/root/my_robot_ws_copy/install/teleop_twist_keyboard/bin'
[0.911s] Level 1:colcon.colcon_core.environment:create_environment_scripts_only(teleop_twist_keyboard)
[0.911s] INFO:colcon.colcon_core.shell:Creating package script '/root/my_robot_ws_copy/install/teleop_twist_keyboard/share/teleop_twist_keyboard/package.ps1'
[0.911s] INFO:colcon.colcon_core.shell:Creating package descriptor '/root/my_robot_ws_copy/install/teleop_twist_keyboard/share/teleop_twist_keyboard/package.dsv'
[0.912s] INFO:colcon.colcon_core.shell:Creating package script '/root/my_robot_ws_copy/install/teleop_twist_keyboard/share/teleop_twist_keyboard/package.sh'
[0.912s] INFO:colcon.colcon_core.shell:Creating package script '/root/my_robot_ws_copy/install/teleop_twist_keyboard/share/teleop_twist_keyboard/package.bash'
[0.912s] INFO:colcon.colcon_core.shell:Creating package script '/root/my_robot_ws_copy/install/teleop_twist_keyboard/share/teleop_twist_keyboard/package.zsh'
[0.912s] Level 1:colcon.colcon_core.environment:create_file_with_runtime_dependencies(/root/my_robot_ws_copy/install/teleop_twist_keyboard/share/colcon-core/packages/teleop_twist_keyboard)
[0.913s] DEBUG:colcon.colcon_parallel_executor.executor.parallel:closing loop
[0.913s] DEBUG:colcon.colcon_parallel_executor.executor.parallel:loop closed
[0.913s] DEBUG:colcon.colcon_parallel_executor.executor.parallel:run_until_complete finished with '0'
[0.913s] DEBUG:colcon.colcon_core.event_reactor:joining thread
[0.917s] INFO:colcon.colcon_core.plugin_system:Skipping extension 'colcon_notification.desktop_notification.notify_send': Could not find 'notify-send'
[0.917s] INFO:colcon.colcon_core.plugin_system:Skipping extension 'colcon_notification.desktop_notification.terminal_notifier': Not used on non-Darwin systems
[0.917s] INFO:colcon.colcon_core.plugin_system:Skipping extension 'colcon_notification.desktop_notification.win32': Not used on non-Windows systems
[0.917s] INFO:colcon.colcon_notification.desktop_notification:Sending desktop notification using 'notify2'
[0.922s] DEBUG:colcon.colcon_notification.desktop_notification.notify2:Failed to initialize notify2: org.freedesktop.DBus.Error.Spawn.ExecFailed: /usr/bin/dbus-launch terminated abnormally without any error message
[0.923s] DEBUG:colcon.colcon_core.event_reactor:joined thread
[0.923s] INFO:colcon.colcon_core.shell:Creating prefix script '/root/my_robot_ws_copy/install/local_setup.ps1'
[0.924s] INFO:colcon.colcon_core.shell:Creating prefix util module '/root/my_robot_ws_copy/install/_local_setup_util_ps1.py'
[0.925s] INFO:colcon.colcon_core.shell:Creating prefix chain script '/root/my_robot_ws_copy/install/setup.ps1'
[0.926s] INFO:colcon.colcon_core.shell:Creating prefix script '/root/my_robot_ws_copy/install/local_setup.sh'
[0.927s] INFO:colcon.colcon_core.shell:Creating prefix util module '/root/my_robot_ws_copy/install/_local_setup_util_sh.py'
[0.927s] INFO:colcon.colcon_core.shell:Creating prefix chain script '/root/my_robot_ws_copy/install/setup.sh'
[0.928s] INFO:colcon.colcon_core.shell:Creating prefix script '/root/my_robot_ws_copy/install/local_setup.bash'
[0.929s] INFO:colcon.colcon_core.shell:Creating prefix chain script '/root/my_robot_ws_copy/install/setup.bash'
[0.930s] INFO:colcon.colcon_core.shell:Creating prefix script '/root/my_robot_ws_copy/install/local_setup.zsh'
[0.930s] INFO:colcon.colcon_core.shell:Creating prefix chain script '/root/my_robot_ws_copy/install/setup.zsh'
