[0.012s] Invoking command in '/root/my_robot_ws_copy/build/my_robot_bringup': AMENT_PREFIX_PATH=/root/my_robot_ws_copy/install/my_robot_pkg:${AMENT_PREFIX_PATH} CMAKE_PREFIX_PATH=/root/my_robot_ws_copy/install/my_robot_pkg:/root/abood_ws/install/my_custom_interfaces:/root/mobile_robot_ws/install/mobile_robot_description:/root/my_robot_ws/install/my_robot_pkg:/root/my_robot_ws/install/my_robot_bringup:/opt/ros/humble /usr/bin/cmake --build /root/my_robot_ws_copy/build/my_robot_bringup -- -j12 -l12
[0.046s] Invoked command in '/root/my_robot_ws_copy/build/my_robot_bringup' returned '0': AMENT_PREFIX_PATH=/root/my_robot_ws_copy/install/my_robot_pkg:${AMENT_PREFIX_PATH} CMAKE_PREFIX_PATH=/root/my_robot_ws_copy/install/my_robot_pkg:/root/abood_ws/install/my_custom_interfaces:/root/mobile_robot_ws/install/mobile_robot_description:/root/my_robot_ws/install/my_robot_pkg:/root/my_robot_ws/install/my_robot_bringup:/opt/ros/humble /usr/bin/cmake --build /root/my_robot_ws_copy/build/my_robot_bringup -- -j12 -l12
[0.047s] Invoking command in '/root/my_robot_ws_copy/build/my_robot_bringup': AMENT_PREFIX_PATH=/root/my_robot_ws_copy/install/my_robot_pkg:${AMENT_PREFIX_PATH} CMAKE_PREFIX_PATH=/root/my_robot_ws_copy/install/my_robot_pkg:/root/abood_ws/install/my_custom_interfaces:/root/mobile_robot_ws/install/mobile_robot_description:/root/my_robot_ws/install/my_robot_pkg:/root/my_robot_ws/install/my_robot_bringup:/opt/ros/humble /usr/bin/cmake --install /root/my_robot_ws_copy/build/my_robot_bringup
[0.052s] -- Install configuration: ""
[0.053s] -- Execute custom install script
[0.053s] -- Up-to-date symlink: /root/my_robot_ws_copy/install/my_robot_bringup/share/my_robot_bringup/launch/my_robot.launch.xml
[0.054s] -- Up-to-date symlink: /root/my_robot_ws_copy/install/my_robot_bringup/share/my_robot_bringup/config/gazebo_bridge.yaml
[0.054s] -- Up-to-date symlink: /root/my_robot_ws_copy/install/my_robot_bringup/share/my_robot_bringup/config/my_robot_controllers.yaml
[0.054s] -- Up-to-date symlink: /root/my_robot_ws_copy/install/my_robot_bringup/lib/my_robot_bringup/cmd_vel_publisher.py
[0.054s] -- Up-to-date symlink: /root/my_robot_ws_copy/install/my_robot_bringup/share/ament_index/resource_index/package_run_dependencies/my_robot_bringup
[0.054s] -- Up-to-date symlink: /root/my_robot_ws_copy/install/my_robot_bringup/share/ament_index/resource_index/parent_prefix_path/my_robot_bringup
[0.054s] -- Up-to-date symlink: /root/my_robot_ws_copy/install/my_robot_bringup/share/my_robot_bringup/environment/ament_prefix_path.sh
[0.054s] -- Up-to-date symlink: /root/my_robot_ws_copy/install/my_robot_bringup/share/my_robot_bringup/environment/ament_prefix_path.dsv
[0.054s] -- Up-to-date symlink: /root/my_robot_ws_copy/install/my_robot_bringup/share/my_robot_bringup/environment/path.sh
[0.054s] -- Up-to-date symlink: /root/my_robot_ws_copy/install/my_robot_bringup/share/my_robot_bringup/environment/path.dsv
[0.054s] -- Up-to-date symlink: /root/my_robot_ws_copy/install/my_robot_bringup/share/my_robot_bringup/local_setup.bash
[0.055s] -- Up-to-date symlink: /root/my_robot_ws_copy/install/my_robot_bringup/share/my_robot_bringup/local_setup.sh
[0.055s] -- Up-to-date symlink: /root/my_robot_ws_copy/install/my_robot_bringup/share/my_robot_bringup/local_setup.zsh
[0.055s] -- Up-to-date symlink: /root/my_robot_ws_copy/install/my_robot_bringup/share/my_robot_bringup/local_setup.dsv
[0.055s] -- Symlinking: /root/my_robot_ws_copy/install/my_robot_bringup/share/my_robot_bringup/package.dsv
[0.061s] -- Up-to-date symlink: /root/my_robot_ws_copy/install/my_robot_bringup/share/ament_index/resource_index/packages/my_robot_bringup
[0.061s] -- Up-to-date symlink: /root/my_robot_ws_copy/install/my_robot_bringup/share/my_robot_bringup/cmake/my_robot_bringupConfig.cmake
[0.061s] -- Up-to-date symlink: /root/my_robot_ws_copy/install/my_robot_bringup/share/my_robot_bringup/cmake/my_robot_bringupConfig-version.cmake
[0.061s] -- Up-to-date symlink: /root/my_robot_ws_copy/install/my_robot_bringup/share/my_robot_bringup/package.xml
[0.063s] Invoked command in '/root/my_robot_ws_copy/build/my_robot_bringup' returned '0': AMENT_PREFIX_PATH=/root/my_robot_ws_copy/install/my_robot_pkg:${AMENT_PREFIX_PATH} CMAKE_PREFIX_PATH=/root/my_robot_ws_copy/install/my_robot_pkg:/root/abood_ws/install/my_custom_interfaces:/root/mobile_robot_ws/install/mobile_robot_description:/root/my_robot_ws/install/my_robot_pkg:/root/my_robot_ws/install/my_robot_bringup:/opt/ros/humble /usr/bin/cmake --install /root/my_robot_ws_copy/build/my_robot_bringup
