-- The C compiler identification is GNU 11.4.0
-- The CXX compiler identification is GNU 11.4.0
-- Detecting C compiler ABI info
-- Detecting C compiler ABI info - done
-- Check for working C compiler: /usr/bin/cc - skipped
-- Detecting C compile features
-- Detecting C compile features - done
-- Detecting CXX compiler ABI info
-- Detecting CXX compiler ABI info - done
-- Check for working CXX compiler: /usr/bin/c++ - skipped
-- Detecting CXX compile features
-- Detecting CXX compile features - done
-- Found ament_cmake: 1.3.11 (/opt/ros/humble/share/ament_cmake/cmake)
-- Found Python3: /usr/bin/python3 (found version "3.10.12") found components: Interpreter 
-- Override CMake install command with custom implementation using symlinks instead of copying resources
-- Found xacro: 2.0.13 (/opt/ros/humble/share/xacro/cmake)
-- Found ament_lint_auto: 0.12.12 (/opt/ros/humble/share/ament_lint_auto/cmake)
-- Added test 'lint_cmake' to check CMake code style
-- Added test 'xmllint' to check XML markup files
-- Configuring done
-- Generating done
-- Build files have been written to: /root/my_robot_ws_copy/build/my_robot_pkg
-- Install configuration: ""
-- Execute custom install script
-- Symlinking: /root/my_robot_ws_copy/install/my_robot_pkg/share/my_robot_pkg/urdf/common_properties.xacro
-- Symlinking: /root/my_robot_ws_copy/install/my_robot_pkg/share/my_robot_pkg/urdf/mobile_base.xacro
-- Symlinking: /root/my_robot_ws_copy/install/my_robot_pkg/share/my_robot_pkg/urdf/mobile_base_gazebo.xacro
-- Symlinking: /root/my_robot_ws_copy/install/my_robot_pkg/share/my_robot_pkg/urdf/my_robot.urdf
-- Symlinking: /root/my_robot_ws_copy/install/my_robot_pkg/share/my_robot_pkg/urdf/my_robot.urdf.xacro
-- Symlinking: /root/my_robot_ws_copy/install/my_robot_pkg/share/my_robot_pkg/rviz/urdf_config.rviz
-- Symlinking: /root/my_robot_ws_copy/install/my_robot_pkg/share/my_robot_pkg/launch/display.launch.xml
-- Symlinking: /root/my_robot_ws_copy/install/my_robot_pkg/share/ament_index/resource_index/package_run_dependencies/my_robot_pkg
-- Symlinking: /root/my_robot_ws_copy/install/my_robot_pkg/share/ament_index/resource_index/parent_prefix_path/my_robot_pkg
-- Symlinking: /root/my_robot_ws_copy/install/my_robot_pkg/share/my_robot_pkg/environment/ament_prefix_path.sh
-- Symlinking: /root/my_robot_ws_copy/install/my_robot_pkg/share/my_robot_pkg/environment/ament_prefix_path.dsv
-- Symlinking: /root/my_robot_ws_copy/install/my_robot_pkg/share/my_robot_pkg/environment/path.sh
-- Symlinking: /root/my_robot_ws_copy/install/my_robot_pkg/share/my_robot_pkg/environment/path.dsv
-- Symlinking: /root/my_robot_ws_copy/install/my_robot_pkg/share/my_robot_pkg/local_setup.bash
-- Symlinking: /root/my_robot_ws_copy/install/my_robot_pkg/share/my_robot_pkg/local_setup.sh
-- Symlinking: /root/my_robot_ws_copy/install/my_robot_pkg/share/my_robot_pkg/local_setup.zsh
-- Symlinking: /root/my_robot_ws_copy/install/my_robot_pkg/share/my_robot_pkg/local_setup.dsv
-- Symlinking: /root/my_robot_ws_copy/install/my_robot_pkg/share/my_robot_pkg/package.dsv
-- Symlinking: /root/my_robot_ws_copy/install/my_robot_pkg/share/ament_index/resource_index/packages/my_robot_pkg
-- Symlinking: /root/my_robot_ws_copy/install/my_robot_pkg/share/my_robot_pkg/cmake/my_robot_pkgConfig.cmake
-- Symlinking: /root/my_robot_ws_copy/install/my_robot_pkg/share/my_robot_pkg/cmake/my_robot_pkgConfig-version.cmake
-- Symlinking: /root/my_robot_ws_copy/install/my_robot_pkg/share/my_robot_pkg/package.xml
