[0.009s] Invoking command in '/root/my_robot_ws_copy/build/my_robot_pkg': /usr/bin/cmake --build /root/my_robot_ws_copy/build/my_robot_pkg -- -j12 -l12
[0.051s] Invoked command in '/root/my_robot_ws_copy/build/my_robot_pkg' returned '0': /usr/bin/cmake --build /root/my_robot_ws_copy/build/my_robot_pkg -- -j12 -l12
[0.065s] Invoking command in '/root/my_robot_ws_copy/build/my_robot_pkg': /usr/bin/cmake --install /root/my_robot_ws_copy/build/my_robot_pkg
[0.076s] -- Install configuration: ""
[0.077s] -- Execute custom install script
[0.077s] -- Up-to-date symlink: /root/my_robot_ws_copy/install/my_robot_pkg/share/my_robot_pkg/urdf/common_properties.xacro
[0.078s] -- Up-to-date symlink: /root/my_robot_ws_copy/install/my_robot_pkg/share/my_robot_pkg/urdf/mobile_base.xacro
[0.078s] -- Up-to-date symlink: /root/my_robot_ws_copy/install/my_robot_pkg/share/my_robot_pkg/urdf/mobile_base_gazebo.xacro
[0.078s] -- Up-to-date symlink: /root/my_robot_ws_copy/install/my_robot_pkg/share/my_robot_pkg/urdf/my_robot.urdf
[0.078s] -- Up-to-date symlink: /root/my_robot_ws_copy/install/my_robot_pkg/share/my_robot_pkg/urdf/my_robot.urdf.xacro
[0.078s] -- Up-to-date symlink: /root/my_robot_ws_copy/install/my_robot_pkg/share/my_robot_pkg/rviz/urdf_config.rviz
[0.078s] -- Up-to-date symlink: /root/my_robot_ws_copy/install/my_robot_pkg/share/my_robot_pkg/launch/display.launch.xml
[0.078s] -- Up-to-date symlink: /root/my_robot_ws_copy/install/my_robot_pkg/share/ament_index/resource_index/package_run_dependencies/my_robot_pkg
[0.078s] -- Up-to-date symlink: /root/my_robot_ws_copy/install/my_robot_pkg/share/ament_index/resource_index/parent_prefix_path/my_robot_pkg
[0.079s] -- Up-to-date symlink: /root/my_robot_ws_copy/install/my_robot_pkg/share/my_robot_pkg/environment/ament_prefix_path.sh
[0.079s] -- Up-to-date symlink: /root/my_robot_ws_copy/install/my_robot_pkg/share/my_robot_pkg/environment/ament_prefix_path.dsv
[0.079s] -- Up-to-date symlink: /root/my_robot_ws_copy/install/my_robot_pkg/share/my_robot_pkg/environment/path.sh
[0.079s] -- Up-to-date symlink: /root/my_robot_ws_copy/install/my_robot_pkg/share/my_robot_pkg/environment/path.dsv
[0.079s] -- Up-to-date symlink: /root/my_robot_ws_copy/install/my_robot_pkg/share/my_robot_pkg/local_setup.bash
[0.079s] -- Up-to-date symlink: /root/my_robot_ws_copy/install/my_robot_pkg/share/my_robot_pkg/local_setup.sh
[0.079s] -- Up-to-date symlink: /root/my_robot_ws_copy/install/my_robot_pkg/share/my_robot_pkg/local_setup.zsh
[0.080s] -- Up-to-date symlink: /root/my_robot_ws_copy/install/my_robot_pkg/share/my_robot_pkg/local_setup.dsv
[0.080s] -- Symlinking: /root/my_robot_ws_copy/install/my_robot_pkg/share/my_robot_pkg/package.dsv
[0.086s] -- Up-to-date symlink: /root/my_robot_ws_copy/install/my_robot_pkg/share/ament_index/resource_index/packages/my_robot_pkg
[0.086s] -- Up-to-date symlink: /root/my_robot_ws_copy/install/my_robot_pkg/share/my_robot_pkg/cmake/my_robot_pkgConfig.cmake
[0.086s] -- Up-to-date symlink: /root/my_robot_ws_copy/install/my_robot_pkg/share/my_robot_pkg/cmake/my_robot_pkgConfig-version.cmake
[0.086s] -- Up-to-date symlink: /root/my_robot_ws_copy/install/my_robot_pkg/share/my_robot_pkg/package.xml
[0.088s] Invoked command in '/root/my_robot_ws_copy/build/my_robot_pkg' returned '0': /usr/bin/cmake --install /root/my_robot_ws_copy/build/my_robot_pkg
