[0.643s] Invoking command in '/root/my_robot_ws_copy/src/teleop_twist_keyboard': PYTHONPATH=/root/my_robot_ws_copy/build/teleop_twist_keyboard/prefix_override:/usr/lib/python3/dist-packages/colcon_core/task/python/colcon_distutils_commands:/root/my_robot_ws_copy/install/teleop_twist_keyboard/lib/python3.10/site-packages:${PYTHONPATH} /usr/bin/python3 -W ignore:setup.py install is deprecated -W ignore:easy_install command is deprecated setup.py egg_info --egg-base ../../build/teleop_twist_keyboard build --build-base /root/my_robot_ws_copy/build/teleop_twist_keyboard/build install --record /root/my_robot_ws_copy/build/teleop_twist_keyboard/install.log --single-version-externally-managed install_data
[0.802s] running egg_info
[0.802s] creating ../../build/teleop_twist_keyboard/teleop_twist_keyboard.egg-info
[0.802s] writing ../../build/teleop_twist_keyboard/teleop_twist_keyboard.egg-info/PKG-INFO
[0.803s] writing dependency_links to ../../build/teleop_twist_keyboard/teleop_twist_keyboard.egg-info/dependency_links.txt
[0.803s] writing entry points to ../../build/teleop_twist_keyboard/teleop_twist_keyboard.egg-info/entry_points.txt
[0.803s] writing requirements to ../../build/teleop_twist_keyboard/teleop_twist_keyboard.egg-info/requires.txt
[0.803s] writing top-level names to ../../build/teleop_twist_keyboard/teleop_twist_keyboard.egg-info/top_level.txt
[0.803s] writing manifest file '../../build/teleop_twist_keyboard/teleop_twist_keyboard.egg-info/SOURCES.txt'
[0.804s] reading manifest file '../../build/teleop_twist_keyboard/teleop_twist_keyboard.egg-info/SOURCES.txt'
[0.804s] adding license file 'LICENSE'
[0.804s] writing manifest file '../../build/teleop_twist_keyboard/teleop_twist_keyboard.egg-info/SOURCES.txt'
[0.804s] running build
[0.804s] running build_py
[0.804s] creating /root/my_robot_ws_copy/build/teleop_twist_keyboard/build
[0.805s] creating /root/my_robot_ws_copy/build/teleop_twist_keyboard/build/lib
[0.805s] copying teleop_twist_keyboard.py -> /root/my_robot_ws_copy/build/teleop_twist_keyboard/build/lib
[0.805s] running install
[0.805s] running install_lib
[0.805s] copying /root/my_robot_ws_copy/build/teleop_twist_keyboard/build/lib/teleop_twist_keyboard.py -> /root/my_robot_ws_copy/install/teleop_twist_keyboard/lib/python3.10/site-packages
[0.805s] byte-compiling /root/my_robot_ws_copy/install/teleop_twist_keyboard/lib/python3.10/site-packages/teleop_twist_keyboard.py to teleop_twist_keyboard.cpython-310.pyc
[0.806s] running install_data
[0.806s] creating /root/my_robot_ws_copy/install/teleop_twist_keyboard/share/ament_index
[0.806s] creating /root/my_robot_ws_copy/install/teleop_twist_keyboard/share/ament_index/resource_index
[0.806s] creating /root/my_robot_ws_copy/install/teleop_twist_keyboard/share/ament_index/resource_index/packages
[0.807s] copying resource/teleop_twist_keyboard -> /root/my_robot_ws_copy/install/teleop_twist_keyboard/share/ament_index/resource_index/packages
[0.807s] copying package.xml -> /root/my_robot_ws_copy/install/teleop_twist_keyboard/share/teleop_twist_keyboard
[0.807s] running install_egg_info
[0.808s] Copying ../../build/teleop_twist_keyboard/teleop_twist_keyboard.egg-info to /root/my_robot_ws_copy/install/teleop_twist_keyboard/lib/python3.10/site-packages/teleop_twist_keyboard-2.4.0-py3.10.egg-info
[0.808s] running install_scripts
[0.823s] Installing teleop_twist_keyboard script to /root/my_robot_ws_copy/install/teleop_twist_keyboard/lib/teleop_twist_keyboard
[0.823s] writing list of installed files to '/root/my_robot_ws_copy/build/teleop_twist_keyboard/install.log'
[0.843s] Invoked command in '/root/my_robot_ws_copy/src/teleop_twist_keyboard' returned '0': PYTHONPATH=/root/my_robot_ws_copy/build/teleop_twist_keyboard/prefix_override:/usr/lib/python3/dist-packages/colcon_core/task/python/colcon_distutils_commands:/root/my_robot_ws_copy/install/teleop_twist_keyboard/lib/python3.10/site-packages:${PYTHONPATH} /usr/bin/python3 -W ignore:setup.py install is deprecated -W ignore:easy_install command is deprecated setup.py egg_info --egg-base ../../build/teleop_twist_keyboard build --build-base /root/my_robot_ws_copy/build/teleop_twist_keyboard/build install --record /root/my_robot_ws_copy/build/teleop_twist_keyboard/install.log --single-version-externally-managed install_data
