[0.010s] Invoking command in '/root/my_robot_ws_copy/build/my_robot_bringup': AMENT_PREFIX_PATH=/root/my_robot_ws_copy/install/my_robot_pkg:${AMENT_PREFIX_PATH} CMAKE_PREFIX_PATH=/root/my_robot_ws_copy/install/my_robot_pkg:/root/abood_ws/install/my_custom_interfaces:/root/mobile_robot_ws/install/mobile_robot_description:/root/my_robot_ws/install/my_robot_pkg:/root/my_robot_ws/install/my_robot_bringup:/opt/ros/humble /usr/bin/cmake /root/my_robot_ws_copy/src/my_robot_bringup -DAMENT_CMAKE_SYMLINK_INSTALL=1 -DCMAKE_INSTALL_PREFIX=/root/my_robot_ws_copy/install/my_robot_bringup
[0.022s] -- Found ament_cmake: 1.3.11 (/opt/ros/humble/share/ament_cmake/cmake)
[0.113s] -- Override CMake install command with custom implementation using symlinks instead of copying resources
[0.118s] -- Found ament_lint_auto: 0.12.12 (/opt/ros/humble/share/ament_lint_auto/cmake)
[0.170s] -- Added test 'flake8' to check Python code syntax and style conventions
[0.170s] -- Added test 'lint_cmake' to check CMake code style
[0.170s] -- Added test 'pep257' to check Python code against some of the docstring style conventions in PEP 257
[0.171s] -- Added test 'xmllint' to check XML markup files
[0.171s] -- Configuring done
[0.173s] -- Generating done
[0.174s] -- Build files have been written to: /root/my_robot_ws_copy/build/my_robot_bringup
[0.176s] Invoked command in '/root/my_robot_ws_copy/build/my_robot_bringup' returned '0': AMENT_PREFIX_PATH=/root/my_robot_ws_copy/install/my_robot_pkg:${AMENT_PREFIX_PATH} CMAKE_PREFIX_PATH=/root/my_robot_ws_copy/install/my_robot_pkg:/root/abood_ws/install/my_custom_interfaces:/root/mobile_robot_ws/install/mobile_robot_description:/root/my_robot_ws/install/my_robot_pkg:/root/my_robot_ws/install/my_robot_bringup:/opt/ros/humble /usr/bin/cmake /root/my_robot_ws_copy/src/my_robot_bringup -DAMENT_CMAKE_SYMLINK_INSTALL=1 -DCMAKE_INSTALL_PREFIX=/root/my_robot_ws_copy/install/my_robot_bringup
[0.177s] Invoking command in '/root/my_robot_ws_copy/build/my_robot_bringup': AMENT_PREFIX_PATH=/root/my_robot_ws_copy/install/my_robot_pkg:${AMENT_PREFIX_PATH} CMAKE_PREFIX_PATH=/root/my_robot_ws_copy/install/my_robot_pkg:/root/abood_ws/install/my_custom_interfaces:/root/mobile_robot_ws/install/mobile_robot_description:/root/my_robot_ws/install/my_robot_pkg:/root/my_robot_ws/install/my_robot_bringup:/opt/ros/humble /usr/bin/cmake --build /root/my_robot_ws_copy/build/my_robot_bringup -- -j12 -l12
[0.213s] Invoked command in '/root/my_robot_ws_copy/build/my_robot_bringup' returned '0': AMENT_PREFIX_PATH=/root/my_robot_ws_copy/install/my_robot_pkg:${AMENT_PREFIX_PATH} CMAKE_PREFIX_PATH=/root/my_robot_ws_copy/install/my_robot_pkg:/root/abood_ws/install/my_custom_interfaces:/root/mobile_robot_ws/install/mobile_robot_description:/root/my_robot_ws/install/my_robot_pkg:/root/my_robot_ws/install/my_robot_bringup:/opt/ros/humble /usr/bin/cmake --build /root/my_robot_ws_copy/build/my_robot_bringup -- -j12 -l12
[0.214s] Invoking command in '/root/my_robot_ws_copy/build/my_robot_bringup': AMENT_PREFIX_PATH=/root/my_robot_ws_copy/install/my_robot_pkg:${AMENT_PREFIX_PATH} CMAKE_PREFIX_PATH=/root/my_robot_ws_copy/install/my_robot_pkg:/root/abood_ws/install/my_custom_interfaces:/root/mobile_robot_ws/install/mobile_robot_description:/root/my_robot_ws/install/my_robot_pkg:/root/my_robot_ws/install/my_robot_bringup:/opt/ros/humble /usr/bin/cmake --install /root/my_robot_ws_copy/build/my_robot_bringup
[0.220s] -- Install configuration: ""
[0.220s] -- Execute custom install script
[0.220s] -- Up-to-date symlink: /root/my_robot_ws_copy/install/my_robot_bringup/share/my_robot_bringup/launch/my_robot.launch.xml
[0.220s] -- Up-to-date symlink: /root/my_robot_ws_copy/install/my_robot_bringup/share/my_robot_bringup/config/gazebo_bridge.yaml
[0.220s] -- Up-to-date symlink: /root/my_robot_ws_copy/install/my_robot_bringup/share/my_robot_bringup/config/my_robot_controllers.yaml
[0.221s] -- Up-to-date symlink: /root/my_robot_ws_copy/install/my_robot_bringup/lib/my_robot_bringup/cmd_vel_publisher.py
[0.221s] -- Up-to-date symlink: /root/my_robot_ws_copy/install/my_robot_bringup/share/ament_index/resource_index/package_run_dependencies/my_robot_bringup
[0.221s] -- Up-to-date symlink: /root/my_robot_ws_copy/install/my_robot_bringup/share/ament_index/resource_index/parent_prefix_path/my_robot_bringup
[0.221s] -- Up-to-date symlink: /root/my_robot_ws_copy/install/my_robot_bringup/share/my_robot_bringup/environment/ament_prefix_path.sh
[0.221s] -- Up-to-date symlink: /root/my_robot_ws_copy/install/my_robot_bringup/share/my_robot_bringup/environment/ament_prefix_path.dsv
[0.221s] -- Up-to-date symlink: /root/my_robot_ws_copy/install/my_robot_bringup/share/my_robot_bringup/environment/path.sh
[0.221s] -- Up-to-date symlink: /root/my_robot_ws_copy/install/my_robot_bringup/share/my_robot_bringup/environment/path.dsv
[0.221s] -- Up-to-date symlink: /root/my_robot_ws_copy/install/my_robot_bringup/share/my_robot_bringup/local_setup.bash
[0.221s] -- Up-to-date symlink: /root/my_robot_ws_copy/install/my_robot_bringup/share/my_robot_bringup/local_setup.sh
[0.221s] -- Up-to-date symlink: /root/my_robot_ws_copy/install/my_robot_bringup/share/my_robot_bringup/local_setup.zsh
[0.221s] -- Up-to-date symlink: /root/my_robot_ws_copy/install/my_robot_bringup/share/my_robot_bringup/local_setup.dsv
[0.221s] -- Symlinking: /root/my_robot_ws_copy/install/my_robot_bringup/share/my_robot_bringup/package.dsv
[0.232s] -- Up-to-date symlink: /root/my_robot_ws_copy/install/my_robot_bringup/share/ament_index/resource_index/packages/my_robot_bringup
[0.232s] -- Up-to-date symlink: /root/my_robot_ws_copy/install/my_robot_bringup/share/my_robot_bringup/cmake/my_robot_bringupConfig.cmake
[0.232s] -- Up-to-date symlink: /root/my_robot_ws_copy/install/my_robot_bringup/share/my_robot_bringup/cmake/my_robot_bringupConfig-version.cmake
[0.232s] -- Up-to-date symlink: /root/my_robot_ws_copy/install/my_robot_bringup/share/my_robot_bringup/package.xml
[0.234s] Invoked command in '/root/my_robot_ws_copy/build/my_robot_bringup' returned '0': AMENT_PREFIX_PATH=/root/my_robot_ws_copy/install/my_robot_pkg:${AMENT_PREFIX_PATH} CMAKE_PREFIX_PATH=/root/my_robot_ws_copy/install/my_robot_pkg:/root/abood_ws/install/my_custom_interfaces:/root/mobile_robot_ws/install/mobile_robot_description:/root/my_robot_ws/install/my_robot_pkg:/root/my_robot_ws/install/my_robot_bringup:/opt/ros/humble /usr/bin/cmake --install /root/my_robot_ws_copy/build/my_robot_bringup
